\BOOKMARK [0][-]{chapter.1}{\376\377\0001\000\040\000M\000o\000d\000u\000l\000e\000s\000\040\000I\000n\000d\000e\000x}{}% 1
\BOOKMARK [1][-]{section.1.1}{\376\377\0001\000.\0001\000\040\000M\000o\000d\000u\000l\000e\000s\000\040\000L\000i\000s\000t}{chapter.1}% 2
\BOOKMARK [0][-]{chapter.2}{\376\377\0002\000\040\000D\000a\000t\000a\000\040\000T\000y\000p\000e\000\040\000I\000n\000d\000e\000x}{}% 3
\BOOKMARK [1][-]{section.2.1}{\376\377\0002\000.\0001\000\040\000D\000a\000t\000a\000\040\000T\000y\000p\000e\000s\000\040\000L\000i\000s\000t}{chapter.2}% 4
\BOOKMARK [0][-]{chapter.3}{\376\377\0003\000\040\000M\000o\000d\000u\000l\000e\000\040\000D\000o\000c\000u\000m\000e\000n\000t\000a\000t\000i\000o\000n}{}% 5
\BOOKMARK [1][-]{section.3.1}{\376\377\0003\000.\0001\000\040\000m\000u\000l\000t\000i\000\137\000m\000a\000c\000h\000i\000n\000e\000\137\000l\000e\000a\000r\000n\000i\000n\000g\000\040\000M\000o\000d\000u\000l\000e\000\040\000R\000e\000f\000e\000r\000e\000n\000c\000e}{chapter.3}% 6
\BOOKMARK [2][-]{subsection.3.1.1}{\376\377\0003\000.\0001\000.\0001\000\040\000D\000e\000t\000a\000i\000l\000e\000d\000\040\000D\000e\000s\000c\000r\000i\000p\000t\000i\000o\000n}{section.3.1}% 7
\BOOKMARK [2][-]{subsection.3.1.2}{\376\377\0003\000.\0001\000.\0002\000\040\000F\000u\000n\000c\000t\000i\000o\000n\000/\000S\000u\000b\000r\000o\000u\000t\000i\000n\000e\000\040\000D\000o\000c\000u\000m\000e\000n\000t\000a\000t\000i\000o\000n}{section.3.1}% 8
\BOOKMARK [3][-]{subsubsection.3.1.2.1}{\376\377\0003\000.\0001\000.\0002\000.\0001\000\040\000t\000e\000s\000t\000\137\000x\000g\000b\000o\000o\000s\000t\000\050\000\051}{subsection.3.1.2}% 9
\BOOKMARK [3][-]{subsubsection.3.1.2.2}{\376\377\0003\000.\0001\000.\0002\000.\0002\000\040\000x\000g\000b\000o\000o\000s\000t\000\137\000f\000r\000e\000e\000\137\000m\000o\000d\000e\000l\000\050\000\051}{subsection.3.1.2}% 10
\BOOKMARK [3][-]{subsubsection.3.1.2.3}{\376\377\0003\000.\0001\000.\0002\000.\0003\000\040\000x\000g\000b\000o\000o\000s\000t\000\137\000l\000o\000a\000d\000\137\000m\000o\000d\000e\000l\000\050\000\051}{subsection.3.1.2}% 11
\BOOKMARK [3][-]{subsubsection.3.1.2.4}{\376\377\0003\000.\0001\000.\0002\000.\0004\000\040\000x\000g\000b\000o\000o\000s\000t\000\137\000p\000r\000e\000d\000i\000c\000t\000\050\000\051}{subsection.3.1.2}% 12
\BOOKMARK [1][-]{section.3.2}{\376\377\0003\000.\0002\000\040\000m\000u\000l\000t\000i\000p\000h\000a\000s\000e\000\137\000t\000i\000m\000e\000\137\000l\000o\000o\000p\000\040\000M\000o\000d\000u\000l\000e\000\040\000R\000e\000f\000e\000r\000e\000n\000c\000e}{chapter.3}% 13
\BOOKMARK [2][-]{subsection.3.2.1}{\376\377\0003\000.\0002\000.\0001\000\040\000D\000e\000t\000a\000i\000l\000e\000d\000\040\000D\000e\000s\000c\000r\000i\000p\000t\000i\000o\000n}{section.3.2}% 14
\BOOKMARK [2][-]{subsection.3.2.2}{\376\377\0003\000.\0002\000.\0002\000\040\000F\000u\000n\000c\000t\000i\000o\000n\000/\000S\000u\000b\000r\000o\000u\000t\000i\000n\000e\000\040\000D\000o\000c\000u\000m\000e\000n\000t\000a\000t\000i\000o\000n}{section.3.2}% 15
\BOOKMARK [3][-]{subsubsection.3.2.2.1}{\376\377\0003\000.\0002\000.\0002\000.\0001\000\040\000m\000u\000l\000t\000i\000f\000l\000u\000i\000d\000s\000\137\000s\000o\000l\000v\000e\000t\000i\000m\000e\000l\000o\000o\000p\000\050\000\051}{subsection.3.2.2}% 16
\BOOKMARK [1][-]{section.3.3}{\376\377\0003\000.\0003\000\040\000p\000h\000r\000e\000e\000q\000c\000r\000m\000\040\000M\000o\000d\000u\000l\000e\000\040\000R\000e\000f\000e\000r\000e\000n\000c\000e}{chapter.3}% 17
\BOOKMARK [2][-]{subsection.3.3.1}{\376\377\0003\000.\0003\000.\0001\000\040\000D\000e\000t\000a\000i\000l\000e\000d\000\040\000D\000e\000s\000c\000r\000i\000p\000t\000i\000o\000n}{section.3.3}% 18
\BOOKMARK [2][-]{subsection.3.3.2}{\376\377\0003\000.\0003\000.\0002\000\040\000F\000u\000n\000c\000t\000i\000o\000n\000/\000S\000u\000b\000r\000o\000u\000t\000i\000n\000e\000\040\000D\000o\000c\000u\000m\000e\000n\000t\000a\000t\000i\000o\000n}{section.3.3}% 19
\BOOKMARK [3][-]{subsubsection.3.3.2.1}{\376\377\0003\000.\0003\000.\0002\000.\0001\000\040\000r\000m\000\137\000a\000b\000o\000r\000t\000\050\000\051}{subsection.3.3.2}% 20
\BOOKMARK [3][-]{subsubsection.3.3.2.2}{\376\377\0003\000.\0003\000.\0002\000.\0002\000\040\000r\000m\000\137\000c\000l\000o\000s\000e\000f\000i\000l\000e\000s\000\050\000\051}{subsection.3.3.2}% 21
\BOOKMARK [3][-]{subsubsection.3.3.2.3}{\376\377\0003\000.\0003\000.\0002\000.\0003\000\040\000r\000m\000\137\000c\000o\000n\000c\000e\000n\000t\000r\000a\000t\000i\000o\000n\000s\0002\000u\000t\000i\000l\000i\000t\000y\000\050\000\051}{subsection.3.3.2}% 22
\BOOKMARK [3][-]{subsubsection.3.3.2.4}{\376\377\0003\000.\0003\000.\0002\000.\0004\000\040\000r\000m\000\137\000c\000r\000e\000a\000t\000e\000\050\000\051}{subsection.3.3.2}% 23
\BOOKMARK [3][-]{subsubsection.3.3.2.5}{\376\377\0003\000.\0003\000.\0002\000.\0005\000\040\000r\000m\000\137\000c\000r\000e\000a\000t\000e\000m\000a\000p\000p\000i\000n\000g\000\050\000\051}{subsection.3.3.2}% 24
\BOOKMARK [3][-]{subsubsection.3.3.2.6}{\376\377\0003\000.\0003\000.\0002\000.\0006\000\040\000r\000m\000\137\000d\000e\000c\000o\000d\000e\000e\000r\000r\000o\000r\000\050\000\051}{subsection.3.3.2}% 25
\BOOKMARK [3][-]{subsubsection.3.3.2.7}{\376\377\0003\000.\0003\000.\0002\000.\0007\000\040\000r\000m\000\137\000d\000e\000s\000t\000r\000o\000y\000\050\000\051}{subsection.3.3.2}% 26
\BOOKMARK [3][-]{subsubsection.3.3.2.8}{\376\377\0003\000.\0003\000.\0002\000.\0008\000\040\000r\000m\000\137\000d\000u\000m\000p\000m\000o\000d\000u\000l\000e\000\050\000\051}{subsection.3.3.2}% 27
\BOOKMARK [3][-]{subsubsection.3.3.2.9}{\376\377\0003\000.\0003\000.\0002\000.\0009\000\040\000r\000m\000\137\000e\000r\000r\000o\000r\000m\000e\000s\000s\000a\000g\000e\000\050\000\051}{subsection.3.3.2}% 28
\BOOKMARK [3][-]{subsubsection.3.3.2.10}{\376\377\0003\000.\0003\000.\0002\000.\0001\0000\000\040\000r\000m\000\137\000f\000i\000n\000d\000c\000o\000m\000p\000o\000n\000e\000n\000t\000s\000\050\000\051}{subsection.3.3.2}% 29
\BOOKMARK [3][-]{subsubsection.3.3.2.11}{\376\377\0003\000.\0003\000.\0002\000.\0001\0001\000\040\000r\000m\000\137\000g\000e\000t\000b\000a\000c\000k\000w\000a\000r\000d\000m\000a\000p\000p\000i\000n\000g\000\050\000\051}{subsection.3.3.2}% 30
\BOOKMARK [3][-]{subsubsection.3.3.2.12}{\376\377\0003\000.\0003\000.\0002\000.\0001\0002\000\040\000r\000m\000\137\000g\000e\000t\000c\000h\000e\000m\000i\000s\000t\000r\000y\000c\000e\000l\000l\000c\000o\000u\000n\000t\000\050\000\051}{subsection.3.3.2}% 31
\BOOKMARK [3][-]{subsubsection.3.3.2.13}{\376\377\0003\000.\0003\000.\0002\000.\0001\0003\000\040\000r\000m\000\137\000g\000e\000t\000c\000o\000m\000p\000o\000n\000e\000n\000t\000\050\000\051}{subsection.3.3.2}% 32
\BOOKMARK [3][-]{subsubsection.3.3.2.14}{\376\377\0003\000.\0003\000.\0002\000.\0001\0004\000\040\000r\000m\000\137\000g\000e\000t\000c\000o\000m\000p\000o\000n\000e\000n\000t\000c\000o\000u\000n\000t\000\050\000\051}{subsection.3.3.2}% 33
\BOOKMARK [3][-]{subsubsection.3.3.2.15}{\376\377\0003\000.\0003\000.\0002\000.\0001\0005\000\040\000r\000m\000\137\000g\000e\000t\000c\000o\000n\000c\000e\000n\000t\000r\000a\000t\000i\000o\000n\000s\000\050\000\051}{subsection.3.3.2}% 34
\BOOKMARK [3][-]{subsubsection.3.3.2.16}{\376\377\0003\000.\0003\000.\0002\000.\0001\0006\000\040\000r\000m\000\137\000g\000e\000t\000d\000e\000n\000s\000i\000t\000y\000\050\000\051}{subsection.3.3.2}% 35
\BOOKMARK [3][-]{subsubsection.3.3.2.17}{\376\377\0003\000.\0003\000.\0002\000.\0001\0007\000\040\000r\000m\000\137\000g\000e\000t\000e\000n\000d\000c\000e\000l\000l\000\050\000\051}{subsection.3.3.2}% 36
\BOOKMARK [3][-]{subsubsection.3.3.2.18}{\376\377\0003\000.\0003\000.\0002\000.\0001\0008\000\040\000r\000m\000\137\000g\000e\000t\000e\000q\000u\000i\000l\000i\000b\000r\000i\000u\000m\000p\000h\000a\000s\000e\000s\000c\000o\000u\000n\000t\000\050\000\051}{subsection.3.3.2}% 37
\BOOKMARK [3][-]{subsubsection.3.3.2.19}{\376\377\0003\000.\0003\000.\0002\000.\0001\0009\000\040\000r\000m\000\137\000g\000e\000t\000e\000q\000u\000i\000l\000i\000b\000r\000i\000u\000m\000p\000h\000a\000s\000e\000s\000n\000a\000m\000e\000\050\000\051}{subsection.3.3.2}% 38
\BOOKMARK [3][-]{subsubsection.3.3.2.20}{\376\377\0003\000.\0003\000.\0002\000.\0002\0000\000\040\000r\000m\000\137\000g\000e\000t\000e\000r\000r\000o\000r\000s\000t\000r\000i\000n\000g\000\050\000\051}{subsection.3.3.2}% 39
\BOOKMARK [3][-]{subsubsection.3.3.2.21}{\376\377\0003\000.\0003\000.\0002\000.\0002\0001\000\040\000r\000m\000\137\000g\000e\000t\000e\000r\000r\000o\000r\000s\000t\000r\000i\000n\000g\000l\000e\000n\000g\000t\000h\000\050\000\051}{subsection.3.3.2}% 40
\BOOKMARK [3][-]{subsubsection.3.3.2.22}{\376\377\0003\000.\0003\000.\0002\000.\0002\0002\000\040\000r\000m\000\137\000g\000e\000t\000e\000x\000c\000h\000a\000n\000g\000e\000n\000a\000m\000e\000\050\000\051}{subsection.3.3.2}% 41
\BOOKMARK [3][-]{subsubsection.3.3.2.23}{\376\377\0003\000.\0003\000.\0002\000.\0002\0003\000\040\000r\000m\000\137\000g\000e\000t\000e\000x\000c\000h\000a\000n\000g\000e\000s\000p\000e\000c\000i\000e\000s\000c\000o\000u\000n\000t\000\050\000\051}{subsection.3.3.2}% 42
\BOOKMARK [3][-]{subsubsection.3.3.2.24}{\376\377\0003\000.\0003\000.\0002\000.\0002\0004\000\040\000r\000m\000\137\000g\000e\000t\000e\000x\000c\000h\000a\000n\000g\000e\000s\000p\000e\000c\000i\000e\000s\000n\000a\000m\000e\000\050\000\051}{subsection.3.3.2}% 43
\BOOKMARK [3][-]{subsubsection.3.3.2.25}{\376\377\0003\000.\0003\000.\0002\000.\0002\0005\000\040\000r\000m\000\137\000g\000e\000t\000f\000i\000l\000e\000p\000r\000e\000f\000i\000x\000\050\000\051}{subsection.3.3.2}% 44
\BOOKMARK [3][-]{subsubsection.3.3.2.26}{\376\377\0003\000.\0003\000.\0002\000.\0002\0006\000\040\000r\000m\000\137\000g\000e\000t\000g\000a\000s\000c\000o\000m\000p\000m\000o\000l\000e\000s\000\050\000\051}{subsection.3.3.2}% 45
\BOOKMARK [3][-]{subsubsection.3.3.2.27}{\376\377\0003\000.\0003\000.\0002\000.\0002\0007\000\040\000r\000m\000\137\000g\000e\000t\000g\000a\000s\000c\000o\000m\000p\000o\000n\000e\000n\000t\000s\000c\000o\000u\000n\000t\000\050\000\051}{subsection.3.3.2}% 46
\BOOKMARK [3][-]{subsubsection.3.3.2.28}{\376\377\0003\000.\0003\000.\0002\000.\0002\0008\000\040\000r\000m\000\137\000g\000e\000t\000g\000a\000s\000c\000o\000m\000p\000o\000n\000e\000n\000t\000s\000n\000a\000m\000e\000\050\000\051}{subsection.3.3.2}% 47
\BOOKMARK [3][-]{subsubsection.3.3.2.29}{\376\377\0003\000.\0003\000.\0002\000.\0002\0009\000\040\000r\000m\000\137\000g\000e\000t\000g\000a\000s\000c\000o\000m\000p\000p\000h\000i\000\050\000\051}{subsection.3.3.2}% 48
\BOOKMARK [3][-]{subsubsection.3.3.2.30}{\376\377\0003\000.\0003\000.\0002\000.\0003\0000\000\040\000r\000m\000\137\000g\000e\000t\000g\000a\000s\000c\000o\000m\000p\000p\000r\000e\000s\000s\000u\000r\000e\000s\000\050\000\051}{subsection.3.3.2}% 49
\BOOKMARK [3][-]{subsubsection.3.3.2.31}{\376\377\0003\000.\0003\000.\0002\000.\0003\0001\000\040\000r\000m\000\137\000g\000e\000t\000g\000a\000s\000p\000h\000a\000s\000e\000v\000o\000l\000u\000m\000e\000\050\000\051}{subsection.3.3.2}% 50
\BOOKMARK [3][-]{subsubsection.3.3.2.32}{\376\377\0003\000.\0003\000.\0002\000.\0003\0002\000\040\000r\000m\000\137\000g\000e\000t\000g\000f\000w\000\050\000\051}{subsection.3.3.2}% 51
\BOOKMARK [3][-]{subsubsection.3.3.2.33}{\376\377\0003\000.\0003\000.\0002\000.\0003\0003\000\040\000r\000m\000\137\000g\000e\000t\000g\000r\000i\000d\000c\000e\000l\000l\000c\000o\000u\000n\000t\000\050\000\051}{subsection.3.3.2}% 52
\BOOKMARK [3][-]{subsubsection.3.3.2.34}{\376\377\0003\000.\0003\000.\0002\000.\0003\0004\000\040\000r\000m\000\137\000g\000e\000t\000i\000p\000h\000r\000e\000e\000q\000c\000i\000d\000\050\000\051}{subsection.3.3.2}% 53
\BOOKMARK [3][-]{subsubsection.3.3.2.35}{\376\377\0003\000.\0003\000.\0002\000.\0003\0005\000\040\000r\000m\000\137\000g\000e\000t\000k\000i\000n\000e\000t\000i\000c\000r\000e\000a\000c\000t\000i\000o\000n\000s\000c\000o\000u\000n\000t\000\050\000\051}{subsection.3.3.2}% 54
\BOOKMARK [3][-]{subsubsection.3.3.2.36}{\376\377\0003\000.\0003\000.\0002\000.\0003\0006\000\040\000r\000m\000\137\000g\000e\000t\000k\000i\000n\000e\000t\000i\000c\000r\000e\000a\000c\000t\000i\000o\000n\000s\000n\000a\000m\000e\000\050\000\051}{subsection.3.3.2}% 55
\BOOKMARK [3][-]{subsubsection.3.3.2.37}{\376\377\0003\000.\0003\000.\0002\000.\0003\0007\000\040\000r\000m\000\137\000g\000e\000t\000m\000p\000i\000m\000y\000s\000e\000l\000f\000\050\000\051}{subsection.3.3.2}% 56
\BOOKMARK [3][-]{subsubsection.3.3.2.38}{\376\377\0003\000.\0003\000.\0002\000.\0003\0008\000\040\000r\000m\000\137\000g\000e\000t\000m\000p\000i\000t\000a\000s\000k\000s\000\050\000\051}{subsection.3.3.2}% 57
\BOOKMARK [3][-]{subsubsection.3.3.2.39}{\376\377\0003\000.\0003\000.\0002\000.\0003\0009\000\040\000r\000m\000\137\000g\000e\000t\000n\000t\000h\000s\000e\000l\000e\000c\000t\000e\000d\000o\000u\000t\000p\000u\000t\000u\000s\000e\000r\000n\000u\000m\000b\000e\000r\000\050\000\051}{subsection.3.3.2}% 58
\BOOKMARK [3][-]{subsubsection.3.3.2.40}{\376\377\0003\000.\0003\000.\0002\000.\0004\0000\000\040\000r\000m\000\137\000g\000e\000t\000s\000a\000t\000u\000r\000a\000t\000i\000o\000n\000\050\000\051}{subsection.3.3.2}% 59
\BOOKMARK [3][-]{subsubsection.3.3.2.41}{\376\377\0003\000.\0003\000.\0002\000.\0004\0001\000\040\000r\000m\000\137\000g\000e\000t\000s\000e\000l\000e\000c\000t\000e\000d\000o\000u\000t\000p\000u\000t\000\050\000\051}{subsection.3.3.2}% 60
\BOOKMARK [3][-]{subsubsection.3.3.2.42}{\376\377\0003\000.\0003\000.\0002\000.\0004\0002\000\040\000r\000m\000\137\000g\000e\000t\000s\000e\000l\000e\000c\000t\000e\000d\000o\000u\000t\000p\000u\000t\000c\000o\000l\000u\000m\000n\000c\000o\000u\000n\000t\000\050\000\051}{subsection.3.3.2}% 61
\BOOKMARK [3][-]{subsubsection.3.3.2.43}{\376\377\0003\000.\0003\000.\0002\000.\0004\0003\000\040\000r\000m\000\137\000g\000e\000t\000s\000e\000l\000e\000c\000t\000e\000d\000o\000u\000t\000p\000u\000t\000c\000o\000u\000n\000t\000\050\000\051}{subsection.3.3.2}% 62
\BOOKMARK [3][-]{subsubsection.3.3.2.44}{\376\377\0003\000.\0003\000.\0002\000.\0004\0004\000\040\000r\000m\000\137\000g\000e\000t\000s\000e\000l\000e\000c\000t\000e\000d\000o\000u\000t\000p\000u\000t\000h\000e\000a\000d\000i\000n\000g\000\050\000\051}{subsection.3.3.2}% 63
\BOOKMARK [3][-]{subsubsection.3.3.2.45}{\376\377\0003\000.\0003\000.\0002\000.\0004\0005\000\040\000r\000m\000\137\000g\000e\000t\000s\000e\000l\000e\000c\000t\000e\000d\000o\000u\000t\000p\000u\000t\000r\000o\000w\000c\000o\000u\000n\000t\000\050\000\051}{subsection.3.3.2}% 64
\BOOKMARK [3][-]{subsubsection.3.3.2.46}{\376\377\0003\000.\0003\000.\0002\000.\0004\0006\000\040\000r\000m\000\137\000g\000e\000t\000s\000i\000c\000o\000u\000n\000t\000\050\000\051}{subsection.3.3.2}% 65
\BOOKMARK [3][-]{subsubsection.3.3.2.47}{\376\377\0003\000.\0003\000.\0002\000.\0004\0007\000\040\000r\000m\000\137\000g\000e\000t\000s\000i\000n\000a\000m\000e\000\050\000\051}{subsection.3.3.2}% 66
\BOOKMARK [3][-]{subsubsection.3.3.2.48}{\376\377\0003\000.\0003\000.\0002\000.\0004\0008\000\040\000r\000m\000\137\000g\000e\000t\000s\000o\000l\000i\000d\000s\000o\000l\000u\000t\000i\000o\000n\000c\000o\000m\000p\000o\000n\000e\000n\000t\000s\000c\000o\000u\000n\000t\000\050\000\051}{subsection.3.3.2}% 67
\BOOKMARK [3][-]{subsubsection.3.3.2.49}{\376\377\0003\000.\0003\000.\0002\000.\0004\0009\000\040\000r\000m\000\137\000g\000e\000t\000s\000o\000l\000i\000d\000s\000o\000l\000u\000t\000i\000o\000n\000c\000o\000m\000p\000o\000n\000e\000n\000t\000s\000n\000a\000m\000e\000\050\000\051}{subsection.3.3.2}% 68
\BOOKMARK [3][-]{subsubsection.3.3.2.50}{\376\377\0003\000.\0003\000.\0002\000.\0005\0000\000\040\000r\000m\000\137\000g\000e\000t\000s\000o\000l\000i\000d\000s\000o\000l\000u\000t\000i\000o\000n\000n\000a\000m\000e\000\050\000\051}{subsection.3.3.2}% 69
\BOOKMARK [3][-]{subsubsection.3.3.2.51}{\376\377\0003\000.\0003\000.\0002\000.\0005\0001\000\040\000r\000m\000\137\000g\000e\000t\000s\000o\000l\000u\000t\000i\000o\000n\000v\000o\000l\000u\000m\000e\000\050\000\051}{subsection.3.3.2}% 70
\BOOKMARK [3][-]{subsubsection.3.3.2.52}{\376\377\0003\000.\0003\000.\0002\000.\0005\0002\000\040\000r\000m\000\137\000g\000e\000t\000s\000p\000e\000c\000i\000e\000s\000c\000o\000n\000c\000e\000n\000t\000r\000a\000t\000i\000o\000n\000s\000\050\000\051}{subsection.3.3.2}% 71
\BOOKMARK [3][-]{subsubsection.3.3.2.53}{\376\377\0003\000.\0003\000.\0002\000.\0005\0003\000\040\000r\000m\000\137\000g\000e\000t\000s\000p\000e\000c\000i\000e\000s\000c\000o\000u\000n\000t\000\050\000\051}{subsection.3.3.2}% 72
\BOOKMARK [3][-]{subsubsection.3.3.2.54}{\376\377\0003\000.\0003\000.\0002\000.\0005\0004\000\040\000r\000m\000\137\000g\000e\000t\000s\000p\000e\000c\000i\000e\000s\000d\0002\0005\000\050\000\051}{subsection.3.3.2}% 73
\BOOKMARK [3][-]{subsubsection.3.3.2.55}{\376\377\0003\000.\0003\000.\0002\000.\0005\0005\000\040\000r\000m\000\137\000g\000e\000t\000s\000p\000e\000c\000i\000e\000s\000l\000o\000g\0001\0000\000g\000a\000m\000m\000a\000s\000\050\000\051}{subsection.3.3.2}% 74
\BOOKMARK [3][-]{subsubsection.3.3.2.56}{\376\377\0003\000.\0003\000.\0002\000.\0005\0006\000\040\000r\000m\000\137\000g\000e\000t\000s\000p\000e\000c\000i\000e\000s\000l\000o\000g\0001\0000\000m\000o\000l\000a\000l\000i\000t\000i\000e\000s\000\050\000\051}{subsection.3.3.2}% 75
\BOOKMARK [3][-]{subsubsection.3.3.2.57}{\376\377\0003\000.\0003\000.\0002\000.\0005\0007\000\040\000r\000m\000\137\000g\000e\000t\000s\000p\000e\000c\000i\000e\000s\000n\000a\000m\000e\000\050\000\051}{subsection.3.3.2}% 76
\BOOKMARK [3][-]{subsubsection.3.3.2.58}{\376\377\0003\000.\0003\000.\0002\000.\0005\0008\000\040\000r\000m\000\137\000g\000e\000t\000s\000p\000e\000c\000i\000e\000s\000s\000a\000v\000e\000o\000n\000\050\000\051}{subsection.3.3.2}% 77
\BOOKMARK [3][-]{subsubsection.3.3.2.59}{\376\377\0003\000.\0003\000.\0002\000.\0005\0009\000\040\000r\000m\000\137\000g\000e\000t\000s\000p\000e\000c\000i\000e\000s\000z\000\050\000\051}{subsection.3.3.2}% 78
\BOOKMARK [3][-]{subsubsection.3.3.2.60}{\376\377\0003\000.\0003\000.\0002\000.\0006\0000\000\040\000r\000m\000\137\000g\000e\000t\000s\000t\000a\000r\000t\000c\000e\000l\000l\000\050\000\051}{subsection.3.3.2}% 79
\BOOKMARK [3][-]{subsubsection.3.3.2.61}{\376\377\0003\000.\0003\000.\0002\000.\0006\0001\000\040\000r\000m\000\137\000g\000e\000t\000s\000u\000r\000f\000a\000c\000e\000n\000a\000m\000e\000\050\000\051}{subsection.3.3.2}% 80
\BOOKMARK [3][-]{subsubsection.3.3.2.62}{\376\377\0003\000.\0003\000.\0002\000.\0006\0002\000\040\000r\000m\000\137\000g\000e\000t\000s\000u\000r\000f\000a\000c\000e\000s\000p\000e\000c\000i\000e\000s\000c\000o\000u\000n\000t\000\050\000\051}{subsection.3.3.2}% 81
\BOOKMARK [3][-]{subsubsection.3.3.2.63}{\376\377\0003\000.\0003\000.\0002\000.\0006\0003\000\040\000r\000m\000\137\000g\000e\000t\000s\000u\000r\000f\000a\000c\000e\000s\000p\000e\000c\000i\000e\000s\000n\000a\000m\000e\000\050\000\051}{subsection.3.3.2}% 82
\BOOKMARK [3][-]{subsubsection.3.3.2.64}{\376\377\0003\000.\0003\000.\0002\000.\0006\0004\000\040\000r\000m\000\137\000g\000e\000t\000s\000u\000r\000f\000a\000c\000e\000t\000y\000p\000e\000\050\000\051}{subsection.3.3.2}% 83
\BOOKMARK [3][-]{subsubsection.3.3.2.65}{\376\377\0003\000.\0003\000.\0002\000.\0006\0005\000\040\000r\000m\000\137\000g\000e\000t\000t\000h\000r\000e\000a\000d\000c\000o\000u\000n\000t\000\050\000\051}{subsection.3.3.2}% 84
\BOOKMARK [3][-]{subsubsection.3.3.2.66}{\376\377\0003\000.\0003\000.\0002\000.\0006\0006\000\040\000r\000m\000\137\000g\000e\000t\000t\000i\000m\000e\000\050\000\051}{subsection.3.3.2}% 85
\BOOKMARK [3][-]{subsubsection.3.3.2.67}{\376\377\0003\000.\0003\000.\0002\000.\0006\0007\000\040\000r\000m\000\137\000g\000e\000t\000t\000i\000m\000e\000c\000o\000n\000v\000e\000r\000s\000i\000o\000n\000\050\000\051}{subsection.3.3.2}% 86
\BOOKMARK [3][-]{subsubsection.3.3.2.68}{\376\377\0003\000.\0003\000.\0002\000.\0006\0008\000\040\000r\000m\000\137\000g\000e\000t\000t\000i\000m\000e\000s\000t\000e\000p\000\050\000\051}{subsection.3.3.2}% 87
\BOOKMARK [3][-]{subsubsection.3.3.2.69}{\376\377\0003\000.\0003\000.\0002\000.\0006\0009\000\040\000r\000m\000\137\000i\000n\000i\000t\000i\000a\000l\000p\000h\000r\000e\000e\000q\000c\0002\000c\000o\000n\000c\000e\000n\000t\000r\000a\000t\000i\000o\000n\000s\000\050\000\051}{subsection.3.3.2}% 88
\BOOKMARK [3][-]{subsubsection.3.3.2.70}{\376\377\0003\000.\0003\000.\0002\000.\0007\0000\000\040\000r\000m\000\137\000i\000n\000i\000t\000i\000a\000l\000p\000h\000r\000e\000e\000q\000c\0002\000m\000o\000d\000u\000l\000e\000\050\000\051}{subsection.3.3.2}% 89
\BOOKMARK [3][-]{subsubsection.3.3.2.71}{\376\377\0003\000.\0003\000.\0002\000.\0007\0001\000\040\000r\000m\000\137\000i\000n\000i\000t\000i\000a\000l\000p\000h\000r\000e\000e\000q\000c\0002\000s\000p\000e\000c\000i\000e\000s\000c\000o\000n\000c\000e\000n\000t\000r\000a\000t\000i\000o\000n\000s\000\050\000\051}{subsection.3.3.2}% 90
\BOOKMARK [3][-]{subsubsection.3.3.2.72}{\376\377\0003\000.\0003\000.\0002\000.\0007\0002\000\040\000r\000m\000\137\000i\000n\000i\000t\000i\000a\000l\000p\000h\000r\000e\000e\000q\000c\000c\000e\000l\000l\0002\000m\000o\000d\000u\000l\000e\000\050\000\051}{subsection.3.3.2}% 91
\BOOKMARK [3][-]{subsubsection.3.3.2.73}{\376\377\0003\000.\0003\000.\0002\000.\0007\0003\000\040\000r\000m\000\137\000l\000o\000a\000d\000d\000a\000t\000a\000b\000a\000s\000e\000\050\000\051}{subsection.3.3.2}% 92
\BOOKMARK [3][-]{subsubsection.3.3.2.74}{\376\377\0003\000.\0003\000.\0002\000.\0007\0004\000\040\000r\000m\000\137\000l\000o\000g\000m\000e\000s\000s\000a\000g\000e\000\050\000\051}{subsection.3.3.2}% 93
\BOOKMARK [3][-]{subsubsection.3.3.2.75}{\376\377\0003\000.\0003\000.\0002\000.\0007\0005\000\040\000r\000m\000\137\000m\000p\000i\000w\000o\000r\000k\000e\000r\000\050\000\051}{subsection.3.3.2}% 94
\BOOKMARK [3][-]{subsubsection.3.3.2.76}{\376\377\0003\000.\0003\000.\0002\000.\0007\0006\000\040\000r\000m\000\137\000m\000p\000i\000w\000o\000r\000k\000e\000r\000b\000r\000e\000a\000k\000\050\000\051}{subsection.3.3.2}% 95
\BOOKMARK [3][-]{subsubsection.3.3.2.77}{\376\377\0003\000.\0003\000.\0002\000.\0007\0007\000\040\000r\000m\000\137\000o\000p\000e\000n\000f\000i\000l\000e\000s\000\050\000\051}{subsection.3.3.2}% 96
\BOOKMARK [3][-]{subsubsection.3.3.2.78}{\376\377\0003\000.\0003\000.\0002\000.\0007\0008\000\040\000r\000m\000\137\000o\000u\000t\000p\000u\000t\000m\000e\000s\000s\000a\000g\000e\000\050\000\051}{subsection.3.3.2}% 97
\BOOKMARK [3][-]{subsubsection.3.3.2.79}{\376\377\0003\000.\0003\000.\0002\000.\0007\0009\000\040\000r\000m\000\137\000r\000u\000n\000c\000e\000l\000l\000s\000\050\000\051}{subsection.3.3.2}% 98
\BOOKMARK [3][-]{subsubsection.3.3.2.80}{\376\377\0003\000.\0003\000.\0002\000.\0008\0000\000\040\000r\000m\000\137\000r\000u\000n\000f\000i\000l\000e\000\050\000\051}{subsection.3.3.2}% 99
\BOOKMARK [3][-]{subsubsection.3.3.2.81}{\376\377\0003\000.\0003\000.\0002\000.\0008\0001\000\040\000r\000m\000\137\000r\000u\000n\000s\000t\000r\000i\000n\000g\000\050\000\051}{subsection.3.3.2}% 100
\BOOKMARK [3][-]{subsubsection.3.3.2.82}{\376\377\0003\000.\0003\000.\0002\000.\0008\0002\000\040\000r\000m\000\137\000s\000c\000r\000e\000e\000n\000m\000e\000s\000s\000a\000g\000e\000\050\000\051}{subsection.3.3.2}% 101
\BOOKMARK [3][-]{subsubsection.3.3.2.83}{\376\377\0003\000.\0003\000.\0002\000.\0008\0003\000\040\000r\000m\000\137\000s\000e\000t\000c\000o\000m\000p\000o\000n\000e\000n\000t\000h\0002\000o\000\050\000\051}{subsection.3.3.2}% 102
\BOOKMARK [3][-]{subsubsection.3.3.2.84}{\376\377\0003\000.\0003\000.\0002\000.\0008\0004\000\040\000r\000m\000\137\000s\000e\000t\000c\000o\000n\000c\000e\000n\000t\000r\000a\000t\000i\000o\000n\000s\000\050\000\051}{subsection.3.3.2}% 103
\BOOKMARK [3][-]{subsubsection.3.3.2.85}{\376\377\0003\000.\0003\000.\0002\000.\0008\0005\000\040\000r\000m\000\137\000s\000e\000t\000c\000u\000r\000r\000e\000n\000t\000s\000e\000l\000e\000c\000t\000e\000d\000o\000u\000t\000p\000u\000t\000u\000s\000e\000r\000n\000u\000m\000b\000e\000r\000\050\000\051}{subsection.3.3.2}% 104
\BOOKMARK [3][-]{subsubsection.3.3.2.86}{\376\377\0003\000.\0003\000.\0002\000.\0008\0006\000\040\000r\000m\000\137\000s\000e\000t\000d\000e\000n\000s\000i\000t\000y\000\050\000\051}{subsection.3.3.2}% 105
\BOOKMARK [3][-]{subsubsection.3.3.2.87}{\376\377\0003\000.\0003\000.\0002\000.\0008\0007\000\040\000r\000m\000\137\000s\000e\000t\000d\000u\000m\000p\000f\000i\000l\000e\000n\000a\000m\000e\000\050\000\051}{subsection.3.3.2}% 106
\BOOKMARK [3][-]{subsubsection.3.3.2.88}{\376\377\0003\000.\0003\000.\0002\000.\0008\0008\000\040\000r\000m\000\137\000s\000e\000t\000e\000r\000r\000o\000r\000h\000a\000n\000d\000l\000e\000r\000m\000o\000d\000e\000\050\000\051}{subsection.3.3.2}% 107
\BOOKMARK [3][-]{subsubsection.3.3.2.89}{\376\377\0003\000.\0003\000.\0002\000.\0008\0009\000\040\000r\000m\000\137\000s\000e\000t\000e\000r\000r\000o\000r\000o\000n\000\050\000\051}{subsection.3.3.2}% 108
\BOOKMARK [3][-]{subsubsection.3.3.2.90}{\376\377\0003\000.\0003\000.\0002\000.\0009\0000\000\040\000r\000m\000\137\000s\000e\000t\000f\000i\000l\000e\000p\000r\000e\000f\000i\000x\000\050\000\051}{subsection.3.3.2}% 109
\BOOKMARK [3][-]{subsubsection.3.3.2.91}{\376\377\0003\000.\0003\000.\0002\000.\0009\0001\000\040\000r\000m\000\137\000s\000e\000t\000g\000a\000s\000c\000o\000m\000p\000m\000o\000l\000e\000s\000\050\000\051}{subsection.3.3.2}% 110
\BOOKMARK [3][-]{subsubsection.3.3.2.92}{\376\377\0003\000.\0003\000.\0002\000.\0009\0002\000\040\000r\000m\000\137\000s\000e\000t\000g\000a\000s\000p\000h\000a\000s\000e\000v\000o\000l\000u\000m\000e\000\050\000\051}{subsection.3.3.2}% 111
\BOOKMARK [3][-]{subsubsection.3.3.2.93}{\376\377\0003\000.\0003\000.\0002\000.\0009\0003\000\040\000r\000m\000\137\000s\000e\000t\000m\000p\000i\000w\000o\000r\000k\000e\000r\000c\000a\000l\000l\000b\000a\000c\000k\000\050\000\051}{subsection.3.3.2}% 112
\BOOKMARK [3][-]{subsubsection.3.3.2.94}{\376\377\0003\000.\0003\000.\0002\000.\0009\0004\000\040\000r\000m\000\137\000s\000e\000t\000p\000a\000r\000t\000i\000t\000i\000o\000n\000u\000z\000s\000o\000l\000i\000d\000s\000\050\000\051}{subsection.3.3.2}% 113
\BOOKMARK [3][-]{subsubsection.3.3.2.95}{\376\377\0003\000.\0003\000.\0002\000.\0009\0005\000\040\000r\000m\000\137\000s\000e\000t\000p\000o\000r\000o\000s\000i\000t\000y\000\050\000\051}{subsection.3.3.2}% 114
\BOOKMARK [3][-]{subsubsection.3.3.2.96}{\376\377\0003\000.\0003\000.\0002\000.\0009\0006\000\040\000r\000m\000\137\000s\000e\000t\000p\000r\000e\000s\000s\000u\000r\000e\000\050\000\051}{subsection.3.3.2}% 115
\BOOKMARK [3][-]{subsubsection.3.3.2.97}{\376\377\0003\000.\0003\000.\0002\000.\0009\0007\000\040\000r\000m\000\137\000s\000e\000t\000p\000r\000i\000n\000t\000c\000h\000e\000m\000i\000s\000t\000r\000y\000m\000a\000s\000k\000\050\000\051}{subsection.3.3.2}% 116
\BOOKMARK [3][-]{subsubsection.3.3.2.98}{\376\377\0003\000.\0003\000.\0002\000.\0009\0008\000\040\000r\000m\000\137\000s\000e\000t\000p\000r\000i\000n\000t\000c\000h\000e\000m\000i\000s\000t\000r\000y\000o\000n\000\050\000\051}{subsection.3.3.2}% 117
\BOOKMARK [3][-]{subsubsection.3.3.2.99}{\376\377\0003\000.\0003\000.\0002\000.\0009\0009\000\040\000r\000m\000\137\000s\000e\000t\000r\000e\000b\000a\000l\000a\000n\000c\000e\000b\000y\000c\000e\000l\000l\000\050\000\051}{subsection.3.3.2}% 118
\BOOKMARK [3][-]{subsubsection.3.3.2.100}{\376\377\0003\000.\0003\000.\0002\000.\0001\0000\0000\000\040\000r\000m\000\137\000s\000e\000t\000r\000e\000b\000a\000l\000a\000n\000c\000e\000f\000r\000a\000c\000t\000i\000o\000n\000\050\000\051}{subsection.3.3.2}% 119
\BOOKMARK [3][-]{subsubsection.3.3.2.101}{\376\377\0003\000.\0003\000.\0002\000.\0001\0000\0001\000\040\000r\000m\000\137\000s\000e\000t\000r\000e\000p\000r\000e\000s\000e\000n\000t\000a\000t\000i\000v\000e\000v\000o\000l\000u\000m\000e\000\050\000\051}{subsection.3.3.2}% 120
\BOOKMARK [3][-]{subsubsection.3.3.2.102}{\376\377\0003\000.\0003\000.\0002\000.\0001\0000\0002\000\040\000r\000m\000\137\000s\000e\000t\000s\000a\000t\000u\000r\000a\000t\000i\000o\000n\000\050\000\051}{subsection.3.3.2}% 121
\BOOKMARK [3][-]{subsubsection.3.3.2.103}{\376\377\0003\000.\0003\000.\0002\000.\0001\0000\0003\000\040\000r\000m\000\137\000s\000e\000t\000s\000c\000r\000e\000e\000n\000o\000n\000\050\000\051}{subsection.3.3.2}% 122
\BOOKMARK [3][-]{subsubsection.3.3.2.104}{\376\377\0003\000.\0003\000.\0002\000.\0001\0000\0004\000\040\000r\000m\000\137\000s\000e\000t\000s\000e\000l\000e\000c\000t\000e\000d\000o\000u\000t\000p\000u\000t\000o\000n\000\050\000\051}{subsection.3.3.2}% 123
\BOOKMARK [3][-]{subsubsection.3.3.2.105}{\376\377\0003\000.\0003\000.\0002\000.\0001\0000\0005\000\040\000r\000m\000\137\000s\000e\000t\000s\000p\000e\000c\000i\000e\000s\000s\000a\000v\000e\000o\000n\000\050\000\051}{subsection.3.3.2}% 124
\BOOKMARK [3][-]{subsubsection.3.3.2.106}{\376\377\0003\000.\0003\000.\0002\000.\0001\0000\0006\000\040\000r\000m\000\137\000s\000e\000t\000t\000e\000m\000p\000e\000r\000a\000t\000u\000r\000e\000\050\000\051}{subsection.3.3.2}% 125
\BOOKMARK [3][-]{subsubsection.3.3.2.107}{\376\377\0003\000.\0003\000.\0002\000.\0001\0000\0007\000\040\000r\000m\000\137\000s\000e\000t\000t\000i\000m\000e\000\050\000\051}{subsection.3.3.2}% 126
\BOOKMARK [3][-]{subsubsection.3.3.2.108}{\376\377\0003\000.\0003\000.\0002\000.\0001\0000\0008\000\040\000r\000m\000\137\000s\000e\000t\000t\000i\000m\000e\000c\000o\000n\000v\000e\000r\000s\000i\000o\000n\000\050\000\051}{subsection.3.3.2}% 127
\BOOKMARK [3][-]{subsubsection.3.3.2.109}{\376\377\0003\000.\0003\000.\0002\000.\0001\0000\0009\000\040\000r\000m\000\137\000s\000e\000t\000t\000i\000m\000e\000s\000t\000e\000p\000\050\000\051}{subsection.3.3.2}% 128
\BOOKMARK [3][-]{subsubsection.3.3.2.110}{\376\377\0003\000.\0003\000.\0002\000.\0001\0001\0000\000\040\000r\000m\000\137\000s\000e\000t\000u\000n\000i\000t\000s\000e\000x\000c\000h\000a\000n\000g\000e\000\050\000\051}{subsection.3.3.2}% 129
\BOOKMARK [3][-]{subsubsection.3.3.2.111}{\376\377\0003\000.\0003\000.\0002\000.\0001\0001\0001\000\040\000r\000m\000\137\000s\000e\000t\000u\000n\000i\000t\000s\000g\000a\000s\000p\000h\000a\000s\000e\000\050\000\051}{subsection.3.3.2}% 130
\BOOKMARK [3][-]{subsubsection.3.3.2.112}{\376\377\0003\000.\0003\000.\0002\000.\0001\0001\0002\000\040\000r\000m\000\137\000s\000e\000t\000u\000n\000i\000t\000s\000k\000i\000n\000e\000t\000i\000c\000s\000\050\000\051}{subsection.3.3.2}% 131
\BOOKMARK [3][-]{subsubsection.3.3.2.113}{\376\377\0003\000.\0003\000.\0002\000.\0001\0001\0003\000\040\000r\000m\000\137\000s\000e\000t\000u\000n\000i\000t\000s\000p\000p\000a\000s\000s\000e\000m\000b\000l\000a\000g\000e\000\050\000\051}{subsection.3.3.2}% 132
\BOOKMARK [3][-]{subsubsection.3.3.2.114}{\376\377\0003\000.\0003\000.\0002\000.\0001\0001\0004\000\040\000r\000m\000\137\000s\000e\000t\000u\000n\000i\000t\000s\000s\000o\000l\000u\000t\000i\000o\000n\000\050\000\051}{subsection.3.3.2}% 133
\BOOKMARK [3][-]{subsubsection.3.3.2.115}{\376\377\0003\000.\0003\000.\0002\000.\0001\0001\0005\000\040\000r\000m\000\137\000s\000e\000t\000u\000n\000i\000t\000s\000s\000s\000a\000s\000s\000e\000m\000b\000l\000a\000g\000e\000\050\000\051}{subsection.3.3.2}% 134
\BOOKMARK [3][-]{subsubsection.3.3.2.116}{\376\377\0003\000.\0003\000.\0002\000.\0001\0001\0006\000\040\000r\000m\000\137\000s\000e\000t\000u\000n\000i\000t\000s\000s\000u\000r\000f\000a\000c\000e\000\050\000\051}{subsection.3.3.2}% 135
\BOOKMARK [3][-]{subsubsection.3.3.2.117}{\376\377\0003\000.\0003\000.\0002\000.\0001\0001\0007\000\040\000r\000m\000\137\000s\000p\000e\000c\000i\000e\000s\000c\000o\000n\000c\000e\000n\000t\000r\000a\000t\000i\000o\000n\000s\0002\000m\000o\000d\000u\000l\000e\000\050\000\051}{subsection.3.3.2}% 136
\BOOKMARK [3][-]{subsubsection.3.3.2.118}{\376\377\0003\000.\0003\000.\0002\000.\0001\0001\0008\000\040\000r\000m\000\137\000u\000s\000e\000s\000o\000l\000u\000t\000i\000o\000n\000d\000e\000n\000s\000i\000t\000y\000v\000o\000l\000u\000m\000e\000\050\000\051}{subsection.3.3.2}% 137
\BOOKMARK [3][-]{subsubsection.3.3.2.119}{\376\377\0003\000.\0003\000.\0002\000.\0001\0001\0009\000\040\000r\000m\000\137\000w\000a\000r\000n\000i\000n\000g\000m\000e\000s\000s\000a\000g\000e\000\050\000\051}{subsection.3.3.2}% 138
\BOOKMARK [1][-]{section.3.4}{\376\377\0003\000.\0004\000\040\000x\000g\000b\000\137\000i\000n\000t\000e\000r\000f\000a\000c\000e\000\040\000M\000o\000d\000u\000l\000e\000\040\000R\000e\000f\000e\000r\000e\000n\000c\000e}{chapter.3}% 139
\BOOKMARK [2][-]{subsection.3.4.1}{\376\377\0003\000.\0004\000.\0001\000\040\000D\000e\000t\000a\000i\000l\000e\000d\000\040\000D\000e\000s\000c\000r\000i\000p\000t\000i\000o\000n}{section.3.4}% 140
\BOOKMARK [0][-]{chapter.4}{\376\377\0004\000\040\000D\000a\000t\000a\000\040\000T\000y\000p\000e\000\040\000D\000o\000c\000u\000m\000e\000n\000t\000a\000t\000i\000o\000n}{}% 141
\BOOKMARK [1][-]{section.4.1}{\376\377\0004\000.\0001\000\040\000m\000u\000l\000t\000i\000\137\000d\000a\000t\000a\000\137\000t\000y\000p\000e\000s\000:\000:\000a\000l\000l\000o\000c\000a\000t\000e\000\137\000m\000u\000l\000t\000i\000\137\000d\000e\000v\000\137\000s\000h\000a\000p\000e\000\137\000f\000u\000n\000s\000\040\000I\000n\000t\000e\000r\000f\000a\000c\000e\000\040\000R\000e\000f\000e\000r\000e\000n\000c\000e}{chapter.4}% 142
\BOOKMARK [1][-]{section.4.2}{\376\377\0004\000.\0002\000\040\000m\000u\000l\000t\000i\000\137\000d\000a\000t\000a\000\137\000t\000y\000p\000e\000s\000:\000:\000a\000l\000l\000o\000c\000a\000t\000e\000\137\000m\000u\000l\000t\000i\000\137\000f\000i\000e\000l\000d\000\040\000I\000n\000t\000e\000r\000f\000a\000c\000e\000\040\000R\000e\000f\000e\000r\000e\000n\000c\000e}{chapter.4}% 143
\BOOKMARK [2][-]{subsection.4.2.1}{\376\377\0004\000.\0002\000.\0001\000\040\000M\000e\000m\000b\000e\000r\000\040\000F\000u\000n\000c\000t\000i\000o\000n\000/\000S\000u\000b\000r\000o\000u\000t\000i\000n\000e\000\040\000D\000o\000c\000u\000m\000e\000n\000t\000a\000t\000i\000o\000n}{section.4.2}% 144
\BOOKMARK [3][-]{subsubsection.4.2.1.1}{\376\377\0004\000.\0002\000.\0001\000.\0001\000\040\000a\000l\000l\000o\000c\000a\000t\000e\000\137\000m\000u\000l\000t\000i\000\137\000f\000i\000e\000l\000d\0001\000\050\000\051}{subsection.4.2.1}% 145
\BOOKMARK [1][-]{section.4.3}{\376\377\0004\000.\0003\000\040\000m\000u\000l\000t\000i\000\137\000t\000o\000o\000l\000s\000:\000:\000b\000a\000d\000\137\000e\000l\000e\000m\000e\000n\000t\000s\000\040\000T\000y\000p\000e\000\040\000R\000e\000f\000e\000r\000e\000n\000c\000e}{chapter.4}% 146
\BOOKMARK [2][-]{subsection.4.3.1}{\376\377\0004\000.\0003\000.\0001\000\040\000D\000e\000t\000a\000i\000l\000e\000d\000\040\000D\000e\000s\000c\000r\000i\000p\000t\000i\000o\000n}{section.4.3}% 147
\BOOKMARK [1][-]{section.4.4}{\376\377\0004\000.\0004\000\040\000m\000u\000l\000t\000i\000\137\000m\000a\000g\000m\000a\000:\000:\000c\000o\000u\000p\000l\000i\000n\000g\000\137\000t\000e\000r\000m\000\137\000c\000o\000e\000f\000\040\000T\000y\000p\000e\000\040\000R\000e\000f\000e\000r\000e\000n\000c\000e}{chapter.4}% 148
\BOOKMARK [2][-]{subsection.4.4.1}{\376\377\0004\000.\0004\000.\0001\000\040\000D\000e\000t\000a\000i\000l\000e\000d\000\040\000D\000e\000s\000c\000r\000i\000p\000t\000i\000o\000n}{section.4.4}% 149
\BOOKMARK [1][-]{section.4.5}{\376\377\0004\000.\0005\000\040\000s\000h\000a\000p\000e\000\137\000f\000u\000n\000c\000t\000i\000o\000n\000s\000\137\000l\000i\000n\000e\000a\000r\000\137\000q\000u\000a\000d\000r\000a\000t\000i\000c\000:\000:\000d\000e\000t\000n\000l\000x\000r\000\040\000I\000n\000t\000e\000r\000f\000a\000c\000e\000\040\000R\000e\000f\000e\000r\000e\000n\000c\000e}{chapter.4}% 150
\BOOKMARK [2][-]{subsection.4.5.1}{\376\377\0004\000.\0005\000.\0001\000\040\000D\000e\000t\000a\000i\000l\000e\000d\000\040\000D\000e\000s\000c\000r\000i\000p\000t\000i\000o\000n}{section.4.5}% 151
\BOOKMARK [1][-]{section.4.6}{\376\377\0004\000.\0006\000\040\000s\000h\000a\000p\000e\000\137\000f\000u\000n\000c\000t\000i\000o\000n\000s\000\137\000l\000i\000n\000e\000a\000r\000\137\000q\000u\000a\000d\000r\000a\000t\000i\000c\000:\000:\000d\000e\000t\000n\000l\000x\000r\000\137\000i\000n\000v\000j\000a\000c\000\040\000I\000n\000t\000e\000r\000f\000a\000c\000e\000\040\000R\000e\000f\000e\000r\000e\000n\000c\000e}{chapter.4}% 152
\BOOKMARK [2][-]{subsection.4.6.1}{\376\377\0004\000.\0006\000.\0001\000\040\000D\000e\000t\000a\000i\000l\000e\000d\000\040\000D\000e\000s\000c\000r\000i\000p\000t\000i\000o\000n}{section.4.6}% 153
\BOOKMARK [1][-]{section.4.7}{\376\377\0004\000.\0007\000\040\000s\000h\000a\000p\000e\000\137\000f\000u\000n\000c\000t\000i\000o\000n\000s\000\137\000p\000r\000o\000t\000o\000t\000y\000p\000e\000:\000:\000d\000e\000t\000n\000l\000x\000r\000\137\000p\000l\000u\000s\000\137\000u\000\040\000I\000n\000t\000e\000r\000f\000a\000c\000e\000\040\000R\000e\000f\000e\000r\000e\000n\000c\000e}{chapter.4}% 154
\BOOKMARK [1][-]{section.4.8}{\376\377\0004\000.\0008\000\040\000c\000v\000\137\000a\000d\000v\000e\000c\000t\000i\000o\000n\000:\000:\000d\000g\000\137\000d\000e\000r\000i\000v\000s\000\137\000a\000l\000l\000\040\000I\000n\000t\000e\000r\000f\000a\000c\000e\000\040\000R\000e\000f\000e\000r\000e\000n\000c\000e}{chapter.4}% 155
\BOOKMARK [1][-]{section.4.9}{\376\377\0004\000.\0009\000\040\000s\000e\000t\000b\000a\000s\000i\000c\000f\000o\000r\000t\000r\000a\000n\000c\000a\000l\000l\000b\000a\000c\000k\000f\000:\000:\000f\000c\000n\000\040\000I\000n\000t\000e\000r\000f\000a\000c\000e\000\040\000R\000e\000f\000e\000r\000e\000n\000c\000e}{chapter.4}% 156
\BOOKMARK [1][-]{section.4.10}{\376\377\0004\000.\0001\0000\000\040\000x\000g\000b\000\137\000i\000n\000t\000e\000r\000f\000a\000c\000e\000:\000:\000f\000o\000r\000t\000r\000a\000n\000\137\000X\000G\000B\000o\000o\000s\000t\000e\000r\000C\000r\000e\000a\000t\000e\000\040\000I\000n\000t\000e\000r\000f\000a\000c\000e\000\040\000R\000e\000f\000e\000r\000e\000n\000c\000e}{chapter.4}% 157
\BOOKMARK [1][-]{section.4.11}{\376\377\0004\000.\0001\0001\000\040\000x\000g\000b\000\137\000i\000n\000t\000e\000r\000f\000a\000c\000e\000:\000:\000f\000o\000r\000t\000r\000a\000n\000\137\000X\000G\000B\000o\000o\000s\000t\000e\000r\000F\000r\000e\000e\000\040\000I\000n\000t\000e\000r\000f\000a\000c\000e\000\040\000R\000e\000f\000e\000r\000e\000n\000c\000e}{chapter.4}% 158
\BOOKMARK [1][-]{section.4.12}{\376\377\0004\000.\0001\0002\000\040\000x\000g\000b\000\137\000i\000n\000t\000e\000r\000f\000a\000c\000e\000:\000:\000f\000o\000r\000t\000r\000a\000n\000\137\000X\000G\000B\000o\000o\000s\000t\000e\000r\000L\000o\000a\000d\000M\000o\000d\000e\000l\000\040\000I\000n\000t\000e\000r\000f\000a\000c\000e\000\040\000R\000e\000f\000e\000r\000e\000n\000c\000e}{chapter.4}% 159
\BOOKMARK [1][-]{section.4.13}{\376\377\0004\000.\0001\0003\000\040\000x\000g\000b\000\137\000i\000n\000t\000e\000r\000f\000a\000c\000e\000:\000:\000f\000o\000r\000t\000r\000a\000n\000\137\000X\000G\000B\000o\000o\000s\000t\000e\000r\000P\000r\000e\000d\000i\000c\000t\000\040\000I\000n\000t\000e\000r\000f\000a\000c\000e\000\040\000R\000e\000f\000e\000r\000e\000n\000c\000e}{chapter.4}% 160
\BOOKMARK [1][-]{section.4.14}{\376\377\0004\000.\0001\0004\000\040\000x\000g\000b\000\137\000i\000n\000t\000e\000r\000f\000a\000c\000e\000:\000:\000f\000o\000r\000t\000r\000a\000n\000\137\000X\000G\000B\000o\000o\000s\000t\000e\000r\000S\000a\000v\000e\000M\000o\000d\000e\000l\000\040\000I\000n\000t\000e\000r\000f\000a\000c\000e\000\040\000R\000e\000f\000e\000r\000e\000n\000c\000e}{chapter.4}% 161
\BOOKMARK [1][-]{section.4.15}{\376\377\0004\000.\0001\0005\000\040\000x\000g\000b\000\137\000i\000n\000t\000e\000r\000f\000a\000c\000e\000:\000:\000f\000o\000r\000t\000r\000a\000n\000\137\000X\000G\000B\000o\000o\000s\000t\000e\000r\000S\000e\000t\000P\000a\000r\000a\000m\000\040\000I\000n\000t\000e\000r\000f\000a\000c\000e\000\040\000R\000e\000f\000e\000r\000e\000n\000c\000e}{chapter.4}% 162
\BOOKMARK [1][-]{section.4.16}{\376\377\0004\000.\0001\0006\000\040\000x\000g\000b\000\137\000i\000n\000t\000e\000r\000f\000a\000c\000e\000:\000:\000f\000o\000r\000t\000r\000a\000n\000\137\000X\000G\000D\000M\000a\000t\000r\000i\000x\000C\000r\000e\000a\000t\000e\000F\000r\000o\000m\000M\000a\000t\000\040\000I\000n\000t\000e\000r\000f\000a\000c\000e\000\040\000R\000e\000f\000e\000r\000e\000n\000c\000e}{chapter.4}% 163
\BOOKMARK [1][-]{section.4.17}{\376\377\0004\000.\0001\0007\000\040\000m\000u\000l\000t\000i\000\137\000m\000a\000g\000m\000a\000:\000:\000m\000a\000g\000m\000a\000\137\000p\000h\000a\000s\000e\000\137\000d\000i\000a\000g\000r\000a\000m\000\040\000T\000y\000p\000e\000\040\000R\000e\000f\000e\000r\000e\000n\000c\000e}{chapter.4}% 164
\BOOKMARK [1][-]{section.4.18}{\376\377\0004\000.\0001\0008\000\040\000m\000u\000l\000t\000i\000\137\000d\000a\000t\000a\000\137\000t\000y\000p\000e\000s\000:\000:\000m\000u\000l\000t\000i\000\137\000a\000b\000s\000o\000r\000p\000t\000i\000o\000n\000\040\000T\000y\000p\000e\000\040\000R\000e\000f\000e\000r\000e\000n\000c\000e}{chapter.4}% 165
\BOOKMARK [1][-]{section.4.19}{\376\377\0004\000.\0001\0009\000\040\000m\000u\000l\000t\000i\000\137\000d\000a\000t\000a\000\137\000t\000y\000p\000e\000s\000:\000:\000m\000u\000l\000t\000i\000\137\000d\000e\000v\000\137\000s\000h\000a\000p\000e\000\137\000f\000u\000n\000s\000\040\000T\000y\000p\000e\000\040\000R\000e\000f\000e\000r\000e\000n\000c\000e}{chapter.4}% 166
\BOOKMARK [1][-]{section.4.20}{\376\377\0004\000.\0002\0000\000\040\000m\000u\000l\000t\000i\000\137\000d\000a\000t\000a\000\137\000t\000y\000p\000e\000s\000:\000:\000m\000u\000l\000t\000i\000\137\000d\000i\000m\000e\000n\000s\000i\000o\000n\000s\000\040\000T\000y\000p\000e\000\040\000R\000e\000f\000e\000r\000e\000n\000c\000e}{chapter.4}% 167
\BOOKMARK [1][-]{section.4.21}{\376\377\0004\000.\0002\0001\000\040\000m\000u\000l\000t\000i\000\137\000d\000a\000t\000a\000\137\000t\000y\000p\000e\000s\000:\000:\000m\000u\000l\000t\000i\000\137\000d\000i\000s\000c\000r\000e\000t\000i\000z\000a\000t\000i\000o\000n\000\137\000o\000p\000t\000s\000\040\000T\000y\000p\000e\000\040\000R\000e\000f\000e\000r\000e\000n\000c\000e}{chapter.4}% 168
\BOOKMARK [1][-]{section.4.22}{\376\377\0004\000.\0002\0002\000\040\000m\000u\000l\000t\000i\000\137\000d\000a\000t\000a\000\137\000t\000y\000p\000e\000s\000:\000:\000m\000u\000l\000t\000i\000\137\000f\000i\000e\000l\000d\000\040\000T\000y\000p\000e\000\040\000R\000e\000f\000e\000r\000e\000n\000c\000e}{chapter.4}% 169
\BOOKMARK [1][-]{section.4.23}{\376\377\0004\000.\0002\0003\000\040\000m\000u\000l\000t\000i\000\137\000d\000a\000t\000a\000\137\000t\000y\000p\000e\000s\000:\000:\000m\000u\000l\000t\000i\000\137\000g\000i\000\137\000d\000i\000m\000e\000n\000s\000i\000o\000n\000s\000\040\000T\000y\000p\000e\000\040\000R\000e\000f\000e\000r\000e\000n\000c\000e}{chapter.4}% 170
\BOOKMARK [1][-]{section.4.24}{\376\377\0004\000.\0002\0004\000\040\000m\000u\000l\000t\000i\000\137\000d\000a\000t\000a\000\137\000t\000y\000p\000e\000s\000:\000:\000m\000u\000l\000t\000i\000\137\000m\000a\000t\000r\000i\000c\000e\000s\000\040\000T\000y\000p\000e\000\040\000R\000e\000f\000e\000r\000e\000n\000c\000e}{chapter.4}% 171
\BOOKMARK [1][-]{section.4.25}{\376\377\0004\000.\0002\0005\000\040\000m\000u\000l\000t\000i\000\137\000d\000a\000t\000a\000\137\000t\000y\000p\000e\000s\000:\000:\000m\000u\000l\000t\000i\000\137\000n\000d\000g\000l\000n\000\040\000T\000y\000p\000e\000\040\000R\000e\000f\000e\000r\000e\000n\000c\000e}{chapter.4}% 172
\BOOKMARK [1][-]{section.4.26}{\376\377\0004\000.\0002\0006\000\040\000m\000u\000l\000t\000i\000\137\000d\000a\000t\000a\000\137\000t\000y\000p\000e\000s\000:\000:\000m\000u\000l\000t\000i\000\137\000o\000u\000t\000f\000l\000u\000x\000e\000s\000\040\000T\000y\000p\000e\000\040\000R\000e\000f\000e\000r\000e\000n\000c\000e}{chapter.4}% 173
\BOOKMARK [2][-]{subsection.4.26.1}{\376\377\0004\000.\0002\0006\000.\0001\000\040\000D\000e\000t\000a\000i\000l\000e\000d\000\040\000D\000e\000s\000c\000r\000i\000p\000t\000i\000o\000n}{section.4.26}% 174
\BOOKMARK [1][-]{section.4.27}{\376\377\0004\000.\0002\0007\000\040\000m\000u\000l\000t\000i\000\137\000d\000a\000t\000a\000\137\000t\000y\000p\000e\000s\000:\000:\000m\000u\000l\000t\000i\000\137\000p\000i\000p\000e\000\137\000p\000a\000c\000k\000a\000g\000e\000\040\000T\000y\000p\000e\000\040\000R\000e\000f\000e\000r\000e\000n\000c\000e}{chapter.4}% 175
\BOOKMARK [1][-]{section.4.28}{\376\377\0004\000.\0002\0008\000\040\000m\000u\000l\000t\000i\000\137\000d\000a\000t\000a\000\137\000t\000y\000p\000e\000s\000:\000:\000m\000u\000l\000t\000i\000\137\000s\000h\000a\000p\000e\000\137\000f\000u\000n\000s\000\040\000T\000y\000p\000e\000\040\000R\000e\000f\000e\000r\000e\000n\000c\000e}{chapter.4}% 176
\BOOKMARK [1][-]{section.4.29}{\376\377\0004\000.\0002\0009\000\040\000m\000u\000l\000t\000i\000\137\000d\000a\000t\000a\000\137\000t\000y\000p\000e\000s\000:\000:\000m\000u\000l\000t\000i\000\137\000s\000p\000a\000r\000s\000i\000t\000i\000e\000s\000\040\000T\000y\000p\000e\000\040\000R\000e\000f\000e\000r\000e\000n\000c\000e}{chapter.4}% 177
\BOOKMARK [1][-]{section.4.30}{\376\377\0004\000.\0003\0000\000\040\000m\000u\000l\000t\000i\000\137\000d\000a\000t\000a\000\137\000t\000y\000p\000e\000s\000:\000:\000m\000u\000l\000t\000i\000\137\000s\000p\000a\000r\000s\000i\000t\000y\000\040\000T\000y\000p\000e\000\040\000R\000e\000f\000e\000r\000e\000n\000c\000e}{chapter.4}% 178
\BOOKMARK [1][-]{section.4.31}{\376\377\0004\000.\0003\0001\000\040\000m\000u\000l\000t\000i\000\137\000d\000a\000t\000a\000\137\000t\000y\000p\000e\000s\000:\000:\000m\000u\000l\000t\000i\000\137\000t\000r\000a\000n\000s\000p\000o\000r\000t\000\137\000s\000c\000a\000l\000a\000r\000\040\000T\000y\000p\000e\000\040\000R\000e\000f\000e\000r\000e\000n\000c\000e}{chapter.4}% 179
\BOOKMARK [1][-]{section.4.32}{\376\377\0004\000.\0003\0002\000\040\000c\000v\000\137\000a\000d\000v\000e\000c\000t\000i\000o\000n\000:\000:\000p\000a\000c\000k\000\137\000l\000o\000c\000\137\000a\000l\000l\000\040\000I\000n\000t\000e\000r\000f\000a\000c\000e\000\040\000R\000e\000f\000e\000r\000e\000n\000c\000e}{chapter.4}% 180
\BOOKMARK [1][-]{section.4.33}{\376\377\0004\000.\0003\0003\000\040\000m\000u\000l\000t\000i\000\137\000d\000a\000t\000a\000\137\000t\000y\000p\000e\000s\000:\000:\000p\000i\000p\000e\000\137\000c\000o\000o\000r\000d\000s\000\040\000T\000y\000p\000e\000\040\000R\000e\000f\000e\000r\000e\000n\000c\000e}{chapter.4}% 181
\BOOKMARK [1][-]{section.4.34}{\376\377\0004\000.\0003\0004\000\040\000m\000u\000l\000t\000i\000\137\000d\000a\000t\000a\000\137\000t\000y\000p\000e\000s\000:\000:\000p\000o\000r\000o\000u\000s\000\137\000a\000d\000v\000\137\000c\000o\000e\000f\000s\000\040\000T\000y\000p\000e\000\040\000R\000e\000f\000e\000r\000e\000n\000c\000e}{chapter.4}% 182
\BOOKMARK [1][-]{section.4.35}{\376\377\0004\000.\0003\0005\000\040\000S\000e\000t\000B\000a\000s\000i\000c\000F\000o\000r\000t\000r\000a\000n\000C\000a\000l\000l\000b\000a\000c\000k\000F\000\040\000I\000n\000t\000e\000r\000f\000a\000c\000e\000\040\000R\000e\000f\000e\000r\000e\000n\000c\000e}{chapter.4}% 183
\BOOKMARK [1][-]{section.4.36}{\376\377\0004\000.\0003\0006\000\040\000s\000h\000a\000p\000e\000\137\000f\000u\000n\000c\000t\000i\000o\000n\000s\000\137\000n\000d\000i\000m\000:\000:\000x\000p\000r\000o\000d\000\040\000I\000n\000t\000e\000r\000f\000a\000c\000e\000\040\000R\000e\000f\000e\000r\000e\000n\000c\000e}{chapter.4}% 184
\BOOKMARK [0][-]{section*.47}{\376\377\000I\000n\000d\000e\000x}{}% 185
