This file contains any messages produced by compilers while
running configure, to aid debugging if configure makes a mistake.

It was created by configure, which was
generated by GNU Autoconf 2.67.  Invocation command line was

  $ ./configure 

## --------- ##
## Platform. ##
## --------- ##

hostname = cj-mac
uname -m = x86_64
uname -r = 5.3.0-46-generic
uname -s = Linux
uname -v = #38~18.04.1-Ubuntu SMP Tue Mar 31 04:17:56 UTC 2020

/usr/bin/uname -p = unknown
/bin/uname -X     = unknown

/bin/arch              = unknown
/usr/bin/arch -k       = unknown
/usr/convex/getsysinfo = unknown
/usr/bin/hostinfo      = unknown
/bin/machine           = unknown
/usr/bin/oslevel       = unknown
/bin/universe          = unknown

PATH: /usr/local/sbin
PATH: /usr/local/bin
PATH: /usr/sbin
PATH: /usr/bin
PATH: /sbin
PATH: /bin
PATH: /usr/games
PATH: /usr/local/games
PATH: /snap/bin


## ----------- ##
## Core tests. ##
## ----------- ##

configure:2580: checking build system type
configure:2594: result: x86_64-unknown-linux-gnu
configure:2614: checking host system type
configure:2627: result: x86_64-unknown-linux-gnu
configure:2649: *** Fishing for legacy fortran compiler.
configure:2704: checking for ifort
configure:2734: result: no
configure:2704: checking for ifc
configure:2734: result: no
configure:2704: checking for efc
configure:2734: result: no
configure:2704: checking for sunf95
configure:2734: result: no
configure:2704: checking for gfortran
configure:2720: found /usr/bin/gfortran
configure:2731: result: gfortran
configure:2757: checking for Fortran 77 compiler version
configure:2766: gfortran --version >&5
GNU Fortran (Ubuntu 7.5.0-3ubuntu1~18.04) 7.5.0
Copyright (C) 2017 Free Software Foundation, Inc.
This is free software; see the source for copying conditions.  There is NO
warranty; not even for MERCHANTABILITY or FITNESS FOR A PARTICULAR PURPOSE.

configure:2777: $? = 0
configure:2766: gfortran -v >&5
Using built-in specs.
COLLECT_GCC=gfortran
COLLECT_LTO_WRAPPER=/usr/lib/gcc/x86_64-linux-gnu/7/lto-wrapper
OFFLOAD_TARGET_NAMES=nvptx-none
OFFLOAD_TARGET_DEFAULT=1
Target: x86_64-linux-gnu
Configured with: ../src/configure -v --with-pkgversion='Ubuntu 7.5.0-3ubuntu1~18.04' --with-bugurl=file:///usr/share/doc/gcc-7/README.Bugs --enable-languages=c,ada,c++,go,brig,d,fortran,objc,obj-c++ --prefix=/usr --with-gcc-major-version-only --program-suffix=-7 --program-prefix=x86_64-linux-gnu- --enable-shared --enable-linker-build-id --libexecdir=/usr/lib --without-included-gettext --enable-threads=posix --libdir=/usr/lib --enable-nls --enable-bootstrap --enable-clocale=gnu --enable-libstdcxx-debug --enable-libstdcxx-time=yes --with-default-libstdcxx-abi=new --enable-gnu-unique-object --disable-vtable-verify --enable-libmpx --enable-plugin --enable-default-pie --with-system-zlib --with-target-system-zlib --enable-objc-gc=auto --enable-multiarch --disable-werror --with-arch-32=i686 --with-abi=m64 --with-multilib-list=m32,m64,mx32 --enable-multilib --with-tune=generic --enable-offload-targets=nvptx-none --without-cuda-driver --enable-checking=release --build=x86_64-linux-gnu --host=x86_64-linux-gnu --target=x86_64-linux-gnu
Thread model: posix
gcc version 7.5.0 (Ubuntu 7.5.0-3ubuntu1~18.04) 
configure:2777: $? = 0
configure:2766: gfortran -V >&5
gfortran: error: unrecognized command line option '-V'
gfortran: fatal error: no input files
compilation terminated.
configure:2777: $? = 1
configure:2766: gfortran -qversion >&5
gfortran: error: unrecognized command line option '-qversion'; did you mean '--version'?
gfortran: fatal error: no input files
compilation terminated.
configure:2777: $? = 1
configure:2792: checking whether the Fortran 77 compiler works
configure:2814: gfortran  -I/usr/include  conftest.f  >&5
configure:2818: $? = 0
configure:2866: result: yes
configure:2869: checking for Fortran 77 compiler default output file name
configure:2871: result: a.out
configure:2877: checking for suffix of executables
configure:2884: gfortran -o conftest  -I/usr/include  conftest.f  >&5
configure:2888: $? = 0
configure:2910: result: 
configure:2926: checking whether we are cross compiling
configure:2934: gfortran -o conftest  -I/usr/include  conftest.f  >&5
configure:2938: $? = 0
configure:2945: ./conftest
configure:2949: $? = 0
configure:2964: result: no
configure:2969: checking for suffix of object files
configure:2985: gfortran -c  -I/usr/include conftest.f >&5
configure:2989: $? = 0
configure:3010: result: o
configure:3018: checking whether we are using the GNU Fortran 77 compiler
configure:3031: gfortran -c  -I/usr/include conftest.F >&5
configure:3031: $? = 0
configure:3040: result: yes
configure:3046: checking whether gfortran accepts -g
configure:3057: gfortran -c -g conftest.f >&5
configure:3057: $? = 0
configure:3065: result: yes
configure:3099: checking how to get verbose linking output from gfortran
configure:3109: gfortran -c  -I/usr/include conftest.f >&5
configure:3109: $? = 0
configure:3127: gfortran -o conftest -I/usr/include -v conftest.f
Using built-in specs.
Target: x86_64-linux-gnu
Configured with: ../src/configure -v --with-pkgversion='Ubuntu 7.5.0-3ubuntu1~18.04' --with-bugurl=file:///usr/share/doc/gcc-7/README.Bugs --enable-languages=c,ada,c++,go,brig,d,fortran,objc,obj-c++ --prefix=/usr --with-gcc-major-version-only --program-suffix=-7 --program-prefix=x86_64-linux-gnu- --enable-shared --enable-linker-build-id --libexecdir=/usr/lib --without-included-gettext --enable-threads=posix --libdir=/usr/lib --enable-nls --enable-bootstrap --enable-clocale=gnu --enable-libstdcxx-debug --enable-libstdcxx-time=yes --with-default-libstdcxx-abi=new --enable-gnu-unique-object --disable-vtable-verify --enable-libmpx --enable-plugin --enable-default-pie --with-system-zlib --with-target-system-zlib --enable-objc-gc=auto --enable-multiarch --disable-werror --with-arch-32=i686 --with-abi=m64 --with-multilib-list=m32,m64,mx32 --enable-multilib --with-tune=generic --enable-offload-targets=nvptx-none --without-cuda-driver --enable-checking=release --build=x86_64-linux-gnu --host=x86_64-linux-gnu --target=x86_64-linux-gnu
Thread model: posix
gcc version 7.5.0 (Ubuntu 7.5.0-3ubuntu1~18.04) 
 /usr/lib/gcc/x86_64-linux-gnu/7/f951 conftest.f -ffixed-form -I /usr/include -quiet -dumpbase conftest.f -mtune=generic -march=x86-64 -auxbase conftest -version -fintrinsic-modules-path /usr/lib/gcc/x86_64-linux-gnu/7/finclude -o /tmp/ccy8Sjey.s
GNU Fortran (Ubuntu 7.5.0-3ubuntu1~18.04) version 7.5.0 (x86_64-linux-gnu)
	compiled by GNU C version 7.5.0, GMP version 6.1.2, MPFR version 4.0.1, MPC version 1.1.0, isl version isl-0.19-GMP

GGC heuristics: --param ggc-min-expand=100 --param ggc-min-heapsize=131072
GNU Fortran2008 (Ubuntu 7.5.0-3ubuntu1~18.04) version 7.5.0 (x86_64-linux-gnu)
	compiled by GNU C version 7.5.0, GMP version 6.1.2, MPFR version 4.0.1, MPC version 1.1.0, isl version isl-0.19-GMP

GGC heuristics: --param ggc-min-expand=100 --param ggc-min-heapsize=131072
 as -v -I /usr/include --64 -o /tmp/cc7D5DTb.o /tmp/ccy8Sjey.s
GNU assembler version 2.30 (x86_64-linux-gnu) using BFD version (GNU Binutils for Ubuntu) 2.30
Reading specs from /usr/lib/gcc/x86_64-linux-gnu/7/libgfortran.spec
rename spec lib to liborig
 /usr/lib/gcc/x86_64-linux-gnu/7/collect2 -plugin /usr/lib/gcc/x86_64-linux-gnu/7/liblto_plugin.so -plugin-opt=/usr/lib/gcc/x86_64-linux-gnu/7/lto-wrapper -plugin-opt=-fresolution=/tmp/ccITyPzP.res -plugin-opt=-pass-through=-lgcc_s -plugin-opt=-pass-through=-lgcc -plugin-opt=-pass-through=-lquadmath -plugin-opt=-pass-through=-lm -plugin-opt=-pass-through=-lgcc_s -plugin-opt=-pass-through=-lgcc -plugin-opt=-pass-through=-lc -plugin-opt=-pass-through=-lgcc_s -plugin-opt=-pass-through=-lgcc --build-id --eh-frame-hdr -m elf_x86_64 --hash-style=gnu --as-needed -dynamic-linker /lib64/ld-linux-x86-64.so.2 -pie -z now -z relro -o conftest /usr/lib/gcc/x86_64-linux-gnu/7/../../../x86_64-linux-gnu/Scrt1.o /usr/lib/gcc/x86_64-linux-gnu/7/../../../x86_64-linux-gnu/crti.o /usr/lib/gcc/x86_64-linux-gnu/7/crtbeginS.o -L/usr/lib/gcc/x86_64-linux-gnu/7 -L/usr/lib/gcc/x86_64-linux-gnu/7/../../../x86_64-linux-gnu -L/usr/lib/gcc/x86_64-linux-gnu/7/../../../../lib -L/lib/x86_64-linux-gnu -L/lib/../lib -L/usr/lib/x86_64-linux-gnu -L/usr/lib/../lib -L/usr/lib/gcc/x86_64-linux-gnu/7/../../.. /tmp/cc7D5DTb.o -lgfortran -lm -lgcc_s -lgcc -lquadmath -lm -lgcc_s -lgcc -lc -lgcc_s -lgcc /usr/lib/gcc/x86_64-linux-gnu/7/crtendS.o /usr/lib/gcc/x86_64-linux-gnu/7/../../../x86_64-linux-gnu/crtn.o
configure:3192: result: -v
configure:3194: checking for Fortran 77 libraries of gfortran
configure:3217: gfortran -o conftest -I/usr/include -v conftest.f
Using built-in specs.
Target: x86_64-linux-gnu
Configured with: ../src/configure -v --with-pkgversion='Ubuntu 7.5.0-3ubuntu1~18.04' --with-bugurl=file:///usr/share/doc/gcc-7/README.Bugs --enable-languages=c,ada,c++,go,brig,d,fortran,objc,obj-c++ --prefix=/usr --with-gcc-major-version-only --program-suffix=-7 --program-prefix=x86_64-linux-gnu- --enable-shared --enable-linker-build-id --libexecdir=/usr/lib --without-included-gettext --enable-threads=posix --libdir=/usr/lib --enable-nls --enable-bootstrap --enable-clocale=gnu --enable-libstdcxx-debug --enable-libstdcxx-time=yes --with-default-libstdcxx-abi=new --enable-gnu-unique-object --disable-vtable-verify --enable-libmpx --enable-plugin --enable-default-pie --with-system-zlib --with-target-system-zlib --enable-objc-gc=auto --enable-multiarch --disable-werror --with-arch-32=i686 --with-abi=m64 --with-multilib-list=m32,m64,mx32 --enable-multilib --with-tune=generic --enable-offload-targets=nvptx-none --without-cuda-driver --enable-checking=release --build=x86_64-linux-gnu --host=x86_64-linux-gnu --target=x86_64-linux-gnu
Thread model: posix
gcc version 7.5.0 (Ubuntu 7.5.0-3ubuntu1~18.04) 
 /usr/lib/gcc/x86_64-linux-gnu/7/f951 conftest.f -ffixed-form -I /usr/include -quiet -dumpbase conftest.f -mtune=generic -march=x86-64 -auxbase conftest -version -fintrinsic-modules-path /usr/lib/gcc/x86_64-linux-gnu/7/finclude -o /tmp/cc8Sg2DC.s
GNU Fortran (Ubuntu 7.5.0-3ubuntu1~18.04) version 7.5.0 (x86_64-linux-gnu)
	compiled by GNU C version 7.5.0, GMP version 6.1.2, MPFR version 4.0.1, MPC version 1.1.0, isl version isl-0.19-GMP

GGC heuristics: --param ggc-min-expand=100 --param ggc-min-heapsize=131072
GNU Fortran2008 (Ubuntu 7.5.0-3ubuntu1~18.04) version 7.5.0 (x86_64-linux-gnu)
	compiled by GNU C version 7.5.0, GMP version 6.1.2, MPFR version 4.0.1, MPC version 1.1.0, isl version isl-0.19-GMP

GGC heuristics: --param ggc-min-expand=100 --param ggc-min-heapsize=131072
 as -v -I /usr/include --64 -o /tmp/ccpMd3tg.o /tmp/cc8Sg2DC.s
GNU assembler version 2.30 (x86_64-linux-gnu) using BFD version (GNU Binutils for Ubuntu) 2.30
Reading specs from /usr/lib/gcc/x86_64-linux-gnu/7/libgfortran.spec
rename spec lib to liborig
 /usr/lib/gcc/x86_64-linux-gnu/7/collect2 -plugin /usr/lib/gcc/x86_64-linux-gnu/7/liblto_plugin.so -plugin-opt=/usr/lib/gcc/x86_64-linux-gnu/7/lto-wrapper -plugin-opt=-fresolution=/tmp/ccx6v7kU.res -plugin-opt=-pass-through=-lgcc_s -plugin-opt=-pass-through=-lgcc -plugin-opt=-pass-through=-lquadmath -plugin-opt=-pass-through=-lm -plugin-opt=-pass-through=-lgcc_s -plugin-opt=-pass-through=-lgcc -plugin-opt=-pass-through=-lc -plugin-opt=-pass-through=-lgcc_s -plugin-opt=-pass-through=-lgcc --build-id --eh-frame-hdr -m elf_x86_64 --hash-style=gnu --as-needed -dynamic-linker /lib64/ld-linux-x86-64.so.2 -pie -z now -z relro -o conftest /usr/lib/gcc/x86_64-linux-gnu/7/../../../x86_64-linux-gnu/Scrt1.o /usr/lib/gcc/x86_64-linux-gnu/7/../../../x86_64-linux-gnu/crti.o /usr/lib/gcc/x86_64-linux-gnu/7/crtbeginS.o -L/usr/lib/gcc/x86_64-linux-gnu/7 -L/usr/lib/gcc/x86_64-linux-gnu/7/../../../x86_64-linux-gnu -L/usr/lib/gcc/x86_64-linux-gnu/7/../../../../lib -L/lib/x86_64-linux-gnu -L/lib/../lib -L/usr/lib/x86_64-linux-gnu -L/usr/lib/../lib -L/usr/lib/gcc/x86_64-linux-gnu/7/../../.. /tmp/ccpMd3tg.o -lgfortran -lm -lgcc_s -lgcc -lquadmath -lm -lgcc_s -lgcc -lc -lgcc_s -lgcc /usr/lib/gcc/x86_64-linux-gnu/7/crtendS.o /usr/lib/gcc/x86_64-linux-gnu/7/../../../x86_64-linux-gnu/crtn.o
configure:3391: result:  -L/usr/lib/gcc/x86_64-linux-gnu/7 -L/usr/lib/gcc/x86_64-linux-gnu/7/../../../x86_64-linux-gnu -L/usr/lib/gcc/x86_64-linux-gnu/7/../../../../lib -L/lib/x86_64-linux-gnu -L/lib/../lib -L/usr/lib/x86_64-linux-gnu -L/usr/lib/../lib -L/usr/lib/gcc/x86_64-linux-gnu/7/../../.. -lgfortran -lm -lquadmath
configure:3404: *** Fishing for modern Fortran compiler
configure:3459: checking for ifort
configure:3489: result: no
configure:3459: checking for ifc
configure:3489: result: no
configure:3459: checking for efc
configure:3489: result: no
configure:3459: checking for sunf95
configure:3489: result: no
configure:3459: checking for gfortran
configure:3475: found /usr/bin/gfortran
configure:3486: result: gfortran
configure:3512: checking for Fortran compiler version
configure:3521: gfortran --version >&5
GNU Fortran (Ubuntu 7.5.0-3ubuntu1~18.04) 7.5.0
Copyright (C) 2017 Free Software Foundation, Inc.
This is free software; see the source for copying conditions.  There is NO
warranty; not even for MERCHANTABILITY or FITNESS FOR A PARTICULAR PURPOSE.

configure:3532: $? = 0
configure:3521: gfortran -v >&5
Using built-in specs.
COLLECT_GCC=gfortran
COLLECT_LTO_WRAPPER=/usr/lib/gcc/x86_64-linux-gnu/7/lto-wrapper
OFFLOAD_TARGET_NAMES=nvptx-none
OFFLOAD_TARGET_DEFAULT=1
Target: x86_64-linux-gnu
Configured with: ../src/configure -v --with-pkgversion='Ubuntu 7.5.0-3ubuntu1~18.04' --with-bugurl=file:///usr/share/doc/gcc-7/README.Bugs --enable-languages=c,ada,c++,go,brig,d,fortran,objc,obj-c++ --prefix=/usr --with-gcc-major-version-only --program-suffix=-7 --program-prefix=x86_64-linux-gnu- --enable-shared --enable-linker-build-id --libexecdir=/usr/lib --without-included-gettext --enable-threads=posix --libdir=/usr/lib --enable-nls --enable-bootstrap --enable-clocale=gnu --enable-libstdcxx-debug --enable-libstdcxx-time=yes --with-default-libstdcxx-abi=new --enable-gnu-unique-object --disable-vtable-verify --enable-libmpx --enable-plugin --enable-default-pie --with-system-zlib --with-target-system-zlib --enable-objc-gc=auto --enable-multiarch --disable-werror --with-arch-32=i686 --with-abi=m64 --with-multilib-list=m32,m64,mx32 --enable-multilib --with-tune=generic --enable-offload-targets=nvptx-none --without-cuda-driver --enable-checking=release --build=x86_64-linux-gnu --host=x86_64-linux-gnu --target=x86_64-linux-gnu
Thread model: posix
gcc version 7.5.0 (Ubuntu 7.5.0-3ubuntu1~18.04) 
configure:3532: $? = 0
configure:3521: gfortran -V >&5
gfortran: error: unrecognized command line option '-V'
gfortran: fatal error: no input files
compilation terminated.
configure:3532: $? = 1
configure:3521: gfortran -qversion >&5
gfortran: error: unrecognized command line option '-qversion'; did you mean '--version'?
gfortran: fatal error: no input files
compilation terminated.
configure:3532: $? = 1
configure:3541: checking whether we are using the GNU Fortran compiler
configure:3554: gfortran -c  -I/usr/include  conftest.F >&5
configure:3554: $? = 0
configure:3563: result: yes
configure:3569: checking whether gfortran accepts -g
configure:3580: gfortran -c -g  conftest.f >&5
configure:3580: $? = 0
configure:3588: result: yes
configure:3617: checking how to get verbose linking output from gfortran
configure:3627: gfortran -c  -I/usr/include  conftest.f >&5
configure:3627: $? = 0
configure:3645: gfortran -o conftest -I/usr/include -v conftest.f
Using built-in specs.
Target: x86_64-linux-gnu
Configured with: ../src/configure -v --with-pkgversion='Ubuntu 7.5.0-3ubuntu1~18.04' --with-bugurl=file:///usr/share/doc/gcc-7/README.Bugs --enable-languages=c,ada,c++,go,brig,d,fortran,objc,obj-c++ --prefix=/usr --with-gcc-major-version-only --program-suffix=-7 --program-prefix=x86_64-linux-gnu- --enable-shared --enable-linker-build-id --libexecdir=/usr/lib --without-included-gettext --enable-threads=posix --libdir=/usr/lib --enable-nls --enable-bootstrap --enable-clocale=gnu --enable-libstdcxx-debug --enable-libstdcxx-time=yes --with-default-libstdcxx-abi=new --enable-gnu-unique-object --disable-vtable-verify --enable-libmpx --enable-plugin --enable-default-pie --with-system-zlib --with-target-system-zlib --enable-objc-gc=auto --enable-multiarch --disable-werror --with-arch-32=i686 --with-abi=m64 --with-multilib-list=m32,m64,mx32 --enable-multilib --with-tune=generic --enable-offload-targets=nvptx-none --without-cuda-driver --enable-checking=release --build=x86_64-linux-gnu --host=x86_64-linux-gnu --target=x86_64-linux-gnu
Thread model: posix
gcc version 7.5.0 (Ubuntu 7.5.0-3ubuntu1~18.04) 
 /usr/lib/gcc/x86_64-linux-gnu/7/f951 conftest.f -ffixed-form -I /usr/include -quiet -dumpbase conftest.f -mtune=generic -march=x86-64 -auxbase conftest -version -fintrinsic-modules-path /usr/lib/gcc/x86_64-linux-gnu/7/finclude -o /tmp/cc5qtqIO.s
GNU Fortran (Ubuntu 7.5.0-3ubuntu1~18.04) version 7.5.0 (x86_64-linux-gnu)
	compiled by GNU C version 7.5.0, GMP version 6.1.2, MPFR version 4.0.1, MPC version 1.1.0, isl version isl-0.19-GMP

GGC heuristics: --param ggc-min-expand=100 --param ggc-min-heapsize=131072
GNU Fortran2008 (Ubuntu 7.5.0-3ubuntu1~18.04) version 7.5.0 (x86_64-linux-gnu)
	compiled by GNU C version 7.5.0, GMP version 6.1.2, MPFR version 4.0.1, MPC version 1.1.0, isl version isl-0.19-GMP

GGC heuristics: --param ggc-min-expand=100 --param ggc-min-heapsize=131072
 as -v -I /usr/include --64 -o /tmp/cczF3U4s.o /tmp/cc5qtqIO.s
GNU assembler version 2.30 (x86_64-linux-gnu) using BFD version (GNU Binutils for Ubuntu) 2.30
Reading specs from /usr/lib/gcc/x86_64-linux-gnu/7/libgfortran.spec
rename spec lib to liborig
 /usr/lib/gcc/x86_64-linux-gnu/7/collect2 -plugin /usr/lib/gcc/x86_64-linux-gnu/7/liblto_plugin.so -plugin-opt=/usr/lib/gcc/x86_64-linux-gnu/7/lto-wrapper -plugin-opt=-fresolution=/tmp/ccvZDgs7.res -plugin-opt=-pass-through=-lgcc_s -plugin-opt=-pass-through=-lgcc -plugin-opt=-pass-through=-lquadmath -plugin-opt=-pass-through=-lm -plugin-opt=-pass-through=-lgcc_s -plugin-opt=-pass-through=-lgcc -plugin-opt=-pass-through=-lc -plugin-opt=-pass-through=-lgcc_s -plugin-opt=-pass-through=-lgcc --build-id --eh-frame-hdr -m elf_x86_64 --hash-style=gnu --as-needed -dynamic-linker /lib64/ld-linux-x86-64.so.2 -pie -z now -z relro -o conftest /usr/lib/gcc/x86_64-linux-gnu/7/../../../x86_64-linux-gnu/Scrt1.o /usr/lib/gcc/x86_64-linux-gnu/7/../../../x86_64-linux-gnu/crti.o /usr/lib/gcc/x86_64-linux-gnu/7/crtbeginS.o -L/usr/lib/gcc/x86_64-linux-gnu/7 -L/usr/lib/gcc/x86_64-linux-gnu/7/../../../x86_64-linux-gnu -L/usr/lib/gcc/x86_64-linux-gnu/7/../../../../lib -L/lib/x86_64-linux-gnu -L/lib/../lib -L/usr/lib/x86_64-linux-gnu -L/usr/lib/../lib -L/usr/lib/gcc/x86_64-linux-gnu/7/../../.. /tmp/cczF3U4s.o -lgfortran -lm -lgcc_s -lgcc -lquadmath -lm -lgcc_s -lgcc -lc -lgcc_s -lgcc /usr/lib/gcc/x86_64-linux-gnu/7/crtendS.o /usr/lib/gcc/x86_64-linux-gnu/7/../../../x86_64-linux-gnu/crtn.o
configure:3710: result: -v
configure:3712: checking for Fortran libraries of gfortran
configure:3735: gfortran -o conftest -I/usr/include -v conftest.f
Using built-in specs.
Target: x86_64-linux-gnu
Configured with: ../src/configure -v --with-pkgversion='Ubuntu 7.5.0-3ubuntu1~18.04' --with-bugurl=file:///usr/share/doc/gcc-7/README.Bugs --enable-languages=c,ada,c++,go,brig,d,fortran,objc,obj-c++ --prefix=/usr --with-gcc-major-version-only --program-suffix=-7 --program-prefix=x86_64-linux-gnu- --enable-shared --enable-linker-build-id --libexecdir=/usr/lib --without-included-gettext --enable-threads=posix --libdir=/usr/lib --enable-nls --enable-bootstrap --enable-clocale=gnu --enable-libstdcxx-debug --enable-libstdcxx-time=yes --with-default-libstdcxx-abi=new --enable-gnu-unique-object --disable-vtable-verify --enable-libmpx --enable-plugin --enable-default-pie --with-system-zlib --with-target-system-zlib --enable-objc-gc=auto --enable-multiarch --disable-werror --with-arch-32=i686 --with-abi=m64 --with-multilib-list=m32,m64,mx32 --enable-multilib --with-tune=generic --enable-offload-targets=nvptx-none --without-cuda-driver --enable-checking=release --build=x86_64-linux-gnu --host=x86_64-linux-gnu --target=x86_64-linux-gnu
Thread model: posix
gcc version 7.5.0 (Ubuntu 7.5.0-3ubuntu1~18.04) 
 /usr/lib/gcc/x86_64-linux-gnu/7/f951 conftest.f -ffixed-form -I /usr/include -quiet -dumpbase conftest.f -mtune=generic -march=x86-64 -auxbase conftest -version -fintrinsic-modules-path /usr/lib/gcc/x86_64-linux-gnu/7/finclude -o /tmp/ccCnD63Q.s
GNU Fortran (Ubuntu 7.5.0-3ubuntu1~18.04) version 7.5.0 (x86_64-linux-gnu)
	compiled by GNU C version 7.5.0, GMP version 6.1.2, MPFR version 4.0.1, MPC version 1.1.0, isl version isl-0.19-GMP

GGC heuristics: --param ggc-min-expand=100 --param ggc-min-heapsize=131072
GNU Fortran2008 (Ubuntu 7.5.0-3ubuntu1~18.04) version 7.5.0 (x86_64-linux-gnu)
	compiled by GNU C version 7.5.0, GMP version 6.1.2, MPFR version 4.0.1, MPC version 1.1.0, isl version isl-0.19-GMP

GGC heuristics: --param ggc-min-expand=100 --param ggc-min-heapsize=131072
 as -v -I /usr/include --64 -o /tmp/ccWknSAv.o /tmp/ccCnD63Q.s
GNU assembler version 2.30 (x86_64-linux-gnu) using BFD version (GNU Binutils for Ubuntu) 2.30
Reading specs from /usr/lib/gcc/x86_64-linux-gnu/7/libgfortran.spec
rename spec lib to liborig
 /usr/lib/gcc/x86_64-linux-gnu/7/collect2 -plugin /usr/lib/gcc/x86_64-linux-gnu/7/liblto_plugin.so -plugin-opt=/usr/lib/gcc/x86_64-linux-gnu/7/lto-wrapper -plugin-opt=-fresolution=/tmp/ccR8vK89.res -plugin-opt=-pass-through=-lgcc_s -plugin-opt=-pass-through=-lgcc -plugin-opt=-pass-through=-lquadmath -plugin-opt=-pass-through=-lm -plugin-opt=-pass-through=-lgcc_s -plugin-opt=-pass-through=-lgcc -plugin-opt=-pass-through=-lc -plugin-opt=-pass-through=-lgcc_s -plugin-opt=-pass-through=-lgcc --build-id --eh-frame-hdr -m elf_x86_64 --hash-style=gnu --as-needed -dynamic-linker /lib64/ld-linux-x86-64.so.2 -pie -z now -z relro -o conftest /usr/lib/gcc/x86_64-linux-gnu/7/../../../x86_64-linux-gnu/Scrt1.o /usr/lib/gcc/x86_64-linux-gnu/7/../../../x86_64-linux-gnu/crti.o /usr/lib/gcc/x86_64-linux-gnu/7/crtbeginS.o -L/usr/lib/gcc/x86_64-linux-gnu/7 -L/usr/lib/gcc/x86_64-linux-gnu/7/../../../x86_64-linux-gnu -L/usr/lib/gcc/x86_64-linux-gnu/7/../../../../lib -L/lib/x86_64-linux-gnu -L/lib/../lib -L/usr/lib/x86_64-linux-gnu -L/usr/lib/../lib -L/usr/lib/gcc/x86_64-linux-gnu/7/../../.. /tmp/ccWknSAv.o -lgfortran -lm -lgcc_s -lgcc -lquadmath -lm -lgcc_s -lgcc -lc -lgcc_s -lgcc /usr/lib/gcc/x86_64-linux-gnu/7/crtendS.o /usr/lib/gcc/x86_64-linux-gnu/7/../../../x86_64-linux-gnu/crtn.o
configure:3909: result:  -L/usr/lib/gcc/x86_64-linux-gnu/7 -L/usr/lib/gcc/x86_64-linux-gnu/7/../../../x86_64-linux-gnu -L/usr/lib/gcc/x86_64-linux-gnu/7/../../../../lib -L/lib/x86_64-linux-gnu -L/lib/../lib -L/usr/lib/x86_64-linux-gnu -L/usr/lib/../lib -L/usr/lib/gcc/x86_64-linux-gnu/7/../../.. -lgfortran -lm -lquadmath
configure:3932: *** Assuming that gfortran can process both free and fixed form fortran files.
configure:3994: checking for icc
configure:4024: result: no
configure:3994: checking for ecc
configure:4024: result: no
configure:3994: checking for suncc
configure:4024: result: no
configure:3994: checking for pgcc
configure:4024: result: no
configure:3994: checking for gcc
configure:4010: found /usr/bin/gcc
configure:4021: result: gcc
configure:4052: checking for C compiler version
configure:4061: gcc --version >&5
gcc (Ubuntu 7.5.0-3ubuntu1~18.04) 7.5.0
Copyright (C) 2017 Free Software Foundation, Inc.
This is free software; see the source for copying conditions.  There is NO
warranty; not even for MERCHANTABILITY or FITNESS FOR A PARTICULAR PURPOSE.

configure:4072: $? = 0
configure:4061: gcc -v >&5
Using built-in specs.
COLLECT_GCC=gcc
COLLECT_LTO_WRAPPER=/usr/lib/gcc/x86_64-linux-gnu/7/lto-wrapper
OFFLOAD_TARGET_NAMES=nvptx-none
OFFLOAD_TARGET_DEFAULT=1
Target: x86_64-linux-gnu
Configured with: ../src/configure -v --with-pkgversion='Ubuntu 7.5.0-3ubuntu1~18.04' --with-bugurl=file:///usr/share/doc/gcc-7/README.Bugs --enable-languages=c,ada,c++,go,brig,d,fortran,objc,obj-c++ --prefix=/usr --with-gcc-major-version-only --program-suffix=-7 --program-prefix=x86_64-linux-gnu- --enable-shared --enable-linker-build-id --libexecdir=/usr/lib --without-included-gettext --enable-threads=posix --libdir=/usr/lib --enable-nls --enable-bootstrap --enable-clocale=gnu --enable-libstdcxx-debug --enable-libstdcxx-time=yes --with-default-libstdcxx-abi=new --enable-gnu-unique-object --disable-vtable-verify --enable-libmpx --enable-plugin --enable-default-pie --with-system-zlib --with-target-system-zlib --enable-objc-gc=auto --enable-multiarch --disable-werror --with-arch-32=i686 --with-abi=m64 --with-multilib-list=m32,m64,mx32 --enable-multilib --with-tune=generic --enable-offload-targets=nvptx-none --without-cuda-driver --enable-checking=release --build=x86_64-linux-gnu --host=x86_64-linux-gnu --target=x86_64-linux-gnu
Thread model: posix
gcc version 7.5.0 (Ubuntu 7.5.0-3ubuntu1~18.04) 
configure:4072: $? = 0
configure:4061: gcc -V >&5
gcc: error: unrecognized command line option '-V'
gcc: fatal error: no input files
compilation terminated.
configure:4072: $? = 1
configure:4061: gcc -qversion >&5
gcc: error: unrecognized command line option '-qversion'; did you mean '--version'?
gcc: fatal error: no input files
compilation terminated.
configure:4072: $? = 1
configure:4076: checking whether we are using the GNU C compiler
configure:4095: gcc -c   conftest.c >&5
configure:4095: $? = 0
configure:4104: result: yes
configure:4113: checking whether gcc accepts -g
configure:4133: gcc -c -g  conftest.c >&5
configure:4133: $? = 0
configure:4174: result: yes
configure:4191: checking for gcc option to accept ISO C89
configure:4255: gcc  -c -g -O2  conftest.c >&5
configure:4255: $? = 0
configure:4268: result: none needed
configure:4346: checking for icpc
configure:4376: result: no
configure:4346: checking for icc
configure:4376: result: no
configure:4346: checking for ecc
configure:4376: result: no
configure:4346: checking for sunCC
configure:4376: result: no
configure:4346: checking for pgCC
configure:4376: result: no
configure:4346: checking for g++
configure:4362: found /usr/bin/g++
configure:4373: result: g++
configure:4400: checking for C++ compiler version
configure:4409: g++ --version >&5
g++ (Ubuntu 7.5.0-3ubuntu1~18.04) 7.5.0
Copyright (C) 2017 Free Software Foundation, Inc.
This is free software; see the source for copying conditions.  There is NO
warranty; not even for MERCHANTABILITY or FITNESS FOR A PARTICULAR PURPOSE.

configure:4420: $? = 0
configure:4409: g++ -v >&5
Using built-in specs.
COLLECT_GCC=g++
COLLECT_LTO_WRAPPER=/usr/lib/gcc/x86_64-linux-gnu/7/lto-wrapper
OFFLOAD_TARGET_NAMES=nvptx-none
OFFLOAD_TARGET_DEFAULT=1
Target: x86_64-linux-gnu
Configured with: ../src/configure -v --with-pkgversion='Ubuntu 7.5.0-3ubuntu1~18.04' --with-bugurl=file:///usr/share/doc/gcc-7/README.Bugs --enable-languages=c,ada,c++,go,brig,d,fortran,objc,obj-c++ --prefix=/usr --with-gcc-major-version-only --program-suffix=-7 --program-prefix=x86_64-linux-gnu- --enable-shared --enable-linker-build-id --libexecdir=/usr/lib --without-included-gettext --enable-threads=posix --libdir=/usr/lib --enable-nls --enable-bootstrap --enable-clocale=gnu --enable-libstdcxx-debug --enable-libstdcxx-time=yes --with-default-libstdcxx-abi=new --enable-gnu-unique-object --disable-vtable-verify --enable-libmpx --enable-plugin --enable-default-pie --with-system-zlib --with-target-system-zlib --enable-objc-gc=auto --enable-multiarch --disable-werror --with-arch-32=i686 --with-abi=m64 --with-multilib-list=m32,m64,mx32 --enable-multilib --with-tune=generic --enable-offload-targets=nvptx-none --without-cuda-driver --enable-checking=release --build=x86_64-linux-gnu --host=x86_64-linux-gnu --target=x86_64-linux-gnu
Thread model: posix
gcc version 7.5.0 (Ubuntu 7.5.0-3ubuntu1~18.04) 
configure:4420: $? = 0
configure:4409: g++ -V >&5
g++: error: unrecognized command line option '-V'
g++: fatal error: no input files
compilation terminated.
configure:4420: $? = 1
configure:4409: g++ -qversion >&5
g++: error: unrecognized command line option '-qversion'; did you mean '--version'?
g++: fatal error: no input files
compilation terminated.
configure:4420: $? = 1
configure:4424: checking whether we are using the GNU C++ compiler
configure:4443: g++ -c   conftest.cpp >&5
configure:4443: $? = 0
configure:4452: result: yes
configure:4461: checking whether g++ accepts -g
configure:4481: g++ -c -g  conftest.cpp >&5
configure:4481: $? = 0
configure:4522: result: yes
configure:4550: checking how to run the C preprocessor
configure:4581: gcc -E  conftest.c
configure:4581: $? = 0
configure:4595: gcc -E  conftest.c
conftest.c:9:10: fatal error: ac_nonexistent.h: No such file or directory
 #include <ac_nonexistent.h>
          ^~~~~~~~~~~~~~~~~~
compilation terminated.
configure:4595: $? = 1
configure: failed program was:
| /* confdefs.h */
| #define PACKAGE_NAME ""
| #define PACKAGE_TARNAME ""
| #define PACKAGE_VERSION ""
| #define PACKAGE_STRING ""
| #define PACKAGE_BUGREPORT ""
| #define PACKAGE_URL ""
| /* end confdefs.h.  */
| #include <ac_nonexistent.h>
configure:4620: result: gcc -E
configure:4640: gcc -E  conftest.c
configure:4640: $? = 0
configure:4654: gcc -E  conftest.c
conftest.c:9:10: fatal error: ac_nonexistent.h: No such file or directory
 #include <ac_nonexistent.h>
          ^~~~~~~~~~~~~~~~~~
compilation terminated.
configure:4654: $? = 1
configure: failed program was:
| /* confdefs.h */
| #define PACKAGE_NAME ""
| #define PACKAGE_TARNAME ""
| #define PACKAGE_VERSION ""
| #define PACKAGE_STRING ""
| #define PACKAGE_BUGREPORT ""
| #define PACKAGE_URL ""
| /* end confdefs.h.  */
| #include <ac_nonexistent.h>
configure:4686: checking for grep that handles long lines and -e
configure:4744: result: /bin/grep
configure:4749: checking for egrep
configure:4811: result: /bin/grep -E
configure:4816: checking for ANSI C header files
configure:4836: gcc -c -g -O2  conftest.c >&5
configure:4836: $? = 0
configure:4909: gcc -o conftest -g -O2   conftest.c  >&5
configure:4909: $? = 0
configure:4909: ./conftest
configure:4909: $? = 0
configure:4920: result: yes
configure:4933: checking for sys/types.h
configure:4933: gcc -c -g -O2  conftest.c >&5
configure:4933: $? = 0
configure:4933: result: yes
configure:4933: checking for sys/stat.h
configure:4933: gcc -c -g -O2  conftest.c >&5
configure:4933: $? = 0
configure:4933: result: yes
configure:4933: checking for stdlib.h
configure:4933: gcc -c -g -O2  conftest.c >&5
configure:4933: $? = 0
configure:4933: result: yes
configure:4933: checking for string.h
configure:4933: gcc -c -g -O2  conftest.c >&5
configure:4933: $? = 0
configure:4933: result: yes
configure:4933: checking for memory.h
configure:4933: gcc -c -g -O2  conftest.c >&5
configure:4933: $? = 0
configure:4933: result: yes
configure:4933: checking for strings.h
configure:4933: gcc -c -g -O2  conftest.c >&5
configure:4933: $? = 0
configure:4933: result: yes
configure:4933: checking for inttypes.h
configure:4933: gcc -c -g -O2  conftest.c >&5
configure:4933: $? = 0
configure:4933: result: yes
configure:4933: checking for stdint.h
configure:4933: gcc -c -g -O2  conftest.c >&5
configure:4933: $? = 0
configure:4933: result: yes
configure:4933: checking for unistd.h
configure:4933: gcc -c -g -O2  conftest.c >&5
configure:4933: $? = 0
configure:4933: result: yes
configure:4949: checking size of long int
configure:4954: gcc -o conftest -g -O2   conftest.c  >&5
configure:4954: $? = 0
configure:4954: ./conftest
configure:4954: $? = 0
configure:4968: result: 8
configure:4990: checking how to get verbose linking output from gfortran
configure:5083: result: -v
configure:5085: checking for Fortran 77 libraries of gfortran
configure:5282: result:  -L/usr/lib/gcc/x86_64-linux-gnu/7 -L/usr/lib/gcc/x86_64-linux-gnu/7/../../../x86_64-linux-gnu -L/usr/lib/gcc/x86_64-linux-gnu/7/../../../../lib -L/lib/x86_64-linux-gnu -L/lib/../lib -L/usr/lib/x86_64-linux-gnu -L/usr/lib/../lib -L/usr/lib/gcc/x86_64-linux-gnu/7/../../.. -lgfortran -lm -lquadmath
configure:5297: checking how to get verbose linking output from gfortran
configure:5390: result: -v
configure:5392: checking for Fortran libraries of gfortran
configure:5589: result:  -L/usr/lib/gcc/x86_64-linux-gnu/7 -L/usr/lib/gcc/x86_64-linux-gnu/7/../../../x86_64-linux-gnu -L/usr/lib/gcc/x86_64-linux-gnu/7/../../../../lib -L/lib/x86_64-linux-gnu -L/lib/../lib -L/usr/lib/x86_64-linux-gnu -L/usr/lib/../lib -L/usr/lib/gcc/x86_64-linux-gnu/7/../../.. -lgfortran -lm -lquadmath
configure:5606: checking for dummy main to link with Fortran 77 libraries
configure:5640: gcc -o conftest -g -O2   conftest.c   -L/usr/lib/gcc/x86_64-linux-gnu/7 -L/usr/lib/gcc/x86_64-linux-gnu/7/../../../x86_64-linux-gnu -L/usr/lib/gcc/x86_64-linux-gnu/7/../../../../lib -L/lib/x86_64-linux-gnu -L/lib/../lib -L/usr/lib/x86_64-linux-gnu -L/usr/lib/../lib -L/usr/lib/gcc/x86_64-linux-gnu/7/../../.. -lgfortran -lm -lquadmath >&5
configure:5640: $? = 0
configure:5685: result: none
configure:5718: checking for Fortran 77 name-mangling scheme
configure:5731: gfortran -c  -I/usr/include conftest.f >&5
configure:5731: $? = 0
configure:5772: gcc -o conftest -g -O2   conftest.c cfortran_test.o   -L/usr/lib/gcc/x86_64-linux-gnu/7 -L/usr/lib/gcc/x86_64-linux-gnu/7/../../../x86_64-linux-gnu -L/usr/lib/gcc/x86_64-linux-gnu/7/../../../../lib -L/lib/x86_64-linux-gnu -L/lib/../lib -L/usr/lib/x86_64-linux-gnu -L/usr/lib/../lib -L/usr/lib/gcc/x86_64-linux-gnu/7/../../.. -lgfortran -lm -lquadmath >&5
/tmp/cctyF6az.o: In function `main':
/data/code/SolidityDev/Fluidity_Solidity_PY_AO_CJ/femdem3d/conftest.c:40: undefined reference to `foobar'
collect2: error: ld returned 1 exit status
configure:5772: $? = 1
configure: failed program was:
| /* confdefs.h */
| #define PACKAGE_NAME ""
| #define PACKAGE_TARNAME ""
| #define PACKAGE_VERSION ""
| #define PACKAGE_STRING ""
| #define PACKAGE_BUGREPORT ""
| #define PACKAGE_URL ""
| #define STDC_HEADERS 1
| #define HAVE_SYS_TYPES_H 1
| #define HAVE_SYS_STAT_H 1
| #define HAVE_STDLIB_H 1
| #define HAVE_STRING_H 1
| #define HAVE_MEMORY_H 1
| #define HAVE_STRINGS_H 1
| #define HAVE_INTTYPES_H 1
| #define HAVE_STDINT_H 1
| #define HAVE_UNISTD_H 1
| #define SIZEOF_LONG_INT 8
| #define LONG_64_BITS 1
| /* end confdefs.h.  */
| 
| /* Override any GCC internal prototype to avoid an error.
|    Use char because int might match the return type of a GCC
|    builtin and then its argument prototype would still apply.  */
| #ifdef __cplusplus
| extern "C"
| #endif
| char foobar ();
| #ifdef F77_DUMMY_MAIN
| 
| #  ifdef __cplusplus
|      extern "C"
| #  endif
|    int F77_DUMMY_MAIN() { return 1; }
| 
| #endif
| int
| main ()
| {
| return foobar ();
|   ;
|   return 0;
| }
configure:5772: gcc -o conftest -g -O2   conftest.c cfortran_test.o   -L/usr/lib/gcc/x86_64-linux-gnu/7 -L/usr/lib/gcc/x86_64-linux-gnu/7/../../../x86_64-linux-gnu -L/usr/lib/gcc/x86_64-linux-gnu/7/../../../../lib -L/lib/x86_64-linux-gnu -L/lib/../lib -L/usr/lib/x86_64-linux-gnu -L/usr/lib/../lib -L/usr/lib/gcc/x86_64-linux-gnu/7/../../.. -lgfortran -lm -lquadmath >&5
configure:5772: $? = 0
configure:5830: gcc -o conftest -g -O2   conftest.c cfortran_test.o   -L/usr/lib/gcc/x86_64-linux-gnu/7 -L/usr/lib/gcc/x86_64-linux-gnu/7/../../../x86_64-linux-gnu -L/usr/lib/gcc/x86_64-linux-gnu/7/../../../../lib -L/lib/x86_64-linux-gnu -L/lib/../lib -L/usr/lib/x86_64-linux-gnu -L/usr/lib/../lib -L/usr/lib/gcc/x86_64-linux-gnu/7/../../.. -lgfortran -lm -lquadmath >&5
configure:5830: $? = 0
configure:5872: result: lower case, underscore, no extra underscore
configure:5957: checking for python
configure:5975: found /usr/bin/python
configure:5987: result: /usr/bin/python
configure:6010: checking for a version of Python >= '2.1.0'
configure:6036: result: yes
configure:6067: checking for the distutils Python package
configure:6071: result: yes
configure:6085: checking for Python include path
configure:6095: result: -I/usr/include/python2.7
configure:6102: checking for Python library path
configure:6124: result: -L/usr/lib/python2.7 -lpython2.7
configure:6132: checking for Python site-packages path
configure:6138: result: /usr/lib/python2.7/dist-packages
configure:6145: checking python extra libraries
configure:6152: result: -L/usr/lib -lz -lpthread -ldl  -lutil
configure:6159: checking python extra linking flags
configure:6166: result: -Xlinker -export-dynamic -Wl,-O1 -Wl,-Bsymbolic-functions
configure:6173: checking consistency of all components of python development environment
configure:6207: gcc -o conftest -g -O2  -I/usr/include/python2.7  conftest.c  -L/usr/lib/python2.7 -lpython2.7 >&5
configure:6207: $? = 0
configure:6215: result: yes
configure:8318: checking the position of the stars to help find a versions of BLAS
configure:8434: checking for builtin sgemm
configure:8441: gfortran -o conftest  -I/usr/include -DHAVE_PYTHON  conftest.f  -L/usr/lib/python2.7 -lpython2.7 -Xlinker -export-dynamic -Wl,-O1 -Wl,-Bsymbolic-functions -L/usr/lib -lz -lpthread -ldl  -lutil >&5
/tmp/cccyIjkQ.o: In function `MAIN__':
conftest.f:(.text+0xa): undefined reference to `sgemm_'
collect2: error: ld returned 1 exit status
configure:8441: $? = 1
configure: failed program was:
|       program main
|       call sgemm
|       end
configure:8446: result: no
configure:8454: checking for sgemm in -lmkl_def
configure:8466: gfortran -o conftest  -I/usr/include -DHAVE_PYTHON  conftest.f -lmkl_def -lm  -L/usr/lib/python2.7 -lpython2.7 -Xlinker -export-dynamic -Wl,-O1 -Wl,-Bsymbolic-functions -L/usr/lib -lz -lpthread -ldl  -lutil >&5
/usr/bin/ld: cannot find -lmkl_def
collect2: error: ld returned 1 exit status
configure:8466: $? = 1
configure: failed program was:
|       program main
|       call sgemm
|       end
configure:8476: result: no
configure:8485: checking for sgemm in -lmkl_ipf
configure:8497: gfortran -o conftest  -I/usr/include -DHAVE_PYTHON  conftest.f -lmkl_ipf -lguide -lm  -L/usr/lib/python2.7 -lpython2.7 -Xlinker -export-dynamic -Wl,-O1 -Wl,-Bsymbolic-functions -L/usr/lib -lz -lpthread -ldl  -lutil >&5
/usr/bin/ld: cannot find -lmkl_ipf
/usr/bin/ld: cannot find -lguide
collect2: error: ld returned 1 exit status
configure:8497: $? = 1
configure: failed program was:
|       program main
|       call sgemm
|       end
configure:8507: result: no
configure:8516: checking for sgemm in -lmkl_em64t
configure:8528: gfortran -o conftest  -I/usr/include -DHAVE_PYTHON  conftest.f -lmkl_em64t -lguide -liomp5  -L/usr/lib/python2.7 -lpython2.7 -Xlinker -export-dynamic -Wl,-O1 -Wl,-Bsymbolic-functions -L/usr/lib -lz -lpthread -ldl  -lutil >&5
/usr/bin/ld: cannot find -lmkl_em64t
/usr/bin/ld: cannot find -lguide
/usr/bin/ld: cannot find -liomp5
collect2: error: ld returned 1 exit status
configure:8528: $? = 1
configure: failed program was:
|       program main
|       call sgemm
|       end
configure:8538: result: no
configure:8547: trying Intel MKL < 7:
configure:8550: checking for lsame in -lmkl_lapack
configure:8562: gfortran -o conftest  -I/usr/include -DHAVE_PYTHON  conftest.f -lmkl_lapack   -L/usr/lib/python2.7 -lpython2.7 -Xlinker -export-dynamic -Wl,-O1 -Wl,-Bsymbolic-functions -L/usr/lib -lz -lpthread -ldl  -lutil >&5
/usr/bin/ld: cannot find -lmkl_lapack
collect2: error: ld returned 1 exit status
configure:8562: $? = 1
configure: failed program was:
|       program main
|       call lsame
|       end
configure:8571: result: no
configure:8610: Intel MKL < 7... no
configure:8617: checking for sgemm in -lacml
configure:8629: gfortran -o conftest  -I/usr/include -DHAVE_PYTHON  conftest.f -lacml   -L/usr/lib/python2.7 -lpython2.7 -Xlinker -export-dynamic -Wl,-O1 -Wl,-Bsymbolic-functions -L/usr/lib -lz -lpthread -ldl  -lutil >&5
/usr/bin/ld: cannot find -lacml
collect2: error: ld returned 1 exit status
configure:8629: $? = 1
configure: failed program was:
|       program main
|       call sgemm
|       end
configure:8639: result: no
configure:8650: checking for sgemm in -lf77blas
configure:8662: gfortran -o conftest  -I/usr/include -DHAVE_PYTHON  conftest.f -lf77blas -latlas  -L/usr/lib/python2.7 -lpython2.7 -Xlinker -export-dynamic -Wl,-O1 -Wl,-Bsymbolic-functions -L/usr/lib -lz -lpthread -ldl  -lutil >&5
/usr/bin/ld: cannot find -lf77blas
/usr/bin/ld: cannot find -latlas
collect2: error: ld returned 1 exit status
configure:8662: $? = 1
configure: failed program was:
|       program main
|       call sgemm
|       end
configure:8672: result: no
configure:8683: checking for sgemm in -lveclib
configure:8695: gfortran -o conftest  -I/usr/include -DHAVE_PYTHON  conftest.f -lveclib   -L/usr/lib/python2.7 -lpython2.7 -Xlinker -export-dynamic -Wl,-O1 -Wl,-Bsymbolic-functions -L/usr/lib -lz -lpthread -ldl  -lutil >&5
/usr/bin/ld: cannot find -lveclib
collect2: error: ld returned 1 exit status
configure:8695: $? = 1
configure: failed program was:
|       program main
|       call sgemm
|       end
configure:8705: result: no
configure:8715: trying PhiPACK:
configure:8718: checking for sgemm in -lblas
configure:8730: gfortran -o conftest  -I/usr/include -DHAVE_PYTHON  conftest.f -lblas   -L/usr/lib/python2.7 -lpython2.7 -Xlinker -export-dynamic -Wl,-O1 -Wl,-Bsymbolic-functions -L/usr/lib -lz -lpthread -ldl  -lutil >&5
configure:8730: $? = 0
configure:8740: result: yes
configure:8743: checking for dgemm in -ldgemm
configure:8755: gfortran -o conftest  -I/usr/include -DHAVE_PYTHON  conftest.f -ldgemm -lblas  -L/usr/lib/python2.7 -lpython2.7 -Xlinker -export-dynamic -Wl,-O1 -Wl,-Bsymbolic-functions -L/usr/lib -lz -lpthread -ldl  -lutil >&5
/usr/bin/ld: cannot find -ldgemm
collect2: error: ld returned 1 exit status
configure:8755: $? = 1
configure: failed program was:
|       program main
|       call dgemm
|       end
configure:8764: result: no
configure:8801: PhiPACK... no
configure:8808: checking for sgemm in -lcxml
configure:8820: gfortran -o conftest  -I/usr/include -DHAVE_PYTHON  conftest.f -lcxml   -L/usr/lib/python2.7 -lpython2.7 -Xlinker -export-dynamic -Wl,-O1 -Wl,-Bsymbolic-functions -L/usr/lib -lz -lpthread -ldl  -lutil >&5
/usr/bin/ld: cannot find -lcxml
collect2: error: ld returned 1 exit status
configure:8820: $? = 1
configure: failed program was:
|       program main
|       call sgemm
|       end
configure:8830: result: no
configure:8841: checking for sgemm in -ldxml
configure:8853: gfortran -o conftest  -I/usr/include -DHAVE_PYTHON  conftest.f -ldxml   -L/usr/lib/python2.7 -lpython2.7 -Xlinker -export-dynamic -Wl,-O1 -Wl,-Bsymbolic-functions -L/usr/lib -lz -lpthread -ldl  -lutil >&5
/usr/bin/ld: cannot find -ldxml
collect2: error: ld returned 1 exit status
configure:8853: $? = 1
configure: failed program was:
|       program main
|       call sgemm
|       end
configure:8863: result: no
configure:8937: checking for sgemm in -lscs
configure:8949: gfortran -o conftest  -I/usr/include -DHAVE_PYTHON  conftest.f -lscs   -L/usr/lib/python2.7 -lpython2.7 -Xlinker -export-dynamic -Wl,-O1 -Wl,-Bsymbolic-functions -L/usr/lib -lz -lpthread -ldl  -lutil >&5
/usr/bin/ld: cannot find -lscs
collect2: error: ld returned 1 exit status
configure:8949: $? = 1
configure: failed program was:
|       program main
|       call sgemm
|       end
configure:8959: result: no
configure:8970: checking for sgemm in -lcomplib.sgimath
configure:8982: gfortran -o conftest  -I/usr/include -DHAVE_PYTHON  conftest.f -lcomplib.sgimath   -L/usr/lib/python2.7 -lpython2.7 -Xlinker -export-dynamic -Wl,-O1 -Wl,-Bsymbolic-functions -L/usr/lib -lz -lpthread -ldl  -lutil >&5
/usr/bin/ld: cannot find -lcomplib.sgimath
collect2: error: ld returned 1 exit status
configure:8982: $? = 1
configure: failed program was:
|       program main
|       call sgemm
|       end
configure:8992: result: no
configure:9003: trying IBM ESSL:
configure:9006: checking for sgemm in -lblas
configure:9018: gfortran -o conftest  -I/usr/include -DHAVE_PYTHON  conftest.f -lblas   -L/usr/lib/python2.7 -lpython2.7 -Xlinker -export-dynamic -Wl,-O1 -Wl,-Bsymbolic-functions -L/usr/lib -lz -lpthread -ldl  -lutil >&5
configure:9018: $? = 0
configure:9028: result: yes
configure:9032: checking for sgemm in -lessl
configure:9044: gfortran -o conftest  -I/usr/include -DHAVE_PYTHON  conftest.f -lessl -lblas  -L/usr/lib/python2.7 -lpython2.7 -Xlinker -export-dynamic -Wl,-O1 -Wl,-Bsymbolic-functions -L/usr/lib -lz -lpthread -ldl  -lutil >&5
/usr/bin/ld: cannot find -lessl
collect2: error: ld returned 1 exit status
configure:9044: $? = 1
configure: failed program was:
|       program main
|       call sgemm
|       end
configure:9054: result: no
configure:9063: IBM ESSL... no
configure:9071: checking for sgemm in -lblas
configure:9083: gfortran -o conftest  -I/usr/include -DHAVE_PYTHON  conftest.f -lblas   -L/usr/lib/python2.7 -lpython2.7 -Xlinker -export-dynamic -Wl,-O1 -Wl,-Bsymbolic-functions -L/usr/lib -lz -lpthread -ldl  -lutil >&5
configure:9083: $? = 0
configure:9093: result: yes
configure:9302: checking for dsyev in -lmkl_lapack
configure:9314: gfortran -o conftest  -I/usr/include -DHAVE_PYTHON   conftest.f -lmkl_lapack  -lblas  -L/usr/lib/python2.7 -lpython2.7 -Xlinker -export-dynamic -Wl,-O1 -Wl,-Bsymbolic-functions -L/usr/lib -lz -lpthread -ldl  -lutil >&5
/usr/bin/ld: cannot find -lmkl_lapack
collect2: error: ld returned 1 exit status
configure:9314: $? = 1
configure: failed program was:
|       program main
|       call dsyev
|       end
configure:9324: result: no
configure:9335: checking for dsyev in -lsunperf
configure:9347: gfortran -o conftest  -I/usr/include -DHAVE_PYTHON   conftest.f -lsunperf  -lblas  -L/usr/lib/python2.7 -lpython2.7 -Xlinker -export-dynamic -Wl,-O1 -Wl,-Bsymbolic-functions -L/usr/lib -lz -lpthread -ldl  -lutil >&5
/usr/bin/ld: cannot find -lsunperf
collect2: error: ld returned 1 exit status
configure:9347: $? = 1
configure: failed program was:
|       program main
|       call dsyev
|       end
configure:9357: result: no
configure:9367: checking for dsyev in BLAS library
configure:9374: gfortran -o conftest  -I/usr/include -DHAVE_PYTHON   conftest.f -lblas  -L/usr/lib/python2.7 -lpython2.7 -Xlinker -export-dynamic -Wl,-O1 -Wl,-Bsymbolic-functions -L/usr/lib -lz -lpthread -ldl  -lutil >&5
/tmp/ccvqLE9P.o: In function `MAIN__':
conftest.f:(.text+0xa): undefined reference to `dsyev_'
collect2: error: ld returned 1 exit status
configure:9374: $? = 1
configure: failed program was:
|       program main
|       call dsyev
|       end
configure:9379: result: no
configure:9386: checking for dsyev in -llapack
configure:9398: gfortran -o conftest  -I/usr/include -DHAVE_PYTHON   conftest.f -llapack  -lblas  -L/usr/lib/python2.7 -lpython2.7 -Xlinker -export-dynamic -Wl,-O1 -Wl,-Bsymbolic-functions -L/usr/lib -lz -lpthread -ldl  -lutil >&5
configure:9398: $? = 0
configure:9408: result: yes
configure:9443: checking for main in -lstdc++
configure:9478: gcc -o conftest -g -O2 -DHAVE_PYTHON -I/usr/include/python2.7     conftest.c -lstdc++   -L/usr/lib/python2.7 -lpython2.7 -Xlinker -export-dynamic -Wl,-O1 -Wl,-Bsymbolic-functions -L/usr/lib -lz -lpthread -ldl  -lutil >&5
configure:9478: $? = 0
configure:9487: result: yes
configure:9498: checking for main in -lm
configure:9533: gcc -o conftest -g -O2 -DHAVE_PYTHON -I/usr/include/python2.7     conftest.c -lm  -lstdc++  -L/usr/lib/python2.7 -lpython2.7 -Xlinker -export-dynamic -Wl,-O1 -Wl,-Bsymbolic-functions -L/usr/lib -lz -lpthread -ldl  -lutil >&5
configure:9533: $? = 0
configure:9542: result: yes
configure:9553: checking for main in -lpthread
configure:9588: gcc -o conftest -g -O2 -DHAVE_PYTHON -I/usr/include/python2.7     conftest.c -lpthread  -lm -lstdc++  -L/usr/lib/python2.7 -lpython2.7 -Xlinker -export-dynamic -Wl,-O1 -Wl,-Bsymbolic-functions -L/usr/lib -lz -lpthread -ldl  -lutil >&5
configure:9588: $? = 0
configure:9597: result: yes
configure:9608: checking for utInit in -ludunits
configure:9649: gcc -o conftest -g -O2 -DHAVE_PYTHON -I/usr/include/python2.7     conftest.c -ludunits  -lpthread -lm -lstdc++  -L/usr/lib/python2.7 -lpython2.7 -Xlinker -export-dynamic -Wl,-O1 -Wl,-Bsymbolic-functions -L/usr/lib -lz -lpthread -ldl  -lutil >&5
/usr/bin/ld: cannot find -ludunits
collect2: error: ld returned 1 exit status
configure:9649: $? = 1
configure: failed program was:
| /* confdefs.h */
| #define PACKAGE_NAME ""
| #define PACKAGE_TARNAME ""
| #define PACKAGE_VERSION ""
| #define PACKAGE_STRING ""
| #define PACKAGE_BUGREPORT ""
| #define PACKAGE_URL ""
| #define STDC_HEADERS 1
| #define HAVE_SYS_TYPES_H 1
| #define HAVE_SYS_STAT_H 1
| #define HAVE_STDLIB_H 1
| #define HAVE_STRING_H 1
| #define HAVE_MEMORY_H 1
| #define HAVE_STRINGS_H 1
| #define HAVE_INTTYPES_H 1
| #define HAVE_STDINT_H 1
| #define HAVE_UNISTD_H 1
| #define SIZEOF_LONG_INT 8
| #define LONG_64_BITS 1
| #define F77_FUNC(name,NAME) name ## _
| #define F77_FUNC_(name,NAME) name ## _
| #define HAVE_BLAS 1
| #define HAVE_LAPACK 1
| #define HAVE_LIBSTDC__ 1
| #define HAVE_LIBM 1
| #define HAVE_LIBPTHREAD 1
| /* end confdefs.h.  */
| 
| /* Override any GCC internal prototype to avoid an error.
|    Use char because int might match the return type of a GCC
|    builtin and then its argument prototype would still apply.  */
| #ifdef __cplusplus
| extern "C"
| #endif
| char utInit ();
| #ifdef F77_DUMMY_MAIN
| 
| #  ifdef __cplusplus
|      extern "C"
| #  endif
|    int F77_DUMMY_MAIN() { return 1; }
| 
| #endif
| #ifdef FC_DUMMY_MAIN
| #ifndef FC_DUMMY_MAIN_EQ_F77
| #  ifdef __cplusplus
|      extern "C"
| #  endif
|    int FC_DUMMY_MAIN() { return 1; }
| #endif
| #endif
| int
| main ()
| {
| return utInit ();
|   ;
|   return 0;
| }
configure:9658: result: no
configure:9719: checking how do we get fortran 77 to allow long lines
configure:9729: gfortran -c -ffast-math -frecord-marker=4  -I/usr/include -DHAVE_PYTHON conftest.f >&5
conftest.f:3:16:

        PRINT*, "hello world                                                                                      "
                1
Error: Unterminated character constant beginning at (1)
configure:9729: $? = 1
configure: failed program was:
|       program main
| 
|        PRINT*, "hello world                                                                                      "
|       end
configure:9747: gfortran -c -extend_source conftest.f >&5
conftest.f:3:16:

        PRINT*, "hello world                                                                                      "
                1
Error: Unterminated character constant beginning at (1)
configure:9747: $? = 1
configure: failed program was:
|       program main
| 
|        PRINT*, "hello world                                                                                      "
|       end
configure:9765: gfortran -c -132 conftest.f >&5
gfortran: error: unrecognized command line option '-132'; did you mean '-m32'?
configure:9765: $? = 1
configure: failed program was:
|       program main
| 
|        PRINT*, "hello world                                                                                      "
|       end
configure:9783: gfortran -c -ffree-line-length-none -ffixed-line-length-none conftest.f >&5
configure:9783: $? = 0
configure:9786: result: -ffree-line-length-none -ffixed-line-length-none
configure:9931: checking for a BSD-compatible install
configure:9999: result: /usr/bin/install -c
configure:10012: checking for gmake
configure:10040: result: make
configure:10053: checking for ar
configure:10069: found /usr/bin/ar
configure:10080: result: ar
configure:10132: checking for ranlib
configure:10148: found /usr/bin/ranlib
configure:10159: result: ranlib
configure:10228: Setting optimisation flags for gfortran
configure:10325: checking for mpif90
configure:10341: found /usr/bin/mpif90
configure:10352: result: mpif90
configure:10415: checking for mpicc
configure:10431: found /usr/bin/mpicc
configure:10442: result: mpicc
configure:10458: checking for mpicxx
configure:10474: found /usr/bin/mpicxx
configure:10485: result: mpicxx
configure:10503: checking checking if we link using -lmpi
configure:10539: mpicc -o conftest -g -O2 -DHAVE_PYTHON -I/usr/include/python2.7     conftest.c -lmpi >&5
configure:10539: $? = 0
configure:10541: result: yes
configure:10679: checking for cg_open in -lcgns
configure:10720: mpicc -o conftest -g -O2 -DHAVE_PYTHON -I/usr/include/python2.7     conftest.c -lcgns  -lmpi  -llapack -lblas -lpthread -lm -lstdc++  -L/usr/lib/python2.7 -lpython2.7 -Xlinker -export-dynamic -Wl,-O1 -Wl,-Bsymbolic-functions -L/usr/lib -lz -lpthread -ldl  -lutil  -L/usr/lib/gcc/x86_64-linux-gnu/7 -L/usr/lib/gcc/x86_64-linux-gnu/7/../../../x86_64-linux-gnu -L/usr/lib/gcc/x86_64-linux-gnu/7/../../../../lib -L/lib/x86_64-linux-gnu -L/lib/../lib -L/usr/lib/x86_64-linux-gnu -L/usr/lib/../lib -L/usr/lib/gcc/x86_64-linux-gnu/7/../../.. -lgfortran -lm -lquadmath -L/usr/lib/gcc/x86_64-linux-gnu/7 -L/usr/lib/gcc/x86_64-linux-gnu/7/../../../x86_64-linux-gnu -L/usr/lib/gcc/x86_64-linux-gnu/7/../../../../lib -L/lib/x86_64-linux-gnu -L/lib/../lib -L/usr/lib/x86_64-linux-gnu -L/usr/lib/../lib -L/usr/lib/gcc/x86_64-linux-gnu/7/../../.. -lgfortran -lm -lquadmath -L/usr/lib/python2.7 -lpython2.7 -Xlinker -export-dynamic -Wl,-O1 -Wl,-Bsymbolic-functions -L/usr/lib -lz -lpthread -ldl -lutil >&5
/usr/bin/ld: cannot find -lcgns
collect2: error: ld returned 1 exit status
configure:10720: $? = 1
configure: failed program was:
| /* confdefs.h */
| #define PACKAGE_NAME ""
| #define PACKAGE_TARNAME ""
| #define PACKAGE_VERSION ""
| #define PACKAGE_STRING ""
| #define PACKAGE_BUGREPORT ""
| #define PACKAGE_URL ""
| #define STDC_HEADERS 1
| #define HAVE_SYS_TYPES_H 1
| #define HAVE_SYS_STAT_H 1
| #define HAVE_STDLIB_H 1
| #define HAVE_STRING_H 1
| #define HAVE_MEMORY_H 1
| #define HAVE_STRINGS_H 1
| #define HAVE_INTTYPES_H 1
| #define HAVE_STDINT_H 1
| #define HAVE_UNISTD_H 1
| #define SIZEOF_LONG_INT 8
| #define LONG_64_BITS 1
| #define F77_FUNC(name,NAME) name ## _
| #define F77_FUNC_(name,NAME) name ## _
| #define HAVE_BLAS 1
| #define HAVE_LAPACK 1
| #define HAVE_LIBSTDC__ 1
| #define HAVE_LIBM 1
| #define HAVE_LIBPTHREAD 1
| #define USING_GFORTRAN 1
| #define NDEBUG 1
| #define HAVE_MPI 1
| #define HAVE_MPI_CXX 1
| #define _MPI_CPP_BINDINGS 1
| /* end confdefs.h.  */
| 
| /* Override any GCC internal prototype to avoid an error.
|    Use char because int might match the return type of a GCC
|    builtin and then its argument prototype would still apply.  */
| #ifdef __cplusplus
| extern "C"
| #endif
| char cg_open ();
| #ifdef F77_DUMMY_MAIN
| 
| #  ifdef __cplusplus
|      extern "C"
| #  endif
|    int F77_DUMMY_MAIN() { return 1; }
| 
| #endif
| #ifdef FC_DUMMY_MAIN
| #ifndef FC_DUMMY_MAIN_EQ_F77
| #  ifdef __cplusplus
|      extern "C"
| #  endif
|    int FC_DUMMY_MAIN() { return 1; }
| #endif
| #endif
| int
| main ()
| {
| return cg_open ();
|   ;
|   return 0;
| }
configure:10729: result: no
configure:10780: checking for nc_create in -lnetcdf
configure:10821: mpicc -o conftest -g -O2 -DHAVE_PYTHON -I/usr/include/python2.7     conftest.c -lnetcdf  -lmpi  -llapack -lblas -lpthread -lm -lstdc++  -L/usr/lib/python2.7 -lpython2.7 -Xlinker -export-dynamic -Wl,-O1 -Wl,-Bsymbolic-functions -L/usr/lib -lz -lpthread -ldl  -lutil  -L/usr/lib/gcc/x86_64-linux-gnu/7 -L/usr/lib/gcc/x86_64-linux-gnu/7/../../../x86_64-linux-gnu -L/usr/lib/gcc/x86_64-linux-gnu/7/../../../../lib -L/lib/x86_64-linux-gnu -L/lib/../lib -L/usr/lib/x86_64-linux-gnu -L/usr/lib/../lib -L/usr/lib/gcc/x86_64-linux-gnu/7/../../.. -lgfortran -lm -lquadmath -L/usr/lib/gcc/x86_64-linux-gnu/7 -L/usr/lib/gcc/x86_64-linux-gnu/7/../../../x86_64-linux-gnu -L/usr/lib/gcc/x86_64-linux-gnu/7/../../../../lib -L/lib/x86_64-linux-gnu -L/lib/../lib -L/usr/lib/x86_64-linux-gnu -L/usr/lib/../lib -L/usr/lib/gcc/x86_64-linux-gnu/7/../../.. -lgfortran -lm -lquadmath -L/usr/lib/python2.7 -lpython2.7 -Xlinker -export-dynamic -Wl,-O1 -Wl,-Bsymbolic-functions -L/usr/lib -lz -lpthread -ldl -lutil >&5
configure:10821: $? = 0
configure:10830: result: yes
configure:10848: checking for ncopn_ in -lnetcdff
configure:10889: mpicc -o conftest -g -O2 -DHAVE_PYTHON -I/usr/include/python2.7     conftest.c -lnetcdff  -lnetcdf -lmpi  -llapack -lblas -lpthread -lm -lstdc++  -L/usr/lib/python2.7 -lpython2.7 -Xlinker -export-dynamic -Wl,-O1 -Wl,-Bsymbolic-functions -L/usr/lib -lz -lpthread -ldl  -lutil  -L/usr/lib/gcc/x86_64-linux-gnu/7 -L/usr/lib/gcc/x86_64-linux-gnu/7/../../../x86_64-linux-gnu -L/usr/lib/gcc/x86_64-linux-gnu/7/../../../../lib -L/lib/x86_64-linux-gnu -L/lib/../lib -L/usr/lib/x86_64-linux-gnu -L/usr/lib/../lib -L/usr/lib/gcc/x86_64-linux-gnu/7/../../.. -lgfortran -lm -lquadmath -L/usr/lib/gcc/x86_64-linux-gnu/7 -L/usr/lib/gcc/x86_64-linux-gnu/7/../../../x86_64-linux-gnu -L/usr/lib/gcc/x86_64-linux-gnu/7/../../../../lib -L/lib/x86_64-linux-gnu -L/lib/../lib -L/usr/lib/x86_64-linux-gnu -L/usr/lib/../lib -L/usr/lib/gcc/x86_64-linux-gnu/7/../../.. -lgfortran -lm -lquadmath -L/usr/lib/python2.7 -lpython2.7 -Xlinker -export-dynamic -Wl,-O1 -Wl,-Bsymbolic-functions -L/usr/lib -lz -lpthread -ldl -lutil -lnetcdf >&5
configure:10889: $? = 0
configure:10898: result: yes
configure:10945: checking for ParMETIS_V3_AdaptiveRepart in -lparmetis
configure:10986: mpicc -o conftest -g -O2 -DHAVE_PYTHON -I/usr/include/python2.7     conftest.c -lparmetis  -lnetcdff -lnetcdf -lmpi  -llapack -lblas -lpthread -lm -lstdc++  -L/usr/lib/python2.7 -lpython2.7 -Xlinker -export-dynamic -Wl,-O1 -Wl,-Bsymbolic-functions -L/usr/lib -lz -lpthread -ldl  -lutil  -L/usr/lib/gcc/x86_64-linux-gnu/7 -L/usr/lib/gcc/x86_64-linux-gnu/7/../../../x86_64-linux-gnu -L/usr/lib/gcc/x86_64-linux-gnu/7/../../../../lib -L/lib/x86_64-linux-gnu -L/lib/../lib -L/usr/lib/x86_64-linux-gnu -L/usr/lib/../lib -L/usr/lib/gcc/x86_64-linux-gnu/7/../../.. -lgfortran -lm -lquadmath -L/usr/lib/gcc/x86_64-linux-gnu/7 -L/usr/lib/gcc/x86_64-linux-gnu/7/../../../x86_64-linux-gnu -L/usr/lib/gcc/x86_64-linux-gnu/7/../../../../lib -L/lib/x86_64-linux-gnu -L/lib/../lib -L/usr/lib/x86_64-linux-gnu -L/usr/lib/../lib -L/usr/lib/gcc/x86_64-linux-gnu/7/../../.. -lgfortran -lm -lquadmath -L/usr/lib/python2.7 -lpython2.7 -Xlinker -export-dynamic -Wl,-O1 -Wl,-Bsymbolic-functions -L/usr/lib -lz -lpthread -ldl -lutil -lnetcdf -lnetcdff -L../ParMetis-3.1//lib -lparmetis -lmetis -lm >&5
configure:10986: $? = 0
configure:10995: result: yes
configure:11023: checking for X
configure:11131: gcc -E  conftest.c
configure:11131: $? = 0
configure:11178: mpicc -o conftest -g -O2 -DHAVE_PYTHON -I/usr/include/python2.7     conftest.c -lX11 -lnetcdff -lnetcdf -lmpi  -llapack -lblas -lpthread -lm -lstdc++  -L/usr/lib/python2.7 -lpython2.7 -Xlinker -export-dynamic -Wl,-O1 -Wl,-Bsymbolic-functions -L/usr/lib -lz -lpthread -ldl  -lutil  -L/usr/lib/gcc/x86_64-linux-gnu/7 -L/usr/lib/gcc/x86_64-linux-gnu/7/../../../x86_64-linux-gnu -L/usr/lib/gcc/x86_64-linux-gnu/7/../../../../lib -L/lib/x86_64-linux-gnu -L/lib/../lib -L/usr/lib/x86_64-linux-gnu -L/usr/lib/../lib -L/usr/lib/gcc/x86_64-linux-gnu/7/../../.. -lgfortran -lm -lquadmath -L/usr/lib/gcc/x86_64-linux-gnu/7 -L/usr/lib/gcc/x86_64-linux-gnu/7/../../../x86_64-linux-gnu -L/usr/lib/gcc/x86_64-linux-gnu/7/../../../../lib -L/lib/x86_64-linux-gnu -L/lib/../lib -L/usr/lib/x86_64-linux-gnu -L/usr/lib/../lib -L/usr/lib/gcc/x86_64-linux-gnu/7/../../.. -lgfortran -lm -lquadmath -L/usr/lib/python2.7 -lpython2.7 -Xlinker -export-dynamic -Wl,-O1 -Wl,-Bsymbolic-functions -L/usr/lib -lz -lpthread -ldl -lutil -lnetcdf -lnetcdff -L../ParMetis-3.1//lib -lparmetis -lmetis >&5
configure:11178: $? = 0
configure:11228: result: libraries , headers 
configure:11381: mpicc -o conftest -g -O2 -DHAVE_PYTHON -I/usr/include/python2.7     conftest.c -lnetcdff -lnetcdf -lmpi  -llapack -lblas -lpthread -lm -lstdc++  -L/usr/lib/python2.7 -lpython2.7 -Xlinker -export-dynamic -Wl,-O1 -Wl,-Bsymbolic-functions -L/usr/lib -lz -lpthread -ldl  -lutil  -L/usr/lib/gcc/x86_64-linux-gnu/7 -L/usr/lib/gcc/x86_64-linux-gnu/7/../../../x86_64-linux-gnu -L/usr/lib/gcc/x86_64-linux-gnu/7/../../../../lib -L/lib/x86_64-linux-gnu -L/lib/../lib -L/usr/lib/x86_64-linux-gnu -L/usr/lib/../lib -L/usr/lib/gcc/x86_64-linux-gnu/7/../../.. -lgfortran -lm -lquadmath -L/usr/lib/gcc/x86_64-linux-gnu/7 -L/usr/lib/gcc/x86_64-linux-gnu/7/../../../x86_64-linux-gnu -L/usr/lib/gcc/x86_64-linux-gnu/7/../../../../lib -L/lib/x86_64-linux-gnu -L/lib/../lib -L/usr/lib/x86_64-linux-gnu -L/usr/lib/../lib -L/usr/lib/gcc/x86_64-linux-gnu/7/../../.. -lgfortran -lm -lquadmath -L/usr/lib/python2.7 -lpython2.7 -Xlinker -export-dynamic -Wl,-O1 -Wl,-Bsymbolic-functions -L/usr/lib -lz -lpthread -ldl -lutil -lnetcdf -lnetcdff -L../ParMetis-3.1//lib -lparmetis -lmetis  -lX11 >&5
configure:11381: $? = 0
configure:11511: checking for gethostbyname
configure:11511: mpicc -o conftest -g -O2 -DHAVE_PYTHON -I/usr/include/python2.7     conftest.c -lnetcdff -lnetcdf -lmpi  -llapack -lblas -lpthread -lm -lstdc++  -L/usr/lib/python2.7 -lpython2.7 -Xlinker -export-dynamic -Wl,-O1 -Wl,-Bsymbolic-functions -L/usr/lib -lz -lpthread -ldl  -lutil  -L/usr/lib/gcc/x86_64-linux-gnu/7 -L/usr/lib/gcc/x86_64-linux-gnu/7/../../../x86_64-linux-gnu -L/usr/lib/gcc/x86_64-linux-gnu/7/../../../../lib -L/lib/x86_64-linux-gnu -L/lib/../lib -L/usr/lib/x86_64-linux-gnu -L/usr/lib/../lib -L/usr/lib/gcc/x86_64-linux-gnu/7/../../.. -lgfortran -lm -lquadmath -L/usr/lib/gcc/x86_64-linux-gnu/7 -L/usr/lib/gcc/x86_64-linux-gnu/7/../../../x86_64-linux-gnu -L/usr/lib/gcc/x86_64-linux-gnu/7/../../../../lib -L/lib/x86_64-linux-gnu -L/lib/../lib -L/usr/lib/x86_64-linux-gnu -L/usr/lib/../lib -L/usr/lib/gcc/x86_64-linux-gnu/7/../../.. -lgfortran -lm -lquadmath -L/usr/lib/python2.7 -lpython2.7 -Xlinker -export-dynamic -Wl,-O1 -Wl,-Bsymbolic-functions -L/usr/lib -lz -lpthread -ldl -lutil -lnetcdf -lnetcdff -L../ParMetis-3.1//lib -lparmetis -lmetis >&5
configure:11511: $? = 0
configure:11511: result: yes
configure:11640: checking for connect
configure:11640: mpicc -o conftest -g -O2 -DHAVE_PYTHON -I/usr/include/python2.7     conftest.c -lnetcdff -lnetcdf -lmpi  -llapack -lblas -lpthread -lm -lstdc++  -L/usr/lib/python2.7 -lpython2.7 -Xlinker -export-dynamic -Wl,-O1 -Wl,-Bsymbolic-functions -L/usr/lib -lz -lpthread -ldl  -lutil  -L/usr/lib/gcc/x86_64-linux-gnu/7 -L/usr/lib/gcc/x86_64-linux-gnu/7/../../../x86_64-linux-gnu -L/usr/lib/gcc/x86_64-linux-gnu/7/../../../../lib -L/lib/x86_64-linux-gnu -L/lib/../lib -L/usr/lib/x86_64-linux-gnu -L/usr/lib/../lib -L/usr/lib/gcc/x86_64-linux-gnu/7/../../.. -lgfortran -lm -lquadmath -L/usr/lib/gcc/x86_64-linux-gnu/7 -L/usr/lib/gcc/x86_64-linux-gnu/7/../../../x86_64-linux-gnu -L/usr/lib/gcc/x86_64-linux-gnu/7/../../../../lib -L/lib/x86_64-linux-gnu -L/lib/../lib -L/usr/lib/x86_64-linux-gnu -L/usr/lib/../lib -L/usr/lib/gcc/x86_64-linux-gnu/7/../../.. -lgfortran -lm -lquadmath -L/usr/lib/python2.7 -lpython2.7 -Xlinker -export-dynamic -Wl,-O1 -Wl,-Bsymbolic-functions -L/usr/lib -lz -lpthread -ldl -lutil -lnetcdf -lnetcdff -L../ParMetis-3.1//lib -lparmetis -lmetis >&5
configure:11640: $? = 0
configure:11640: result: yes
configure:11705: checking for remove
configure:11705: mpicc -o conftest -g -O2 -DHAVE_PYTHON -I/usr/include/python2.7     conftest.c -lnetcdff -lnetcdf -lmpi  -llapack -lblas -lpthread -lm -lstdc++  -L/usr/lib/python2.7 -lpython2.7 -Xlinker -export-dynamic -Wl,-O1 -Wl,-Bsymbolic-functions -L/usr/lib -lz -lpthread -ldl  -lutil  -L/usr/lib/gcc/x86_64-linux-gnu/7 -L/usr/lib/gcc/x86_64-linux-gnu/7/../../../x86_64-linux-gnu -L/usr/lib/gcc/x86_64-linux-gnu/7/../../../../lib -L/lib/x86_64-linux-gnu -L/lib/../lib -L/usr/lib/x86_64-linux-gnu -L/usr/lib/../lib -L/usr/lib/gcc/x86_64-linux-gnu/7/../../.. -lgfortran -lm -lquadmath -L/usr/lib/gcc/x86_64-linux-gnu/7 -L/usr/lib/gcc/x86_64-linux-gnu/7/../../../x86_64-linux-gnu -L/usr/lib/gcc/x86_64-linux-gnu/7/../../../../lib -L/lib/x86_64-linux-gnu -L/lib/../lib -L/usr/lib/x86_64-linux-gnu -L/usr/lib/../lib -L/usr/lib/gcc/x86_64-linux-gnu/7/../../.. -lgfortran -lm -lquadmath -L/usr/lib/python2.7 -lpython2.7 -Xlinker -export-dynamic -Wl,-O1 -Wl,-Bsymbolic-functions -L/usr/lib -lz -lpthread -ldl -lutil -lnetcdf -lnetcdff -L../ParMetis-3.1//lib -lparmetis -lmetis >&5
configure:11705: $? = 0
configure:11705: result: yes
configure:11770: checking for shmat
configure:11770: mpicc -o conftest -g -O2 -DHAVE_PYTHON -I/usr/include/python2.7     conftest.c -lnetcdff -lnetcdf -lmpi  -llapack -lblas -lpthread -lm -lstdc++  -L/usr/lib/python2.7 -lpython2.7 -Xlinker -export-dynamic -Wl,-O1 -Wl,-Bsymbolic-functions -L/usr/lib -lz -lpthread -ldl  -lutil  -L/usr/lib/gcc/x86_64-linux-gnu/7 -L/usr/lib/gcc/x86_64-linux-gnu/7/../../../x86_64-linux-gnu -L/usr/lib/gcc/x86_64-linux-gnu/7/../../../../lib -L/lib/x86_64-linux-gnu -L/lib/../lib -L/usr/lib/x86_64-linux-gnu -L/usr/lib/../lib -L/usr/lib/gcc/x86_64-linux-gnu/7/../../.. -lgfortran -lm -lquadmath -L/usr/lib/gcc/x86_64-linux-gnu/7 -L/usr/lib/gcc/x86_64-linux-gnu/7/../../../x86_64-linux-gnu -L/usr/lib/gcc/x86_64-linux-gnu/7/../../../../lib -L/lib/x86_64-linux-gnu -L/lib/../lib -L/usr/lib/x86_64-linux-gnu -L/usr/lib/../lib -L/usr/lib/gcc/x86_64-linux-gnu/7/../../.. -lgfortran -lm -lquadmath -L/usr/lib/python2.7 -lpython2.7 -Xlinker -export-dynamic -Wl,-O1 -Wl,-Bsymbolic-functions -L/usr/lib -lz -lpthread -ldl -lutil -lnetcdf -lnetcdff -L../ParMetis-3.1//lib -lparmetis -lmetis >&5
configure:11770: $? = 0
configure:11770: result: yes
configure:11844: checking for IceConnectionNumber in -lICE
configure:11885: mpicc -o conftest -g -O2 -DHAVE_PYTHON -I/usr/include/python2.7     conftest.c -lICE  -lnetcdff -lnetcdf -lmpi  -llapack -lblas -lpthread -lm -lstdc++  -L/usr/lib/python2.7 -lpython2.7 -Xlinker -export-dynamic -Wl,-O1 -Wl,-Bsymbolic-functions -L/usr/lib -lz -lpthread -ldl  -lutil  -L/usr/lib/gcc/x86_64-linux-gnu/7 -L/usr/lib/gcc/x86_64-linux-gnu/7/../../../x86_64-linux-gnu -L/usr/lib/gcc/x86_64-linux-gnu/7/../../../../lib -L/lib/x86_64-linux-gnu -L/lib/../lib -L/usr/lib/x86_64-linux-gnu -L/usr/lib/../lib -L/usr/lib/gcc/x86_64-linux-gnu/7/../../.. -lgfortran -lm -lquadmath -L/usr/lib/gcc/x86_64-linux-gnu/7 -L/usr/lib/gcc/x86_64-linux-gnu/7/../../../x86_64-linux-gnu -L/usr/lib/gcc/x86_64-linux-gnu/7/../../../../lib -L/lib/x86_64-linux-gnu -L/lib/../lib -L/usr/lib/x86_64-linux-gnu -L/usr/lib/../lib -L/usr/lib/gcc/x86_64-linux-gnu/7/../../.. -lgfortran -lm -lquadmath -L/usr/lib/python2.7 -lpython2.7 -Xlinker -export-dynamic -Wl,-O1 -Wl,-Bsymbolic-functions -L/usr/lib -lz -lpthread -ldl -lutil -lnetcdf -lnetcdff -L../ParMetis-3.1//lib -lparmetis -lmetis >&5
configure:11885: $? = 0
configure:11894: result: yes
configure:11957: mpif90 -o conftest -ffast-math -frecord-marker=4  -I/usr/include -DHAVE_PYTHON -ffree-line-length-none -ffixed-line-length-none  -O3 -I/usr/lib/petscdir/petsc-3.6.4/include -I/usr/lib/petscdir/petsc-3.6.4/arch-linux2-c-debug/include -I/usr/lib/x86_64-linux-gnu/openmpi/include/openmpi -I/usr/lib/x86_64-linux-gnu/openmpi/include/openmpi/opal/mca/event/libevent2022/libevent -I/usr/lib/x86_64-linux-gnu/openmpi/include/openmpi/opal/mca/event/libevent2022/libevent/include -I/usr/lib/x86_64-linux-gnu/openmpi/include     conftest.F90 -lnetcdff -lnetcdf -lmpi -llapack -lblas -lpthread -lm -lstdc++ -L/usr/lib/python2.7 -lpython2.7 -Xlinker -export-dynamic -Wl,-O1 -Wl,-Bsymbolic-functions -L/usr/lib -lz -lpthread -ldl -lutil -L/usr/lib/gcc/x86_64-linux-gnu/7 -L/usr/lib/gcc/x86_64-linux-gnu/7/../../../x86_64-linux-gnu -L/usr/lib/gcc/x86_64-linux-gnu/7/../../../../lib -L/lib/x86_64-linux-gnu -L/lib/../lib -L/usr/lib/x86_64-linux-gnu -L/usr/lib/../lib -L/usr/lib/gcc/x86_64-linux-gnu/7/../../.. -lgfortran -lm -lquadmath -L/usr/lib/gcc/x86_64-linux-gnu/7 -L/usr/lib/gcc/x86_64-linux-gnu/7/../../../x86_64-linux-gnu -L/usr/lib/gcc/x86_64-linux-gnu/7/../../../../lib -L/lib/x86_64-linux-gnu -L/lib/../lib -L/usr/lib/x86_64-linux-gnu -L/usr/lib/../lib -L/usr/lib/gcc/x86_64-linux-gnu/7/../../.. -lgfortran -lm -lquadmath -L/usr/lib/python2.7 -lpython2.7 -Xlinker -export-dynamic -Wl,-O1 -Wl,-Bsymbolic-functions -L/usr/lib -lz -lpthread -ldl -lutil -lnetcdf -lnetcdff -L../ParMetis-3.1//lib -lparmetis -lmetis -Wl,-rpath,/usr/lib/petscdir/petsc-3.6.4/arch-linux2-c-debug/lib -Wl,-rpath,/usr/lib/petscdir/petsc-3.6.4/arch-linux2-c-debug/lib -L/usr/lib/petscdir/petsc-3.6.4/arch-linux2-c-debug/lib -lpetsc -llapack -lblas -lhwloc -lX11 -lm -Wl,-rpath,/usr/lib/x86_64-linux-gnu/openmpi/lib -L/usr/lib/x86_64-linux-gnu/openmpi/lib -Wl,-rpath,/usr/lib/gcc/x86_64-linux-gnu/7 -L/usr/lib/gcc/x86_64-linux-gnu/7 -Wl,-rpath,/usr/lib/x86_64-linux-gnu -L/usr/lib/x86_64-linux-gnu -Wl,-rpath,/lib/x86_64-linux-gnu -L/lib/x86_64-linux-gnu -lmpi_usempif08 -lmpi_usempi_ignore_tkr -lmpi_mpifh -lgfortran -lm -lgfortran -lm -lquadmath -lm -lmpi_cxx -lstdc++ -Wl,-rpath,/usr/lib/x86_64-linux-gnu/openmpi/lib -L/usr/lib/x86_64-linux-gnu/openmpi/lib -Wl,-rpath,/usr/lib/gcc/x86_64-linux-gnu/7 -L/usr/lib/gcc/x86_64-linux-gnu/7 -Wl,-rpath,/usr/lib/x86_64-linux-gnu -L/usr/lib/x86_64-linux-gnu -Wl,-rpath,/lib/x86_64-linux-gnu -L/lib/x86_64-linux-gnu -Wl,-rpath,/usr/lib/x86_64-linux-gnu -L/usr/lib/x86_64-linux-gnu -ldl -lmpi -lgcc_s -lpthread -ldl >&5
configure:11957: $? = 0
configure:11959: PETSc modules are working.
configure:12089: mpif90 -o conftest -ffast-math -frecord-marker=4  -I/usr/include -DHAVE_PYTHON -ffree-line-length-none -ffixed-line-length-none  -O3 -I/usr/lib/petscdir/petsc-3.6.4/include -I/usr/lib/petscdir/petsc-3.6.4/arch-linux2-c-debug/include -I/usr/lib/x86_64-linux-gnu/openmpi/include/openmpi -I/usr/lib/x86_64-linux-gnu/openmpi/include/openmpi/opal/mca/event/libevent2022/libevent -I/usr/lib/x86_64-linux-gnu/openmpi/include/openmpi/opal/mca/event/libevent2022/libevent/include -I/usr/lib/x86_64-linux-gnu/openmpi/include     conftest.F90 -lnetcdff -lnetcdf -lmpi -llapack -lblas -lpthread -lm -lstdc++ -L/usr/lib/python2.7 -lpython2.7 -Xlinker -export-dynamic -Wl,-O1 -Wl,-Bsymbolic-functions -L/usr/lib -lz -lpthread -ldl -lutil -L/usr/lib/gcc/x86_64-linux-gnu/7 -L/usr/lib/gcc/x86_64-linux-gnu/7/../../../x86_64-linux-gnu -L/usr/lib/gcc/x86_64-linux-gnu/7/../../../../lib -L/lib/x86_64-linux-gnu -L/lib/../lib -L/usr/lib/x86_64-linux-gnu -L/usr/lib/../lib -L/usr/lib/gcc/x86_64-linux-gnu/7/../../.. -lgfortran -lm -lquadmath -L/usr/lib/gcc/x86_64-linux-gnu/7 -L/usr/lib/gcc/x86_64-linux-gnu/7/../../../x86_64-linux-gnu -L/usr/lib/gcc/x86_64-linux-gnu/7/../../../../lib -L/lib/x86_64-linux-gnu -L/lib/../lib -L/usr/lib/x86_64-linux-gnu -L/usr/lib/../lib -L/usr/lib/gcc/x86_64-linux-gnu/7/../../.. -lgfortran -lm -lquadmath -L/usr/lib/python2.7 -lpython2.7 -Xlinker -export-dynamic -Wl,-O1 -Wl,-Bsymbolic-functions -L/usr/lib -lz -lpthread -ldl -lutil -lnetcdf -lnetcdff -L../ParMetis-3.1//lib -lparmetis -lmetis -Wl,-rpath,/usr/lib/petscdir/petsc-3.6.4/arch-linux2-c-debug/lib -Wl,-rpath,/usr/lib/petscdir/petsc-3.6.4/arch-linux2-c-debug/lib -L/usr/lib/petscdir/petsc-3.6.4/arch-linux2-c-debug/lib -lpetsc -llapack -lblas -lhwloc -lX11 -lm -Wl,-rpath,/usr/lib/x86_64-linux-gnu/openmpi/lib -L/usr/lib/x86_64-linux-gnu/openmpi/lib -Wl,-rpath,/usr/lib/gcc/x86_64-linux-gnu/7 -L/usr/lib/gcc/x86_64-linux-gnu/7 -Wl,-rpath,/usr/lib/x86_64-linux-gnu -L/usr/lib/x86_64-linux-gnu -Wl,-rpath,/lib/x86_64-linux-gnu -L/lib/x86_64-linux-gnu -lmpi_usempif08 -lmpi_usempi_ignore_tkr -lmpi_mpifh -lgfortran -lm -lgfortran -lm -lquadmath -lm -lmpi_cxx -lstdc++ -Wl,-rpath,/usr/lib/x86_64-linux-gnu/openmpi/lib -L/usr/lib/x86_64-linux-gnu/openmpi/lib -Wl,-rpath,/usr/lib/gcc/x86_64-linux-gnu/7 -L/usr/lib/gcc/x86_64-linux-gnu/7 -Wl,-rpath,/usr/lib/x86_64-linux-gnu -L/usr/lib/x86_64-linux-gnu -Wl,-rpath,/lib/x86_64-linux-gnu -L/lib/x86_64-linux-gnu -Wl,-rpath,/usr/lib/x86_64-linux-gnu -L/usr/lib/x86_64-linux-gnu -ldl -lmpi -lgcc_s -lpthread -ldl >&5
configure:12089: $? = 0
configure:12091: PETSc program succesfully compiled and linked.
configure:12113: mpicc -o conftest -g -O2 -DHAVE_PYTHON -I/usr/include/python2.7  -I/usr/lib/petscdir/petsc-3.6.4/include -I/usr/lib/petscdir/petsc-3.6.4/arch-linux2-c-debug/include -I/usr/lib/x86_64-linux-gnu/openmpi/include/openmpi -I/usr/lib/x86_64-linux-gnu/openmpi/include/openmpi/opal/mca/event/libevent2022/libevent -I/usr/lib/x86_64-linux-gnu/openmpi/include/openmpi/opal/mca/event/libevent2022/libevent/include -I/usr/lib/x86_64-linux-gnu/openmpi/include    conftest.c -lnetcdff -lnetcdf -lmpi -llapack -lblas -lpthread -lm -lstdc++ -L/usr/lib/python2.7 -lpython2.7 -Xlinker -export-dynamic -Wl,-O1 -Wl,-Bsymbolic-functions -L/usr/lib -lz -lpthread -ldl -lutil -L/usr/lib/gcc/x86_64-linux-gnu/7 -L/usr/lib/gcc/x86_64-linux-gnu/7/../../../x86_64-linux-gnu -L/usr/lib/gcc/x86_64-linux-gnu/7/../../../../lib -L/lib/x86_64-linux-gnu -L/lib/../lib -L/usr/lib/x86_64-linux-gnu -L/usr/lib/../lib -L/usr/lib/gcc/x86_64-linux-gnu/7/../../.. -lgfortran -lm -lquadmath -L/usr/lib/gcc/x86_64-linux-gnu/7 -L/usr/lib/gcc/x86_64-linux-gnu/7/../../../x86_64-linux-gnu -L/usr/lib/gcc/x86_64-linux-gnu/7/../../../../lib -L/lib/x86_64-linux-gnu -L/lib/../lib -L/usr/lib/x86_64-linux-gnu -L/usr/lib/../lib -L/usr/lib/gcc/x86_64-linux-gnu/7/../../.. -lgfortran -lm -lquadmath -L/usr/lib/python2.7 -lpython2.7 -Xlinker -export-dynamic -Wl,-O1 -Wl,-Bsymbolic-functions -L/usr/lib -lz -lpthread -ldl -lutil -lnetcdf -lnetcdff -L../ParMetis-3.1//lib -lparmetis -lmetis -Wl,-rpath,/usr/lib/petscdir/petsc-3.6.4/arch-linux2-c-debug/lib -Wl,-rpath,/usr/lib/petscdir/petsc-3.6.4/arch-linux2-c-debug/lib -L/usr/lib/petscdir/petsc-3.6.4/arch-linux2-c-debug/lib -lpetsc -llapack -lblas -lhwloc -lX11 -lm -Wl,-rpath,/usr/lib/x86_64-linux-gnu/openmpi/lib -L/usr/lib/x86_64-linux-gnu/openmpi/lib -Wl,-rpath,/usr/lib/gcc/x86_64-linux-gnu/7 -L/usr/lib/gcc/x86_64-linux-gnu/7 -Wl,-rpath,/usr/lib/x86_64-linux-gnu -L/usr/lib/x86_64-linux-gnu -Wl,-rpath,/lib/x86_64-linux-gnu -L/lib/x86_64-linux-gnu -lmpi_usempif08 -lmpi_usempi_ignore_tkr -lmpi_mpifh -lgfortran -lm -lgfortran -lm -lquadmath -lm -lmpi_cxx -lstdc++ -Wl,-rpath,/usr/lib/x86_64-linux-gnu/openmpi/lib -L/usr/lib/x86_64-linux-gnu/openmpi/lib -Wl,-rpath,/usr/lib/gcc/x86_64-linux-gnu/7 -L/usr/lib/gcc/x86_64-linux-gnu/7 -Wl,-rpath,/usr/lib/x86_64-linux-gnu -L/usr/lib/x86_64-linux-gnu -Wl,-rpath,/lib/x86_64-linux-gnu -L/lib/x86_64-linux-gnu -Wl,-rpath,/usr/lib/x86_64-linux-gnu -L/usr/lib/x86_64-linux-gnu -ldl -lmpi -lgcc_s -lpthread -ldl >&5
configure:12113: $? = 0
configure:12113: ./conftest
configure:12113: $? = 0
configure:12120: Detected PETSc version 3
configure:12145: checking for library containing PCHYPRESetType
configure:12163: mpif90 -o conftest -ffast-math -frecord-marker=4  -I/usr/include -DHAVE_PYTHON -ffree-line-length-none -ffixed-line-length-none  -O3 -I/usr/lib/petscdir/petsc-3.6.4/include -I/usr/lib/petscdir/petsc-3.6.4/arch-linux2-c-debug/include -I/usr/lib/x86_64-linux-gnu/openmpi/include/openmpi -I/usr/lib/x86_64-linux-gnu/openmpi/include/openmpi/opal/mca/event/libevent2022/libevent -I/usr/lib/x86_64-linux-gnu/openmpi/include/openmpi/opal/mca/event/libevent2022/libevent/include -I/usr/lib/x86_64-linux-gnu/openmpi/include     conftest.f -lnetcdff -lnetcdf -lmpi -llapack -lblas -lpthread -lm -lstdc++ -L/usr/lib/python2.7 -lpython2.7 -Xlinker -export-dynamic -Wl,-O1 -Wl,-Bsymbolic-functions -L/usr/lib -lz -lpthread -ldl -lutil -L/usr/lib/gcc/x86_64-linux-gnu/7 -L/usr/lib/gcc/x86_64-linux-gnu/7/../../../x86_64-linux-gnu -L/usr/lib/gcc/x86_64-linux-gnu/7/../../../../lib -L/lib/x86_64-linux-gnu -L/lib/../lib -L/usr/lib/x86_64-linux-gnu -L/usr/lib/../lib -L/usr/lib/gcc/x86_64-linux-gnu/7/../../.. -lgfortran -lm -lquadmath -L/usr/lib/gcc/x86_64-linux-gnu/7 -L/usr/lib/gcc/x86_64-linux-gnu/7/../../../x86_64-linux-gnu -L/usr/lib/gcc/x86_64-linux-gnu/7/../../../../lib -L/lib/x86_64-linux-gnu -L/lib/../lib -L/usr/lib/x86_64-linux-gnu -L/usr/lib/../lib -L/usr/lib/gcc/x86_64-linux-gnu/7/../../.. -lgfortran -lm -lquadmath -L/usr/lib/python2.7 -lpython2.7 -Xlinker -export-dynamic -Wl,-O1 -Wl,-Bsymbolic-functions -L/usr/lib -lz -lpthread -ldl -lutil -lnetcdf -lnetcdff -L../ParMetis-3.1//lib -lparmetis -lmetis -Wl,-rpath,/usr/lib/petscdir/petsc-3.6.4/arch-linux2-c-debug/lib -Wl,-rpath,/usr/lib/petscdir/petsc-3.6.4/arch-linux2-c-debug/lib -L/usr/lib/petscdir/petsc-3.6.4/arch-linux2-c-debug/lib -lpetsc -llapack -lblas -lhwloc -lX11 -lm -Wl,-rpath,/usr/lib/x86_64-linux-gnu/openmpi/lib -L/usr/lib/x86_64-linux-gnu/openmpi/lib -Wl,-rpath,/usr/lib/gcc/x86_64-linux-gnu/7 -L/usr/lib/gcc/x86_64-linux-gnu/7 -Wl,-rpath,/usr/lib/x86_64-linux-gnu -L/usr/lib/x86_64-linux-gnu -Wl,-rpath,/lib/x86_64-linux-gnu -L/lib/x86_64-linux-gnu -lmpi_usempif08 -lmpi_usempi_ignore_tkr -lmpi_mpifh -lgfortran -lm -lgfortran -lm -lquadmath -lm -lmpi_cxx -lstdc++ -Wl,-rpath,/usr/lib/x86_64-linux-gnu/openmpi/lib -L/usr/lib/x86_64-linux-gnu/openmpi/lib -Wl,-rpath,/usr/lib/gcc/x86_64-linux-gnu/7 -L/usr/lib/gcc/x86_64-linux-gnu/7 -Wl,-rpath,/usr/lib/x86_64-linux-gnu -L/usr/lib/x86_64-linux-gnu -Wl,-rpath,/lib/x86_64-linux-gnu -L/lib/x86_64-linux-gnu -Wl,-rpath,/usr/lib/x86_64-linux-gnu -L/usr/lib/x86_64-linux-gnu -ldl -lmpi -lgcc_s -lpthread -ldl >&5
configure:12163: $? = 0
configure:12180: result: none required
configure:12258: Turning on double 8 byte floating point numbers
configure:12290: checking for compiler signal handling support.
configure:12321: mpif90 -o conftest -ffast-math -frecord-marker=4  -I/usr/include -DHAVE_PYTHON -ffree-line-length-none -ffixed-line-length-none  -O3 -I/usr/lib/petscdir/petsc-3.6.4/include -I/usr/lib/petscdir/petsc-3.6.4/arch-linux2-c-debug/include -I/usr/lib/x86_64-linux-gnu/openmpi/include/openmpi -I/usr/lib/x86_64-linux-gnu/openmpi/include/openmpi/opal/mca/event/libevent2022/libevent -I/usr/lib/x86_64-linux-gnu/openmpi/include/openmpi/opal/mca/event/libevent2022/libevent/include -I/usr/lib/x86_64-linux-gnu/openmpi/include -fdefault-real-8     conftest.f -lnetcdff -lnetcdf -lmpi -llapack -lblas -lpthread -lm -lstdc++ -L/usr/lib/python2.7 -lpython2.7 -Xlinker -export-dynamic -Wl,-O1 -Wl,-Bsymbolic-functions -L/usr/lib -lz -lpthread -ldl -lutil -L/usr/lib/gcc/x86_64-linux-gnu/7 -L/usr/lib/gcc/x86_64-linux-gnu/7/../../../x86_64-linux-gnu -L/usr/lib/gcc/x86_64-linux-gnu/7/../../../../lib -L/lib/x86_64-linux-gnu -L/lib/../lib -L/usr/lib/x86_64-linux-gnu -L/usr/lib/../lib -L/usr/lib/gcc/x86_64-linux-gnu/7/../../.. -lgfortran -lm -lquadmath -L/usr/lib/gcc/x86_64-linux-gnu/7 -L/usr/lib/gcc/x86_64-linux-gnu/7/../../../x86_64-linux-gnu -L/usr/lib/gcc/x86_64-linux-gnu/7/../../../../lib -L/lib/x86_64-linux-gnu -L/lib/../lib -L/usr/lib/x86_64-linux-gnu -L/usr/lib/../lib -L/usr/lib/gcc/x86_64-linux-gnu/7/../../.. -lgfortran -lm -lquadmath -L/usr/lib/python2.7 -lpython2.7 -Xlinker -export-dynamic -Wl,-O1 -Wl,-Bsymbolic-functions -L/usr/lib -lz -lpthread -ldl -lutil -lnetcdf -lnetcdff -L../ParMetis-3.1//lib -lparmetis -lmetis -Wl,-rpath,/usr/lib/petscdir/petsc-3.6.4/arch-linux2-c-debug/lib -Wl,-rpath,/usr/lib/petscdir/petsc-3.6.4/arch-linux2-c-debug/lib -L/usr/lib/petscdir/petsc-3.6.4/arch-linux2-c-debug/lib -lpetsc -llapack -lblas -lhwloc -lX11 -lm -Wl,-rpath,/usr/lib/x86_64-linux-gnu/openmpi/lib -L/usr/lib/x86_64-linux-gnu/openmpi/lib -Wl,-rpath,/usr/lib/gcc/x86_64-linux-gnu/7 -L/usr/lib/gcc/x86_64-linux-gnu/7 -Wl,-rpath,/usr/lib/x86_64-linux-gnu -L/usr/lib/x86_64-linux-gnu -Wl,-rpath,/lib/x86_64-linux-gnu -L/lib/x86_64-linux-gnu -lmpi_usempif08 -lmpi_usempi_ignore_tkr -lmpi_mpifh -lgfortran -lm -lgfortran -lm -lquadmath -lm -lmpi_cxx -lstdc++ -Wl,-rpath,/usr/lib/x86_64-linux-gnu/openmpi/lib -L/usr/lib/x86_64-linux-gnu/openmpi/lib -Wl,-rpath,/usr/lib/gcc/x86_64-linux-gnu/7 -L/usr/lib/gcc/x86_64-linux-gnu/7 -Wl,-rpath,/usr/lib/x86_64-linux-gnu -L/usr/lib/x86_64-linux-gnu -Wl,-rpath,/lib/x86_64-linux-gnu -L/lib/x86_64-linux-gnu -Wl,-rpath,/usr/lib/x86_64-linux-gnu -L/usr/lib/x86_64-linux-gnu -ldl -lmpi -lgcc_s -lpthread -ldl -L./lib >&5
conftest.f:13:13:

       result=signal(1, handle_sigint, -1)
             1
Error: Too many arguments in call to 'signal' at (1)
configure:12321: $? = 1
configure: failed program was:
| 
|       program testsignal
| 
|       integer :: result
| 
|       interface
|        function handle_sigint(signum)
|          integer :: handle_sigint
|          integer, intent(in) :: signum
|        end function handle_sigint
|       end interface
| 
|       result=signal(1, handle_sigint, -1)
|       end program testsignal
| 
|       function handle_sigint(signal)
| 
|       implicit none
|       integer :: handle_sigint
|       integer, intent(in) :: signal
| 
|       handle_sigint=0
| 
|       end function handle_sigint
| 
configure:12360: mpif90 -o conftest -ffast-math -frecord-marker=4  -I/usr/include -DHAVE_PYTHON -ffree-line-length-none -ffixed-line-length-none  -O3 -I/usr/lib/petscdir/petsc-3.6.4/include -I/usr/lib/petscdir/petsc-3.6.4/arch-linux2-c-debug/include -I/usr/lib/x86_64-linux-gnu/openmpi/include/openmpi -I/usr/lib/x86_64-linux-gnu/openmpi/include/openmpi/opal/mca/event/libevent2022/libevent -I/usr/lib/x86_64-linux-gnu/openmpi/include/openmpi/opal/mca/event/libevent2022/libevent/include -I/usr/lib/x86_64-linux-gnu/openmpi/include -fdefault-real-8     conftest.f -lnetcdff -lnetcdf -lmpi -llapack -lblas -lpthread -lm -lstdc++ -L/usr/lib/python2.7 -lpython2.7 -Xlinker -export-dynamic -Wl,-O1 -Wl,-Bsymbolic-functions -L/usr/lib -lz -lpthread -ldl -lutil -L/usr/lib/gcc/x86_64-linux-gnu/7 -L/usr/lib/gcc/x86_64-linux-gnu/7/../../../x86_64-linux-gnu -L/usr/lib/gcc/x86_64-linux-gnu/7/../../../../lib -L/lib/x86_64-linux-gnu -L/lib/../lib -L/usr/lib/x86_64-linux-gnu -L/usr/lib/../lib -L/usr/lib/gcc/x86_64-linux-gnu/7/../../.. -lgfortran -lm -lquadmath -L/usr/lib/gcc/x86_64-linux-gnu/7 -L/usr/lib/gcc/x86_64-linux-gnu/7/../../../x86_64-linux-gnu -L/usr/lib/gcc/x86_64-linux-gnu/7/../../../../lib -L/lib/x86_64-linux-gnu -L/lib/../lib -L/usr/lib/x86_64-linux-gnu -L/usr/lib/../lib -L/usr/lib/gcc/x86_64-linux-gnu/7/../../.. -lgfortran -lm -lquadmath -L/usr/lib/python2.7 -lpython2.7 -Xlinker -export-dynamic -Wl,-O1 -Wl,-Bsymbolic-functions -L/usr/lib -lz -lpthread -ldl -lutil -lnetcdf -lnetcdff -L../ParMetis-3.1//lib -lparmetis -lmetis -Wl,-rpath,/usr/lib/petscdir/petsc-3.6.4/arch-linux2-c-debug/lib -Wl,-rpath,/usr/lib/petscdir/petsc-3.6.4/arch-linux2-c-debug/lib -L/usr/lib/petscdir/petsc-3.6.4/arch-linux2-c-debug/lib -lpetsc -llapack -lblas -lhwloc -lX11 -lm -Wl,-rpath,/usr/lib/x86_64-linux-gnu/openmpi/lib -L/usr/lib/x86_64-linux-gnu/openmpi/lib -Wl,-rpath,/usr/lib/gcc/x86_64-linux-gnu/7 -L/usr/lib/gcc/x86_64-linux-gnu/7 -Wl,-rpath,/usr/lib/x86_64-linux-gnu -L/usr/lib/x86_64-linux-gnu -Wl,-rpath,/lib/x86_64-linux-gnu -L/lib/x86_64-linux-gnu -lmpi_usempif08 -lmpi_usempi_ignore_tkr -lmpi_mpifh -lgfortran -lm -lgfortran -lm -lquadmath -lm -lmpi_cxx -lstdc++ -Wl,-rpath,/usr/lib/x86_64-linux-gnu/openmpi/lib -L/usr/lib/x86_64-linux-gnu/openmpi/lib -Wl,-rpath,/usr/lib/gcc/x86_64-linux-gnu/7 -L/usr/lib/gcc/x86_64-linux-gnu/7 -Wl,-rpath,/usr/lib/x86_64-linux-gnu -L/usr/lib/x86_64-linux-gnu -Wl,-rpath,/lib/x86_64-linux-gnu -L/lib/x86_64-linux-gnu -Wl,-rpath,/usr/lib/x86_64-linux-gnu -L/usr/lib/x86_64-linux-gnu -ldl -lmpi -lgcc_s -lpthread -ldl -L./lib >&5
configure:12360: $? = 0
configure:12363: result: yes
configure:12560: WARNING: Failed to compile with VTK - disabling VTK support
configure:12579: WARNING: VTK support is not enabled. If compilation fails
while building tools then set the enviroment variable VTK_CXX to be
the compiler used for compiling VTK, VTK_INCLUDE to be the directory
where the VTK header files are installed and VTK_LIBS to be the
directory where the VTK libraries are installed.
configure:12726: creating ./config.status

## ---------------------- ##
## Running config.status. ##
## ---------------------- ##

This file was extended by config.status, which was
generated by GNU Autoconf 2.67.  Invocation command line was

  CONFIG_FILES    = 
  CONFIG_HEADERS  = 
  CONFIG_LINKS    = 
  CONFIG_COMMANDS = 
  $ ./config.status 

on cj-mac

config.status:924: creating Makefile
config.status:924: creating source/Makefile
config.status:924: creating tools/B3D/source/Makefile
config.status:924: creating include/config.h
config.status:1098: include/config.h is unchanged

## ---------------- ##
## Cache variables. ##
## ---------------- ##

ac_cv_build=x86_64-unknown-linux-gnu
ac_cv_c_compiler_gnu=yes
ac_cv_cxx_compiler_gnu=yes
ac_cv_env_CCC_set=
ac_cv_env_CCC_value=
ac_cv_env_CC_set=
ac_cv_env_CC_value=
ac_cv_env_CFLAGS_set=
ac_cv_env_CFLAGS_value=
ac_cv_env_CPPFLAGS_set=
ac_cv_env_CPPFLAGS_value=
ac_cv_env_CPP_set=
ac_cv_env_CPP_value=
ac_cv_env_CXXFLAGS_set=
ac_cv_env_CXXFLAGS_value=
ac_cv_env_CXX_set=
ac_cv_env_CXX_value=
ac_cv_env_F77_set=
ac_cv_env_F77_value=
ac_cv_env_FCFLAGS_set=
ac_cv_env_FCFLAGS_value=
ac_cv_env_FC_set=
ac_cv_env_FC_value=
ac_cv_env_FFLAGS_set=
ac_cv_env_FFLAGS_value=
ac_cv_env_LDFLAGS_set=
ac_cv_env_LDFLAGS_value=
ac_cv_env_LIBS_set=
ac_cv_env_LIBS_value=
ac_cv_env_PYTHON_VERSION_set=
ac_cv_env_PYTHON_VERSION_value=
ac_cv_env_XMKMF_set=
ac_cv_env_XMKMF_value=
ac_cv_env_build_alias_set=
ac_cv_env_build_alias_value=
ac_cv_env_host_alias_set=
ac_cv_env_host_alias_value=
ac_cv_env_target_alias_set=
ac_cv_env_target_alias_value=
ac_cv_f77_compiler_gnu=yes
ac_cv_f77_dummy_main=none
ac_cv_f77_libs=' -L/usr/lib/gcc/x86_64-linux-gnu/7 -L/usr/lib/gcc/x86_64-linux-gnu/7/../../../x86_64-linux-gnu -L/usr/lib/gcc/x86_64-linux-gnu/7/../../../../lib -L/lib/x86_64-linux-gnu -L/lib/../lib -L/usr/lib/x86_64-linux-gnu -L/usr/lib/../lib -L/usr/lib/gcc/x86_64-linux-gnu/7/../../.. -lgfortran -lm -lquadmath'
ac_cv_f77_mangling='lower case, underscore, no extra underscore'
ac_cv_fc_compiler_gnu=yes
ac_cv_fc_libs=' -L/usr/lib/gcc/x86_64-linux-gnu/7 -L/usr/lib/gcc/x86_64-linux-gnu/7/../../../x86_64-linux-gnu -L/usr/lib/gcc/x86_64-linux-gnu/7/../../../../lib -L/lib/x86_64-linux-gnu -L/lib/../lib -L/usr/lib/x86_64-linux-gnu -L/usr/lib/../lib -L/usr/lib/gcc/x86_64-linux-gnu/7/../../.. -lgfortran -lm -lquadmath'
ac_cv_fortran_dummy_main=none
ac_cv_func_connect=yes
ac_cv_func_gethostbyname=yes
ac_cv_func_remove=yes
ac_cv_func_shmat=yes
ac_cv_have_x='have_x=yes	ac_x_includes='\'''\''	ac_x_libraries='\'''\'''
ac_cv_header_inttypes_h=yes
ac_cv_header_memory_h=yes
ac_cv_header_stdc=yes
ac_cv_header_stdint_h=yes
ac_cv_header_stdlib_h=yes
ac_cv_header_string_h=yes
ac_cv_header_strings_h=yes
ac_cv_header_sys_stat_h=yes
ac_cv_header_sys_types_h=yes
ac_cv_header_unistd_h=yes
ac_cv_host=x86_64-unknown-linux-gnu
ac_cv_lib_ICE_IceConnectionNumber=yes
ac_cv_lib_acml_sgemm=no
ac_cv_lib_blas_sgemm=yes
ac_cv_lib_cgns_cg_open=no
ac_cv_lib_complib_sgimath_sgemm=no
ac_cv_lib_cxml_sgemm=no
ac_cv_lib_dgemm_dgemm=no
ac_cv_lib_dxml_sgemm=no
ac_cv_lib_essl_sgemm=no
ac_cv_lib_f77blas_sgemm=no
ac_cv_lib_lapack_dsyev=yes
ac_cv_lib_m_main=yes
ac_cv_lib_mkl_em64t_sgemm=no
ac_cv_lib_mkl_ipf_sgemm=no
ac_cv_lib_mkl_lapack_dsyev=no
ac_cv_lib_mkl_lapack_lsame=no
ac_cv_lib_netcdf_nc_create=yes
ac_cv_lib_netcdff_ncopn_=yes
ac_cv_lib_parmetis_ParMETIS_V3_AdaptiveRepart=yes
ac_cv_lib_pthread_main=yes
ac_cv_lib_scs_sgemm=no
ac_cv_lib_stdcpp_main=yes
ac_cv_lib_sunperf_dsyev=no
ac_cv_lib_udunits_utInit=no
ac_cv_lib_veclib_sgemm=no
ac_cv_objext=o
ac_cv_path_EGREP='/bin/grep -E'
ac_cv_path_GREP=/bin/grep
ac_cv_path_PYTHON=/usr/bin/python
ac_cv_path_install='/usr/bin/install -c'
ac_cv_prog_AR=ar
ac_cv_prog_CPP='gcc -E'
ac_cv_prog_MAKE=make
ac_cv_prog_MPICC=mpicc
ac_cv_prog_MPICXX=mpicxx
ac_cv_prog_MPIF90=mpif90
ac_cv_prog_ac_ct_CC=gcc
ac_cv_prog_ac_ct_CXX=g++
ac_cv_prog_ac_ct_F77=gfortran
ac_cv_prog_ac_ct_FC=gfortran
ac_cv_prog_ac_ct_RANLIB=ranlib
ac_cv_prog_cc_c89=
ac_cv_prog_cc_g=yes
ac_cv_prog_cxx_g=yes
ac_cv_prog_f77_g=yes
ac_cv_prog_f77_v=-v
ac_cv_prog_fc_g=yes
ac_cv_prog_fc_v=-v
ac_cv_search_PCHYPRESetType='none required'
ac_cv_sizeof_long_int=8

## ----------------- ##
## Output variables. ##
## ----------------- ##

ADJOINT=''
AR='ar'
ARFLAGS='cr'
B3D='b3d'
BLAS_LIBS='-lblas -L/usr/lib/gcc/x86_64-linux-gnu/7 -L/usr/lib/gcc/x86_64-linux-gnu/7/../../../x86_64-linux-gnu -L/usr/lib/gcc/x86_64-linux-gnu/7/../../../../lib -L/lib/x86_64-linux-gnu -L/lib/../lib -L/usr/lib/x86_64-linux-gnu -L/usr/lib/../lib -L/usr/lib/gcc/x86_64-linux-gnu/7/../../.. -lgfortran -lm -lquadmath -L/usr/lib/python2.7 -lpython2.7 -Xlinker -export-dynamic -Wl,-O1 -Wl,-Bsymbolic-functions -L/usr/lib -lz -lpthread -ldl -lutil'
CC='mpicc'
CFLAGS='-g -O2 -DHAVE_PYTHON -I/usr/include/python2.7'
CPP='gcc -E'
CPPFLAGS=' -I/usr/lib/petscdir/petsc-3.6.4/include -I/usr/lib/petscdir/petsc-3.6.4/arch-linux2-c-debug/include -I/usr/lib/x86_64-linux-gnu/openmpi/include/openmpi -I/usr/lib/x86_64-linux-gnu/openmpi/include/openmpi/opal/mca/event/libevent2022/libevent -I/usr/lib/x86_64-linux-gnu/openmpi/include/openmpi/opal/mca/event/libevent2022/libevent/include -I/usr/lib/x86_64-linux-gnu/openmpi/include'
CXX='mpicxx'
CXXFLAGS='-g -O2 -DHAVE_PYTHON -I/usr/include/python2.7'
DEFINE_MPI=''
DEFS='-DHAVE_CONFIG_H'
ECHO_C=''
ECHO_N='-n'
ECHO_T=''
EGREP='/bin/grep -E'
EXEEXT=''
F77='mpif90'
FC='mpif90'
FCFLAGS='-ffast-math -frecord-marker=4  -I/usr/include -DHAVE_PYTHON -ffree-line-length-none -ffixed-line-length-none  -O3 -I/usr/lib/petscdir/petsc-3.6.4/include -I/usr/lib/petscdir/petsc-3.6.4/arch-linux2-c-debug/include -I/usr/lib/x86_64-linux-gnu/openmpi/include/openmpi -I/usr/lib/x86_64-linux-gnu/openmpi/include/openmpi/opal/mca/event/libevent2022/libevent -I/usr/lib/x86_64-linux-gnu/openmpi/include/openmpi/opal/mca/event/libevent2022/libevent/include -I/usr/lib/x86_64-linux-gnu/openmpi/include -fdefault-real-8'
FCLIBS=' -L/usr/lib/gcc/x86_64-linux-gnu/7 -L/usr/lib/gcc/x86_64-linux-gnu/7/../../../x86_64-linux-gnu -L/usr/lib/gcc/x86_64-linux-gnu/7/../../../../lib -L/lib/x86_64-linux-gnu -L/lib/../lib -L/usr/lib/x86_64-linux-gnu -L/usr/lib/../lib -L/usr/lib/gcc/x86_64-linux-gnu/7/../../.. -lgfortran -lm -lquadmath'
FEMDEM='dfemdem'
FFLAGS='-ffast-math -frecord-marker=4  -I/usr/include -DHAVE_PYTHON -ffree-line-length-none -ffixed-line-length-none  -O3 -fdefault-real-8'
FLADJOINT='dfladjoint'
FLIBS='-L/usr/lib/gcc/x86_64-linux-gnu/7 -L/usr/lib/gcc/x86_64-linux-gnu/7/../../../x86_64-linux-gnu -L/usr/lib/gcc/x86_64-linux-gnu/7/../../../../lib -L/lib/x86_64-linux-gnu -L/lib/../lib -L/usr/lib/x86_64-linux-gnu -L/usr/lib/../lib -L/usr/lib/gcc/x86_64-linux-gnu/7/../../.. -lgfortran -lm -lquadmath -L/usr/lib/python2.7 -lpython2.7 -Xlinker -export-dynamic -Wl,-O1 -Wl,-Bsymbolic-functions -L/usr/lib -lz -lpthread -ldl -lutil'
FORTRAN_REAL_8='-fdefault-real-8'
GREP='/bin/grep'
INSTALL_DATA='${INSTALL} -m 644'
INSTALL_PROGRAM='${INSTALL}'
INSTALL_SCRIPT='${INSTALL}'
LAPACK_LIBS=' -llapack -lblas -L/usr/lib/gcc/x86_64-linux-gnu/7 -L/usr/lib/gcc/x86_64-linux-gnu/7/../../../x86_64-linux-gnu -L/usr/lib/gcc/x86_64-linux-gnu/7/../../../../lib -L/lib/x86_64-linux-gnu -L/lib/../lib -L/usr/lib/x86_64-linux-gnu -L/usr/lib/../lib -L/usr/lib/gcc/x86_64-linux-gnu/7/../../.. -lgfortran -lm -lquadmath -L/usr/lib/python2.7 -lpython2.7 -Xlinker -export-dynamic -Wl,-O1 -Wl,-Bsymbolic-functions -L/usr/lib -lz -lpthread -ldl -lutil'
LDFLAGS='  '
LIBFETCH=''
LIBOBJS=''
LIBS='-lnetcdff -lnetcdf -lmpi -llapack -lblas -lpthread -lm -lstdc++ -L/usr/lib/python2.7 -lpython2.7 -Xlinker -export-dynamic -Wl,-O1 -Wl,-Bsymbolic-functions -L/usr/lib -lz -lpthread -ldl -lutil -L/usr/lib/gcc/x86_64-linux-gnu/7 -L/usr/lib/gcc/x86_64-linux-gnu/7/../../../x86_64-linux-gnu -L/usr/lib/gcc/x86_64-linux-gnu/7/../../../../lib -L/lib/x86_64-linux-gnu -L/lib/../lib -L/usr/lib/x86_64-linux-gnu -L/usr/lib/../lib -L/usr/lib/gcc/x86_64-linux-gnu/7/../../.. -lgfortran -lm -lquadmath -L/usr/lib/gcc/x86_64-linux-gnu/7 -L/usr/lib/gcc/x86_64-linux-gnu/7/../../../x86_64-linux-gnu -L/usr/lib/gcc/x86_64-linux-gnu/7/../../../../lib -L/lib/x86_64-linux-gnu -L/lib/../lib -L/usr/lib/x86_64-linux-gnu -L/usr/lib/../lib -L/usr/lib/gcc/x86_64-linux-gnu/7/../../.. -lgfortran -lm -lquadmath -L/usr/lib/python2.7 -lpython2.7 -Xlinker -export-dynamic -Wl,-O1 -Wl,-Bsymbolic-functions -L/usr/lib -lz -lpthread -ldl -lutil -lnetcdf -lnetcdff -L../ParMetis-3.1//lib -lparmetis -lmetis -Wl,-rpath,/usr/lib/petscdir/petsc-3.6.4/arch-linux2-c-debug/lib -Wl,-rpath,/usr/lib/petscdir/petsc-3.6.4/arch-linux2-c-debug/lib -L/usr/lib/petscdir/petsc-3.6.4/arch-linux2-c-debug/lib -lpetsc -llapack -lblas -lhwloc -lX11 -lm -Wl,-rpath,/usr/lib/x86_64-linux-gnu/openmpi/lib -L/usr/lib/x86_64-linux-gnu/openmpi/lib -Wl,-rpath,/usr/lib/gcc/x86_64-linux-gnu/7 -L/usr/lib/gcc/x86_64-linux-gnu/7 -Wl,-rpath,/usr/lib/x86_64-linux-gnu -L/usr/lib/x86_64-linux-gnu -Wl,-rpath,/lib/x86_64-linux-gnu -L/lib/x86_64-linux-gnu -lmpi_usempif08 -lmpi_usempi_ignore_tkr -lmpi_mpifh -lgfortran -lm -lgfortran -lm -lquadmath -lm -lmpi_cxx -lstdc++ -Wl,-rpath,/usr/lib/x86_64-linux-gnu/openmpi/lib -L/usr/lib/x86_64-linux-gnu/openmpi/lib -Wl,-rpath,/usr/lib/gcc/x86_64-linux-gnu/7 -L/usr/lib/gcc/x86_64-linux-gnu/7 -Wl,-rpath,/usr/lib/x86_64-linux-gnu -L/usr/lib/x86_64-linux-gnu -Wl,-rpath,/lib/x86_64-linux-gnu -L/lib/x86_64-linux-gnu -Wl,-rpath,/usr/lib/x86_64-linux-gnu -L/usr/lib/x86_64-linux-gnu -ldl -lmpi -lgcc_s -lpthread -ldl -L./lib'
LINKER='mpicxx'
LTLIBOBJS=''
MAKE='make'
MAKE_ERA40='yes'
MODINC_FLAG='-I'
MPICC='mpicc'
MPICXX='mpicxx'
MPIF77='mpif90'
MPIF90='mpif90'
OBJEXT='o'
OPTIMIZATION_FFLAGS=' -O3'
PACKAGE_BUGREPORT=''
PACKAGE_NAME=''
PACKAGE_STRING=''
PACKAGE_TARNAME=''
PACKAGE_URL=''
PACKAGE_VERSION=''
PATH_SEPARATOR=':'
PROFILING_FLAG=''
PYTHON='/usr/bin/python'
PYTHON_CPPFLAGS='-I/usr/include/python2.7'
PYTHON_EXTRA_LDFLAGS='-Xlinker -export-dynamic -Wl,-O1 -Wl,-Bsymbolic-functions'
PYTHON_EXTRA_LIBS='-L/usr/lib -lz -lpthread -ldl  -lutil'
PYTHON_LDFLAGS='-L/usr/lib/python2.7 -lpython2.7'
PYTHON_SITE_PKG='/usr/lib/python2.7/dist-packages'
PYTHON_VERSION=''
RANLIB='ranlib'
SHELL='/bin/bash'
USE_CPP=''
VERSION='Unversioned directory'
VTK_CXX='mpicxx'
VTK_CXXFLAGS=' '
VTK_INCLUDE=''
VTK_LIBS=''
XMKMF=''
X_CFLAGS=''
X_EXTRA_LIBS=''
X_LIBS=''
X_PRE_LIBS=' -lSM -lICE'
ac_ct_CC='gcc'
ac_ct_CXX='g++'
ac_ct_F77='gfortran'
ac_ct_FC='gfortran'
bindir='${exec_prefix}/bin'
build='x86_64-unknown-linux-gnu'
build_alias=''
build_cpu='x86_64'
build_os='linux-gnu'
build_vendor='unknown'
datadir='${datarootdir}'
datarootdir='${prefix}/share'
docdir='${datarootdir}/doc/${PACKAGE}'
dvidir='${docdir}'
exec_prefix='${prefix}'
host='x86_64-unknown-linux-gnu'
host_alias=''
host_cpu='x86_64'
host_os='linux-gnu'
host_vendor='unknown'
htmldir='${docdir}'
includedir='${prefix}/include'
infodir='${datarootdir}/info'
libdir='${exec_prefix}/lib'
libexecdir='${exec_prefix}/libexec'
localedir='${datarootdir}/locale'
localstatedir='${prefix}/var'
mandir='${datarootdir}/man'
oldincludedir='/usr/include'
pdfdir='${docdir}'
prefix='/usr/local'
program_transform_name='s,x,x,'
psdir='${docdir}'
sbindir='${exec_prefix}/sbin'
sharedstatedir='${prefix}/com'
sysconfdir='${prefix}/etc'
target_alias=''

## ----------- ##
## confdefs.h. ##
## ----------- ##

/* confdefs.h */
#define PACKAGE_NAME ""
#define PACKAGE_TARNAME ""
#define PACKAGE_VERSION ""
#define PACKAGE_STRING ""
#define PACKAGE_BUGREPORT ""
#define PACKAGE_URL ""
#define STDC_HEADERS 1
#define HAVE_SYS_TYPES_H 1
#define HAVE_SYS_STAT_H 1
#define HAVE_STDLIB_H 1
#define HAVE_STRING_H 1
#define HAVE_MEMORY_H 1
#define HAVE_STRINGS_H 1
#define HAVE_INTTYPES_H 1
#define HAVE_STDINT_H 1
#define HAVE_UNISTD_H 1
#define SIZEOF_LONG_INT 8
#define LONG_64_BITS 1
#define F77_FUNC(name,NAME) name ## _
#define F77_FUNC_(name,NAME) name ## _
#define HAVE_BLAS 1
#define HAVE_LAPACK 1
#define HAVE_LIBSTDC__ 1
#define HAVE_LIBM 1
#define HAVE_LIBPTHREAD 1
#define USING_GFORTRAN 1
#define NDEBUG 1
#define HAVE_MPI 1
#define HAVE_MPI_CXX 1
#define _MPI_CPP_BINDINGS 1
#define HAVE_LIBNETCDF 1
#define HAVE_NETCDF 1
#define HAVE_LIBNETCDFF 1
#define HAVE_PARMETIS 1
#define HAVE_PETSC_MODULES 1
#define HAVE_PETSC 1
#define HAVE_HYPRE 1
#allow#if defined(HAVE_LIBUDUNITS) && defined(HAVE_LIBNETCDF) && defined(HAVE_LIBCGNS)
#define ENABLE_ERA40 1
#allow#else
#allow#error ERROR: ERA-40 support requested but support is missing for one of NetCDF, CGNS or Udunits
#allow#endif
#define DOUBLEP 1
#define SIGNAL
#undef __FEMDEM_VERSION__
#define __FEMDEM_VERSION__ "Unversioned directory"

configure: exit 0
