This file contains any messages produced by compilers while
running configure, to aid debugging if configure makes a mistake.

It was created by fluidity configure None, which was
generated by GNU Autoconf 2.69.  Invocation command line was

  $ ./configure 

## --------- ##
## Platform. ##
## --------- ##

hostname = ubuntu2404
uname -m = x86_64
uname -r = 6.11.0-21-generic
uname -s = Linux
uname -v = #21~24.04.1-Ubuntu SMP PREEMPT_DYNAMIC Mon Feb 24 16:52:15 UTC 2

/usr/bin/uname -p = x86_64
/bin/uname -X     = unknown

/bin/arch              = x86_64
/usr/bin/arch -k       = unknown
/usr/convex/getsysinfo = unknown
/usr/bin/hostinfo      = unknown
/bin/machine           = unknown
/usr/bin/oslevel       = unknown
/bin/universe          = unknown

PATH: /home/jfv00/multifluids_icferst/.venv/bin
PATH: /usr/local/sbin
PATH: /usr/local/bin
PATH: /usr/sbin
PATH: /usr/bin
PATH: /sbin
PATH: /bin
PATH: /usr/games
PATH: /usr/local/games
PATH: /snap/bin


## ----------- ##
## Core tests. ##
## ----------- ##

configure:3020: checking build system type
configure:3034: result: x86_64-unknown-linux-gnu
configure:3054: checking host system type
configure:3067: result: x86_64-unknown-linux-gnu
configure:3108: *** Fishing for legacy fortran compiler.
configure:3163: checking for ifort
configure:3193: result: no
configure:3163: checking for ifc
configure:3193: result: no
configure:3163: checking for efc
configure:3193: result: no
configure:3163: checking for sunf95
configure:3193: result: no
configure:3163: checking for gfortran
configure:3193: result: no
configure:3163: checking for pgf95
configure:3193: result: no
configure:3163: checking for pathf95
configure:3193: result: no
configure:3163: checking for g95
configure:3193: result: no
configure:3163: checking for f90
configure:3193: result: no
configure:3216: checking for Fortran 77 compiler version
configure:3225:  --version >&5
./configure: line 3227: --version: command not found
configure:3236: $? = 127
configure:3225:  -v >&5
./configure: line 3227: -v: command not found
configure:3236: $? = 127
configure:3225:  -V >&5
./configure: line 3227: -V: command not found
configure:3236: $? = 127
configure:3225:  -qversion >&5
./configure: line 3227: -qversion: command not found
configure:3236: $? = 127
configure:3251: checking whether the Fortran 77 compiler works
configure:3273:    conftest.f  >&5
./configure: line 3275: conftest.f: command not found
configure:3277: $? = 127
configure:3315: result: no
configure: failed program was:
|       program main
| 
|       end
configure:3320: error: in `/home/jfv00/multifluids_icferst':
configure:3322: error: Fortran 77 compiler cannot create executables
See `config.log' for more details

## ---------------- ##
## Cache variables. ##
## ---------------- ##

ac_cv_build=x86_64-unknown-linux-gnu
ac_cv_env_CCC_set=
ac_cv_env_CCC_value=
ac_cv_env_CC_set=
ac_cv_env_CC_value=
ac_cv_env_CFLAGS_set=
ac_cv_env_CFLAGS_value=
ac_cv_env_CPPFLAGS_set=set
ac_cv_env_CPPFLAGS_value=-I/usr/include
ac_cv_env_CPP_set=
ac_cv_env_CPP_value=
ac_cv_env_CXXCPP_set=
ac_cv_env_CXXCPP_value=
ac_cv_env_CXXFLAGS_set=
ac_cv_env_CXXFLAGS_value=
ac_cv_env_CXX_set=
ac_cv_env_CXX_value=
ac_cv_env_F77_set=
ac_cv_env_F77_value=
ac_cv_env_FCFLAGS_set=set
ac_cv_env_FCFLAGS_value=-I/usr/include​
ac_cv_env_FC_set=
ac_cv_env_FC_value=
ac_cv_env_FFLAGS_set=
ac_cv_env_FFLAGS_value=
ac_cv_env_LDFLAGS_set=
ac_cv_env_LDFLAGS_value=
ac_cv_env_LIBS_set=
ac_cv_env_LIBS_value=
ac_cv_env_MPICC_set=
ac_cv_env_MPICC_value=
ac_cv_env_MPICXX_set=
ac_cv_env_MPICXX_value=
ac_cv_env_MPIF77_set=
ac_cv_env_MPIF77_value=
ac_cv_env_MPIF90_set=
ac_cv_env_MPIF90_value=
ac_cv_env_PYTHON_VERSION_set=
ac_cv_env_PYTHON_VERSION_value=
ac_cv_env_XMKMF_set=
ac_cv_env_XMKMF_value=
ac_cv_env_build_alias_set=
ac_cv_env_build_alias_value=
ac_cv_env_host_alias_set=
ac_cv_env_host_alias_value=
ac_cv_env_target_alias_set=
ac_cv_env_target_alias_value=
ac_cv_host=x86_64-unknown-linux-gnu

## ----------------- ##
## Output variables. ##
## ----------------- ##

AR=''
ARFLAGS=''
BLAS_LIBS=''
BUILD_LIBADAPT=''
CC=''
CFLAGS=''
CLEAN_LIBADAPT=''
CPP=''
CPPFLAGS='-I/usr/include'
CXX=''
CXXCPP=''
CXXFLAGS=''
DEFINE_MPI=''
DEFS=''
ECHO_C=''
ECHO_N='-n'
ECHO_T=''
EGREP=''
ENABLE_PSMILE=''
EXEEXT=''
F77=''
FC=''
FCFLAGS='-I/usr/include​'
FCFLAGS_f90=''
FCFLAGS_f=''
FCLIBS=''
FEMDEM=''
FFLAGS=''
FLFEMDEM_PATH=''
FLIBJUDY=''
FLIBS=''
FLLINKER=''
FLPHREEQC_PATH=''
FLPSMILE_PATH=''
FLUIDITY_VERSION=''
FLXGBOOST_PATH=''
FORTRAN_REAL_8=''
GFORTRAN_4_5_OR_NEWER=''
GREP=''
HAVE_CGAL=''
HAVE_EXODUSII=''
HAVE_LIBSUPERMESH=''
HAVE_PYTHON=''
HAVE_ZOLTAN=''
HYPERLIGHT=''
INSTALL_DATA=''
INSTALL_PROGRAM=''
INSTALL_SCRIPT=''
IO_ADVANCE_BUG=''
JUDY_CFLAGS=''
LAPACK_LIBS=''
LDFLAGS=''
LIBOBJS=''
LIBS=''
LIBSPATIALINDEX=''
LIB_FEMDEM=''
LIB_PHREEQC=''
LIB_XGBOOST=''
LINKER=''
LTLIBOBJS=''
MAKE=''
MBA2D=''
MBA3D=''
MEMORY_STATS=''
MODINC_FLAG=''
MOD_FLAG=''
MPICC=''
MPICXX=''
MPIF77=''
MPIF90=''
OBJEXT=''
OPENMP_CXXFLAGS=''
PACKAGE_BUGREPORT=''
PACKAGE_NAME='fluidity'
PACKAGE_STRING='fluidity None'
PACKAGE_TARNAME='fluidity'
PACKAGE_URL=''
PACKAGE_VERSION='None'
PATH_SEPARATOR=':'
PHREEQC=''
PROFILING_FLAG=''
PYTHON=''
PYTHON_CPPFLAGS=''
PYTHON_EXTRA_LDFLAGS=''
PYTHON_EXTRA_LIBS=''
PYTHON_LDFLAGS=''
PYTHON_SITE_PKG=''
PYTHON_VERSION=''
RANLIB=''
SED=''
SHELL='/bin/bash'
SPATIALINDEXDIR=''
SPUDHEADER=''
SPUDLIB=''
SPUD_ONLY=''
UNROLL_LOOPS=''
USE_CPP=''
XGBOOST=''
XMKMF=''
X_CFLAGS=''
X_EXTRA_LIBS=''
X_LIBS=''
X_PRE_LIBS=''
ac_ct_CC=''
ac_ct_CXX=''
ac_ct_F77=''
ac_ct_FC=''
bindir='${exec_prefix}/bin'
build='x86_64-unknown-linux-gnu'
build_alias=''
build_cpu='x86_64'
build_os='linux-gnu'
build_vendor='unknown'
datadir='${datarootdir}'
datarootdir='${prefix}/share'
docdir='${datarootdir}/doc/${PACKAGE_TARNAME}'
dvidir='${docdir}'
exec_prefix='NONE'
host='x86_64-unknown-linux-gnu'
host_alias=''
host_cpu='x86_64'
host_os='linux-gnu'
host_vendor='unknown'
htmldir='${docdir}'
includedir='${prefix}/include'
infodir='${datarootdir}/info'
libdir='${exec_prefix}/lib'
libexecdir='${exec_prefix}/libexec'
localedir='${datarootdir}/locale'
localstatedir='${prefix}/var'
mandir='${datarootdir}/man'
oldincludedir='/usr/include'
pdfdir='${docdir}'
prefix='NONE'
program_transform_name='s,x,x,'
psdir='${docdir}'
runstatedir='${localstatedir}/run'
sbindir='${exec_prefix}/sbin'
sharedstatedir='${prefix}/com'
sysconfdir='${prefix}/etc'
target_alias=''

## ----------- ##
## confdefs.h. ##
## ----------- ##

/* confdefs.h */
#define PACKAGE_NAME "fluidity"
#define PACKAGE_TARNAME "fluidity"
#define PACKAGE_VERSION "None"
#define PACKAGE_STRING "fluidity None"
#define PACKAGE_BUGREPORT ""
#define PACKAGE_URL ""

configure: exit 77
