Making uninstall in src
Making uninstall in Fortran
 ( cd '/home/psalinas/Documents/workspace/MultiFluids_Dev/h5hut/../include' && rm -f H5hut.f90 H5_const.f90 H5_file.f90 H5_model.f90 H5_file_attribs.f90 H5_step_attribs.f90 H5_err.f90 H5_log.f90 H5Part_model.f90 H5Part_io.f90 H5Block_model.f90 H5Block_attribs.f90 H5Block_io.f90 H5hut.f )
 /bin/bash ../../libtool   --mode=uninstall rm -f '/home/psalinas/Documents/workspace/MultiFluids_Dev/h5hut/../lib/libH5hutF.la'
 ( cd '/home/psalinas/Documents/workspace/MultiFluids_Dev/h5hut/../include' && rm -f H5hut.f )
Making uninstall in h5core
 /bin/bash ../../libtool   --mode=uninstall rm -f '/home/psalinas/Documents/workspace/MultiFluids_Dev/h5hut/../lib/libH5hut.la'
Making uninstall in C
 ( cd '/home/psalinas/Documents/workspace/MultiFluids_Dev/h5hut/../include' && rm -f H5Block_attribs.h H5Block_io.h H5Block_model.h H5Fed_adjacency.h H5Fed_model.h H5Fed_retrieve.h H5Fed_store.h H5Fed_tags.h H5Part_io.h H5Part_model.h H5_attachments.h H5_err.h H5_file.h H5_file_attribs.h H5_log.h H5_model.h H5_step_attribs.h H5hut.h )
Making uninstall in include
Making uninstall in h5core
Making uninstall in Python
Python is disabled
Making uninstall in test
Making uninstall in tools
Making uninstall in doc
Making uninstall in examples/H5
Making uninstall in examples/H5Part
Making uninstall in examples/H5Block
Making uninstall in examples/H5Fed
Making uninstall in src
Making uninstall in Fortran
 ( cd '/home/psalinas/Documents/workspace/MultiFluids_Dev/h5hut/../include' && rm -f H5hut.f90 H5_const.f90 H5_file.f90 H5_model.f90 H5_file_attribs.f90 H5_step_attribs.f90 H5_err.f90 H5_log.f90 H5Part_model.f90 H5Part_io.f90 H5Block_model.f90 H5Block_attribs.f90 H5Block_io.f90 H5hut.f )
 /bin/bash ../../libtool   --mode=uninstall rm -f '/home/psalinas/Documents/workspace/MultiFluids_Dev/h5hut/../lib/libH5hutF.la'
 ( cd '/home/psalinas/Documents/workspace/MultiFluids_Dev/h5hut/../include' && rm -f H5hut.f )
Making uninstall in h5core
 /bin/bash ../../libtool   --mode=uninstall rm -f '/home/psalinas/Documents/workspace/MultiFluids_Dev/h5hut/../lib/libH5hut.la'
Making uninstall in C
 ( cd '/home/psalinas/Documents/workspace/MultiFluids_Dev/h5hut/../include' && rm -f H5Block_attribs.h H5Block_io.h H5Block_model.h H5Fed_adjacency.h H5Fed_model.h H5Fed_retrieve.h H5Fed_store.h H5Fed_tags.h H5Part_io.h H5Part_model.h H5_attachments.h H5_err.h H5_file.h H5_file_attribs.h H5_log.h H5_model.h H5_step_attribs.h H5hut.h )
Making uninstall in include
Making uninstall in h5core
 ( cd '/home/psalinas/Documents/workspace/MultiFluids_Dev/h5hut/../include/h5core' && rm -f h5_attachments.h h5_err.h h5_file.h h5_file_attribs.h h5_log.h h5_model.h h5_step_attribs.h h5_syscall.h h5_types.h h5b_attribs.h h5b_model.h h5b_io.h h5t_adjacencies.h h5t_map.h h5t_model.h h5t_octree.h h5t_retrieve.h h5t_store.h h5t_tags.h h5u_io.h h5u_model.h )
Making uninstall in Python
Python is disabled
Making uninstall in test
Making uninstall in tools
Making uninstall in doc
Making uninstall in examples/H5
Making uninstall in examples/H5Part
Making uninstall in examples/H5Block
Making uninstall in examples/H5Fed
Making uninstall in src
Making uninstall in Fortran
 ( cd '/home/psalinas/Documents/workspace/MultiFluids_Dev/h5hut/../include' && rm -f H5hut.f90 H5_const.f90 H5_file.f90 H5_model.f90 H5_file_attribs.f90 H5_step_attribs.f90 H5_err.f90 H5_log.f90 H5Part_model.f90 H5Part_io.f90 H5Block_model.f90 H5Block_attribs.f90 H5Block_io.f90 H5hut.f )
 /bin/bash ../../libtool   --mode=uninstall rm -f '/home/psalinas/Documents/workspace/MultiFluids_Dev/h5hut/../lib/libH5hutF.la'
 ( cd '/home/psalinas/Documents/workspace/MultiFluids_Dev/h5hut/../include' && rm -f H5hut.f )
Making uninstall in h5core
 /bin/bash ../../libtool   --mode=uninstall rm -f '/home/psalinas/Documents/workspace/MultiFluids_Dev/h5hut/../lib/libH5hut.la'
Making uninstall in C
 ( cd '/home/psalinas/Documents/workspace/MultiFluids_Dev/h5hut/../include' && rm -f H5Block_attribs.h H5Block_io.h H5Block_model.h H5Fed_adjacency.h H5Fed_model.h H5Fed_retrieve.h H5Fed_store.h H5Fed_tags.h H5Part_io.h H5Part_model.h H5_attachments.h H5_err.h H5_file.h H5_file_attribs.h H5_log.h H5_model.h H5_step_attribs.h H5hut.h )
Making uninstall in include
Making uninstall in h5core
 ( cd '/home/psalinas/Documents/workspace/MultiFluids_Dev/h5hut/../include/h5core' && rm -f h5_attachments.h h5_err.h h5_file.h h5_file_attribs.h h5_log.h h5_model.h h5_step_attribs.h h5_syscall.h h5_types.h h5b_attribs.h h5b_model.h h5b_io.h h5t_adjacencies.h h5t_map.h h5t_model.h h5t_octree.h h5t_retrieve.h h5t_store.h h5t_tags.h h5u_io.h h5u_model.h )
Making uninstall in Python
Python is disabled
Making uninstall in test
Making uninstall in tools
Making uninstall in doc
Making uninstall in examples/H5
Making uninstall in examples/H5Part
Making uninstall in examples/H5Block
Making uninstall in examples/H5Fed
Making uninstall in src
Making uninstall in Fortran
 ( cd '/home/psalinas/Documents/workspace/MultiFluids_Dev/h5hut/../include' && rm -f H5hut.f90 H5_const.f90 H5_file.f90 H5_model.f90 H5_file_attribs.f90 H5_step_attribs.f90 H5_err.f90 H5_log.f90 H5Part_model.f90 H5Part_io.f90 H5Block_model.f90 H5Block_attribs.f90 H5Block_io.f90 H5hut.f )
 /bin/bash ../../libtool   --mode=uninstall rm -f '/home/psalinas/Documents/workspace/MultiFluids_Dev/h5hut/../lib/libH5hutF.la'
 ( cd '/home/psalinas/Documents/workspace/MultiFluids_Dev/h5hut/../include' && rm -f H5hut.f )
Making uninstall in h5core
 /bin/bash ../../libtool   --mode=uninstall rm -f '/home/psalinas/Documents/workspace/MultiFluids_Dev/h5hut/../lib/libH5hut.la'
Making uninstall in C
 ( cd '/home/psalinas/Documents/workspace/MultiFluids_Dev/h5hut/../include' && rm -f H5Block_attribs.h H5Block_io.h H5Block_model.h H5Fed_adjacency.h H5Fed_model.h H5Fed_retrieve.h H5Fed_store.h H5Fed_tags.h H5Part_io.h H5Part_model.h H5_attachments.h H5_err.h H5_file.h H5_file_attribs.h H5_log.h H5_model.h H5_step_attribs.h H5hut.h )
Making uninstall in include
Making uninstall in h5core
 ( cd '/home/psalinas/Documents/workspace/MultiFluids_Dev/h5hut/../include/h5core' && rm -f h5_attachments.h h5_err.h h5_file.h h5_file_attribs.h h5_log.h h5_model.h h5_step_attribs.h h5_syscall.h h5_types.h h5b_attribs.h h5b_model.h h5b_io.h h5t_adjacencies.h h5t_map.h h5t_model.h h5t_octree.h h5t_retrieve.h h5t_store.h h5t_tags.h h5u_io.h h5u_model.h )
Making uninstall in Python
Python is disabled
Making uninstall in test
Making uninstall in tools
Making uninstall in doc
Making uninstall in examples/H5
Making uninstall in examples/H5Part
Making uninstall in examples/H5Block
Making uninstall in examples/H5Fed
Making uninstall in src
Making uninstall in Fortran
 ( cd '/home/psalinas/Documents/workspace/MultiFluids_Dev/h5hut/../include' && rm -f H5hut.f90 H5_const.f90 H5_file.f90 H5_model.f90 H5_file_attribs.f90 H5_step_attribs.f90 H5_err.f90 H5_log.f90 H5Part_model.f90 H5Part_io.f90 H5Block_model.f90 H5Block_attribs.f90 H5Block_io.f90 H5hut.f )
 /bin/bash ../../libtool   --mode=uninstall rm -f '/home/psalinas/Documents/workspace/MultiFluids_Dev/h5hut/../lib/libH5hutF.la'
 ( cd '/home/psalinas/Documents/workspace/MultiFluids_Dev/h5hut/../include' && rm -f H5hut.f )
Making uninstall in h5core
 /bin/bash ../../libtool   --mode=uninstall rm -f '/home/psalinas/Documents/workspace/MultiFluids_Dev/h5hut/../lib/libH5hut.la'
Making uninstall in C
 ( cd '/home/psalinas/Documents/workspace/MultiFluids_Dev/h5hut/../include' && rm -f H5Block_attribs.h H5Block_io.h H5Block_model.h H5Fed_adjacency.h H5Fed_model.h H5Fed_retrieve.h H5Fed_store.h H5Fed_tags.h H5Part_io.h H5Part_model.h H5_attachments.h H5_err.h H5_file.h H5_file_attribs.h H5_log.h H5_model.h H5_step_attribs.h H5hut.h )
Making uninstall in include
Making uninstall in h5core
 ( cd '/home/psalinas/Documents/workspace/MultiFluids_Dev/h5hut/../include/h5core' && rm -f h5_attachments.h h5_err.h h5_file.h h5_file_attribs.h h5_log.h h5_model.h h5_step_attribs.h h5_syscall.h h5_types.h h5b_attribs.h h5b_model.h h5b_io.h h5t_adjacencies.h h5t_map.h h5t_model.h h5t_octree.h h5t_retrieve.h h5t_store.h h5t_tags.h h5u_io.h h5u_model.h )
Making uninstall in Python
Python is disabled
Making uninstall in test
Making uninstall in tools
Making uninstall in doc
Making uninstall in examples/H5
Making uninstall in examples/H5Part
Making uninstall in examples/H5Block
Making uninstall in examples/H5Fed
Making uninstall in src
Making uninstall in Fortran
 ( cd '/home/psalinas/Documents/workspace/MultiFluids_Dev/h5hut/../include' && rm -f H5hut.f90 H5_const.f90 H5_file.f90 H5_model.f90 H5_file_attribs.f90 H5_step_attribs.f90 H5_err.f90 H5_log.f90 H5Part_model.f90 H5Part_io.f90 H5Block_model.f90 H5Block_attribs.f90 H5Block_io.f90 H5hut.f )
 /bin/bash ../../libtool   --mode=uninstall rm -f '/home/psalinas/Documents/workspace/MultiFluids_Dev/h5hut/../lib/libH5hutF.la'
 ( cd '/home/psalinas/Documents/workspace/MultiFluids_Dev/h5hut/../include' && rm -f H5hut.f )
Making uninstall in h5core
 /bin/bash ../../libtool   --mode=uninstall rm -f '/home/psalinas/Documents/workspace/MultiFluids_Dev/h5hut/../lib/libH5hut.la'
Making uninstall in C
 ( cd '/home/psalinas/Documents/workspace/MultiFluids_Dev/h5hut/../include' && rm -f H5Block_attribs.h H5Block_io.h H5Block_model.h H5Fed_adjacency.h H5Fed_model.h H5Fed_retrieve.h H5Fed_store.h H5Fed_tags.h H5Part_io.h H5Part_model.h H5_attachments.h H5_err.h H5_file.h H5_file_attribs.h H5_log.h H5_model.h H5_step_attribs.h H5hut.h )
Making uninstall in include
Making uninstall in h5core
 ( cd '/home/psalinas/Documents/workspace/MultiFluids_Dev/h5hut/../include/h5core' && rm -f h5_attachments.h h5_err.h h5_file.h h5_file_attribs.h h5_log.h h5_model.h h5_step_attribs.h h5_syscall.h h5_types.h h5b_attribs.h h5b_model.h h5b_io.h h5t_adjacencies.h h5t_map.h h5t_model.h h5t_octree.h h5t_retrieve.h h5t_store.h h5t_tags.h h5u_io.h h5u_model.h )
Making uninstall in Python
Python is disabled
Making uninstall in test
Making uninstall in tools
Making uninstall in doc
Making uninstall in examples/H5
Making uninstall in examples/H5Part
Making uninstall in examples/H5Block
Making uninstall in examples/H5Fed
