This file contains any messages produced by compilers while
running configure, to aid debugging if configure makes a mistake.

It was created by spatialindex configure 1.8.0, which was
generated by GNU Autoconf 2.69.  Invocation command line was

  $ ./configure --prefix=/home/andreas/Documents/MultiFluids_Dev/spatialindex-1.8.0/../ --disable-shared --without-pic --disable-maintainer-mode

## --------- ##
## Platform. ##
## --------- ##

hostname = ese-akampits-2
uname -m = x86_64
uname -r = 4.15.0-64-generic
uname -s = Linux
uname -v = #73-Ubuntu SMP Thu Sep 12 13:16:13 UTC 2019

/usr/bin/uname -p = unknown
/bin/uname -X     = unknown

/bin/arch              = unknown
/usr/bin/arch -k       = unknown
/usr/convex/getsysinfo = unknown
/usr/bin/hostinfo      = unknown
/bin/machine           = unknown
/usr/bin/oslevel       = unknown
/bin/universe          = unknown

PATH: /usr/local/sbin
PATH: /usr/local/bin
PATH: /usr/sbin
PATH: /usr/bin
PATH: /sbin
PATH: /bin
PATH: /usr/games
PATH: /usr/local/games
PATH: /snap/bin
PATH: /usr/local/bin
PATH: /home/andreas/ShellsScripts
PATH: /home/andreas/Software/gmsh-4.3.0-Linux64/bin
PATH: /home/andreas/Software/meld-3.20.1/bin
PATH: /home/andreas/Software/ParaView-5.6.0-MPI-Linux-64bit/bin
PATH: /home/andreas/Software/pycharm-community-2019.1.3/bin


## ----------- ##
## Core tests. ##
## ----------- ##

configure:2384: checking build system type
configure:2398: result: x86_64-unknown-linux-gnu
configure:2537: checking for C++ compiler version
configure:2546: mpicxx --version >&5
g++ (Ubuntu 7.4.0-1ubuntu1~18.04.1) 7.4.0
Copyright (C) 2017 Free Software Foundation, Inc.
This is free software; see the source for copying conditions.  There is NO
warranty; not even for MERCHANTABILITY or FITNESS FOR A PARTICULAR PURPOSE.

configure:2557: $? = 0
configure:2546: mpicxx -v >&5
Using built-in specs.
COLLECT_GCC=/usr/bin/g++
COLLECT_LTO_WRAPPER=/usr/lib/gcc/x86_64-linux-gnu/7/lto-wrapper
OFFLOAD_TARGET_NAMES=nvptx-none
OFFLOAD_TARGET_DEFAULT=1
Target: x86_64-linux-gnu
Configured with: ../src/configure -v --with-pkgversion='Ubuntu 7.4.0-1ubuntu1~18.04.1' --with-bugurl=file:///usr/share/doc/gcc-7/README.Bugs --enable-languages=c,ada,c++,go,brig,d,fortran,objc,obj-c++ --prefix=/usr --with-gcc-major-version-only --program-suffix=-7 --program-prefix=x86_64-linux-gnu- --enable-shared --enable-linker-build-id --libexecdir=/usr/lib --without-included-gettext --enable-threads=posix --libdir=/usr/lib --enable-nls --with-sysroot=/ --enable-clocale=gnu --enable-libstdcxx-debug --enable-libstdcxx-time=yes --with-default-libstdcxx-abi=new --enable-gnu-unique-object --disable-vtable-verify --enable-libmpx --enable-plugin --enable-default-pie --with-system-zlib --with-target-system-zlib --enable-objc-gc=auto --enable-multiarch --disable-werror --with-arch-32=i686 --with-abi=m64 --with-multilib-list=m32,m64,mx32 --enable-multilib --with-tune=generic --enable-offload-targets=nvptx-none --without-cuda-driver --enable-checking=release --build=x86_64-linux-gnu --host=x86_64-linux-gnu --target=x86_64-linux-gnu
Thread model: posix
gcc version 7.4.0 (Ubuntu 7.4.0-1ubuntu1~18.04.1) 
configure:2557: $? = 0
configure:2546: mpicxx -V >&5
g++: error: unrecognized command line option '-V'
g++: fatal error: no input files
compilation terminated.
configure:2557: $? = 1
configure:2546: mpicxx -qversion >&5
g++: error: unrecognized command line option '-qversion'; did you mean '--version'?
g++: fatal error: no input files
compilation terminated.
configure:2557: $? = 1
configure:2577: checking whether the C++ compiler works
configure:2599: mpicxx -Wall -Wno-long-long -pedantic -std=c++98  -D_GNU_SOURCE  conftest.cpp  >&5
configure:2603: $? = 0
configure:2651: result: yes
configure:2654: checking for C++ compiler default output file name
configure:2656: result: a.out
configure:2662: checking for suffix of executables
configure:2669: mpicxx -o conftest -Wall -Wno-long-long -pedantic -std=c++98  -D_GNU_SOURCE  conftest.cpp  >&5
configure:2673: $? = 0
configure:2695: result: 
configure:2717: checking whether we are cross compiling
configure:2725: mpicxx -o conftest -Wall -Wno-long-long -pedantic -std=c++98  -D_GNU_SOURCE  conftest.cpp  >&5
configure:2729: $? = 0
configure:2736: ./conftest
configure:2740: $? = 0
configure:2755: result: no
configure:2760: checking for suffix of object files
configure:2782: mpicxx -c -Wall -Wno-long-long -pedantic -std=c++98  -D_GNU_SOURCE conftest.cpp >&5
configure:2786: $? = 0
configure:2807: result: o
configure:2811: checking whether we are using the GNU C++ compiler
configure:2830: mpicxx -c -Wall -Wno-long-long -pedantic -std=c++98  -D_GNU_SOURCE conftest.cpp >&5
configure:2830: $? = 0
configure:2839: result: yes
configure:2848: checking whether mpicxx accepts -g
configure:2868: mpicxx -c -g -D_GNU_SOURCE conftest.cpp >&5
configure:2868: $? = 0
configure:2909: result: yes
configure:2937: checking how to run the C++ preprocessor
configure:2964: mpicxx -E -D_GNU_SOURCE conftest.cpp
configure:2964: $? = 0
configure:2978: mpicxx -E -D_GNU_SOURCE conftest.cpp
conftest.cpp:9:10: fatal error: ac_nonexistent.h: No such file or directory
 #include <ac_nonexistent.h>
          ^~~~~~~~~~~~~~~~~~
compilation terminated.
configure:2978: $? = 1
configure: failed program was:
| /* confdefs.h */
| #define PACKAGE_NAME "spatialindex"
| #define PACKAGE_TARNAME "spatialindex-src"
| #define PACKAGE_VERSION "1.8.0"
| #define PACKAGE_STRING "spatialindex 1.8.0"
| #define PACKAGE_BUGREPORT "mhadji@gmail.com"
| #define PACKAGE_URL ""
| /* end confdefs.h.  */
| #include <ac_nonexistent.h>
configure:3003: result: mpicxx -E
configure:3023: mpicxx -E -D_GNU_SOURCE conftest.cpp
configure:3023: $? = 0
configure:3037: mpicxx -E -D_GNU_SOURCE conftest.cpp
conftest.cpp:9:10: fatal error: ac_nonexistent.h: No such file or directory
 #include <ac_nonexistent.h>
          ^~~~~~~~~~~~~~~~~~
compilation terminated.
configure:3037: $? = 1
configure: failed program was:
| /* confdefs.h */
| #define PACKAGE_NAME "spatialindex"
| #define PACKAGE_TARNAME "spatialindex-src"
| #define PACKAGE_VERSION "1.8.0"
| #define PACKAGE_STRING "spatialindex 1.8.0"
| #define PACKAGE_BUGREPORT "mhadji@gmail.com"
| #define PACKAGE_URL ""
| /* end confdefs.h.  */
| #include <ac_nonexistent.h>
configure:3079: checking for a BSD-compatible install
configure:3147: result: /usr/bin/install -c
configure:3158: checking whether ln -s works
configure:3162: result: yes
configure:3169: checking whether make sets $(MAKE)
configure:3191: result: yes
configure:3225: checking host system type
configure:3238: result: x86_64-unknown-linux-gnu
configure:3279: checking how to print strings
configure:3306: result: printf
configure:3378: checking for gcc
configure:3405: result: mpicc
configure:3634: checking for C compiler version
configure:3643: mpicc --version >&5
gcc (Ubuntu 7.4.0-1ubuntu1~18.04.1) 7.4.0
Copyright (C) 2017 Free Software Foundation, Inc.
This is free software; see the source for copying conditions.  There is NO
warranty; not even for MERCHANTABILITY or FITNESS FOR A PARTICULAR PURPOSE.

configure:3654: $? = 0
configure:3643: mpicc -v >&5
Using built-in specs.
COLLECT_GCC=/usr/bin/gcc
COLLECT_LTO_WRAPPER=/usr/lib/gcc/x86_64-linux-gnu/7/lto-wrapper
OFFLOAD_TARGET_NAMES=nvptx-none
OFFLOAD_TARGET_DEFAULT=1
Target: x86_64-linux-gnu
Configured with: ../src/configure -v --with-pkgversion='Ubuntu 7.4.0-1ubuntu1~18.04.1' --with-bugurl=file:///usr/share/doc/gcc-7/README.Bugs --enable-languages=c,ada,c++,go,brig,d,fortran,objc,obj-c++ --prefix=/usr --with-gcc-major-version-only --program-suffix=-7 --program-prefix=x86_64-linux-gnu- --enable-shared --enable-linker-build-id --libexecdir=/usr/lib --without-included-gettext --enable-threads=posix --libdir=/usr/lib --enable-nls --with-sysroot=/ --enable-clocale=gnu --enable-libstdcxx-debug --enable-libstdcxx-time=yes --with-default-libstdcxx-abi=new --enable-gnu-unique-object --disable-vtable-verify --enable-libmpx --enable-plugin --enable-default-pie --with-system-zlib --with-target-system-zlib --enable-objc-gc=auto --enable-multiarch --disable-werror --with-arch-32=i686 --with-abi=m64 --with-multilib-list=m32,m64,mx32 --enable-multilib --with-tune=generic --enable-offload-targets=nvptx-none --without-cuda-driver --enable-checking=release --build=x86_64-linux-gnu --host=x86_64-linux-gnu --target=x86_64-linux-gnu
Thread model: posix
gcc version 7.4.0 (Ubuntu 7.4.0-1ubuntu1~18.04.1) 
configure:3654: $? = 0
configure:3643: mpicc -V >&5
gcc: error: unrecognized command line option '-V'
gcc: fatal error: no input files
compilation terminated.
configure:3654: $? = 1
configure:3643: mpicc -qversion >&5
gcc: error: unrecognized command line option '-qversion'; did you mean '--version'?
gcc: fatal error: no input files
compilation terminated.
configure:3654: $? = 1
configure:3658: checking whether we are using the GNU C compiler
configure:3677: mpicc -c -Wall -Wno-long-long -pedantic  -D_GNU_SOURCE conftest.c >&5
configure:3677: $? = 0
configure:3686: result: yes
configure:3695: checking whether mpicc accepts -g
configure:3715: mpicc -c -g -D_GNU_SOURCE conftest.c >&5
configure:3715: $? = 0
configure:3756: result: yes
configure:3773: checking for mpicc option to accept ISO C89
configure:3836: mpicc  -c -Wall -Wno-long-long -pedantic  -D_GNU_SOURCE conftest.c >&5
configure:3836: $? = 0
configure:3849: result: none needed
configure:3874: checking whether mpicc understands -c and -o together
configure:3896: mpicc -c conftest.c -o conftest2.o
configure:3899: $? = 0
configure:3896: mpicc -c conftest.c -o conftest2.o
configure:3899: $? = 0
configure:3911: result: yes
configure:3928: checking for a sed that does not truncate output
configure:3992: result: /bin/sed
configure:4010: checking for grep that handles long lines and -e
configure:4068: result: /bin/grep
configure:4073: checking for egrep
configure:4135: result: /bin/grep -E
configure:4140: checking for fgrep
configure:4202: result: /bin/grep -F
configure:4237: checking for ld used by mpicc
configure:4304: result: /usr/bin/ld
configure:4311: checking if the linker (/usr/bin/ld) is GNU ld
configure:4326: result: yes
configure:4338: checking for BSD- or MS-compatible name lister (nm)
configure:4387: result: /usr/bin/nm -B
configure:4517: checking the name lister (/usr/bin/nm -B) interface
configure:4524: mpicc -c -Wall -Wno-long-long -pedantic  -D_GNU_SOURCE conftest.c >&5
configure:4527: /usr/bin/nm -B "conftest.o"
configure:4530: output
0000000000000000 B some_variable
configure:4537: result: BSD nm
configure:4541: checking the maximum length of command line arguments
configure:4672: result: 1572864
configure:4689: checking whether the shell understands some XSI constructs
configure:4699: result: yes
configure:4703: checking whether the shell understands "+="
configure:4709: result: yes
configure:4744: checking how to convert x86_64-unknown-linux-gnu file names to x86_64-unknown-linux-gnu format
configure:4784: result: func_convert_file_noop
configure:4791: checking how to convert x86_64-unknown-linux-gnu file names to toolchain format
configure:4811: result: func_convert_file_noop
configure:4818: checking for /usr/bin/ld option to reload object files
configure:4825: result: -r
configure:4899: checking for objdump
configure:4915: found /usr/bin/objdump
configure:4926: result: objdump
configure:4958: checking how to recognize dependent libraries
configure:5156: result: pass_all
configure:5241: checking for dlltool
configure:5271: result: no
configure:5301: checking how to associate runtime and link libraries
configure:5328: result: printf %s\n
configure:5389: checking for ar
configure:5405: found /usr/bin/ar
configure:5416: result: ar
configure:5453: checking for archiver @FILE support
configure:5470: mpicc -c -Wall -Wno-long-long -pedantic  -D_GNU_SOURCE conftest.c >&5
configure:5470: $? = 0
configure:5473: ar cru libconftest.a @conftest.lst >&5
ar: `u' modifier ignored since `D' is the default (see `U')
configure:5476: $? = 0
configure:5481: ar cru libconftest.a @conftest.lst >&5
ar: `u' modifier ignored since `D' is the default (see `U')
ar: conftest.o: No such file or directory
configure:5484: $? = 1
configure:5496: result: @
configure:5554: checking for strip
configure:5570: found /usr/bin/strip
configure:5581: result: strip
configure:5653: checking for ranlib
configure:5669: found /usr/bin/ranlib
configure:5680: result: ranlib
configure:5757: checking for gawk
configure:5773: found /usr/bin/gawk
configure:5784: result: gawk
configure:5824: checking command to parse /usr/bin/nm -B output from mpicc object
configure:5944: mpicc -c -Wall -Wno-long-long -pedantic  -D_GNU_SOURCE conftest.c >&5
configure:5947: $? = 0
configure:5951: /usr/bin/nm -B conftest.o \| sed -n -e 's/^.*[ ]\([ABCDGIRSTW][ABCDGIRSTW]*\)[ ][ ]*\([_A-Za-z][_A-Za-z0-9]*\)$/\1 \2 \2/p' | sed '/ __gnu_lto/d' \> conftest.nm
configure:5954: $? = 0
configure:6020: mpicc -o conftest -Wall -Wno-long-long -pedantic  -D_GNU_SOURCE  conftest.c conftstm.o >&5
conftest.c:29:20: warning: ISO C forbids conversion of function pointer to object pointer type [-Wpedantic]
   {"nm_test_func", (void *) &nm_test_func},
                    ^
configure:6023: $? = 0
configure:6061: result: ok
configure:6098: checking for sysroot
configure:6128: result: no
configure:6205: mpicc -c -Wall -Wno-long-long -pedantic  -D_GNU_SOURCE conftest.c >&5
configure:6208: $? = 0
configure:6397: checking for mt
configure:6413: found /bin/mt
configure:6424: result: mt
configure:6447: checking if mt is a manifest tool
configure:6453: mt '-?'
configure:6461: result: no
configure:7103: checking how to run the C preprocessor
configure:7134: mpicc -E -D_GNU_SOURCE conftest.c
configure:7134: $? = 0
configure:7148: mpicc -E -D_GNU_SOURCE conftest.c
conftest.c:9:10: fatal error: ac_nonexistent.h: No such file or directory
 #include <ac_nonexistent.h>
          ^~~~~~~~~~~~~~~~~~
compilation terminated.
configure:7148: $? = 1
configure: failed program was:
| /* confdefs.h */
| #define PACKAGE_NAME "spatialindex"
| #define PACKAGE_TARNAME "spatialindex-src"
| #define PACKAGE_VERSION "1.8.0"
| #define PACKAGE_STRING "spatialindex 1.8.0"
| #define PACKAGE_BUGREPORT "mhadji@gmail.com"
| #define PACKAGE_URL ""
| /* end confdefs.h.  */
| #include <ac_nonexistent.h>
configure:7173: result: mpicc -E
configure:7193: mpicc -E -D_GNU_SOURCE conftest.c
configure:7193: $? = 0
configure:7207: mpicc -E -D_GNU_SOURCE conftest.c
conftest.c:9:10: fatal error: ac_nonexistent.h: No such file or directory
 #include <ac_nonexistent.h>
          ^~~~~~~~~~~~~~~~~~
compilation terminated.
configure:7207: $? = 1
configure: failed program was:
| /* confdefs.h */
| #define PACKAGE_NAME "spatialindex"
| #define PACKAGE_TARNAME "spatialindex-src"
| #define PACKAGE_VERSION "1.8.0"
| #define PACKAGE_STRING "spatialindex 1.8.0"
| #define PACKAGE_BUGREPORT "mhadji@gmail.com"
| #define PACKAGE_URL ""
| /* end confdefs.h.  */
| #include <ac_nonexistent.h>
configure:7236: checking for ANSI C header files
configure:7256: mpicc -c -Wall -Wno-long-long -pedantic  -D_GNU_SOURCE conftest.c >&5
configure:7256: $? = 0
configure:7329: mpicc -o conftest -Wall -Wno-long-long -pedantic  -D_GNU_SOURCE  conftest.c  >&5
configure:7329: $? = 0
configure:7329: ./conftest
configure:7329: $? = 0
configure:7340: result: yes
configure:7353: checking for sys/types.h
configure:7353: mpicc -c -Wall -Wno-long-long -pedantic  -D_GNU_SOURCE conftest.c >&5
configure:7353: $? = 0
configure:7353: result: yes
configure:7353: checking for sys/stat.h
configure:7353: mpicc -c -Wall -Wno-long-long -pedantic  -D_GNU_SOURCE conftest.c >&5
configure:7353: $? = 0
configure:7353: result: yes
configure:7353: checking for stdlib.h
configure:7353: mpicc -c -Wall -Wno-long-long -pedantic  -D_GNU_SOURCE conftest.c >&5
configure:7353: $? = 0
configure:7353: result: yes
configure:7353: checking for string.h
configure:7353: mpicc -c -Wall -Wno-long-long -pedantic  -D_GNU_SOURCE conftest.c >&5
configure:7353: $? = 0
configure:7353: result: yes
configure:7353: checking for memory.h
configure:7353: mpicc -c -Wall -Wno-long-long -pedantic  -D_GNU_SOURCE conftest.c >&5
configure:7353: $? = 0
configure:7353: result: yes
configure:7353: checking for strings.h
configure:7353: mpicc -c -Wall -Wno-long-long -pedantic  -D_GNU_SOURCE conftest.c >&5
configure:7353: $? = 0
configure:7353: result: yes
configure:7353: checking for inttypes.h
configure:7353: mpicc -c -Wall -Wno-long-long -pedantic  -D_GNU_SOURCE conftest.c >&5
configure:7353: $? = 0
configure:7353: result: yes
configure:7353: checking for stdint.h
configure:7353: mpicc -c -Wall -Wno-long-long -pedantic  -D_GNU_SOURCE conftest.c >&5
configure:7353: $? = 0
configure:7353: result: yes
configure:7353: checking for unistd.h
configure:7353: mpicc -c -Wall -Wno-long-long -pedantic  -D_GNU_SOURCE conftest.c >&5
configure:7353: $? = 0
configure:7353: result: yes
configure:7367: checking for dlfcn.h
configure:7367: mpicc -c -Wall -Wno-long-long -pedantic  -D_GNU_SOURCE conftest.c >&5
configure:7367: $? = 0
configure:7367: result: yes
configure:7584: checking for objdir
configure:7599: result: .libs
configure:7866: checking if mpicc supports -fno-rtti -fno-exceptions
configure:7884: mpicc -c -Wall -Wno-long-long -pedantic  -D_GNU_SOURCE -fno-rtti -fno-exceptions conftest.c >&5
cc1: warning: command line option '-fno-rtti' is valid for C++/ObjC++ but not for C
configure:7888: $? = 0
configure:7901: result: no
configure:8228: checking for mpicc option to produce PIC
configure:8235: result: -fPIC -DPIC
configure:8243: checking if mpicc PIC flag -fPIC -DPIC works
configure:8261: mpicc -c -Wall -Wno-long-long -pedantic  -D_GNU_SOURCE -fPIC -DPIC -DPIC conftest.c >&5
configure:8265: $? = 0
configure:8278: result: yes
configure:8307: checking if mpicc static flag -static works
configure:8335: result: no
configure:8350: checking if mpicc supports -c -o file.o
configure:8371: mpicc -c -Wall -Wno-long-long -pedantic  -D_GNU_SOURCE -o out/conftest2.o conftest.c >&5
configure:8375: $? = 0
configure:8397: result: yes
configure:8405: checking if mpicc supports -c -o file.o
configure:8452: result: yes
configure:8485: checking whether the mpicc linker (/usr/bin/ld -m elf_x86_64) supports shared libraries
configure:9642: result: yes
configure:9882: checking dynamic linker characteristics
configure:10382: mpicc -o conftest -Wall -Wno-long-long -pedantic  -D_GNU_SOURCE  -Wl,-rpath -Wl,/foo conftest.c  >&5
configure:10382: $? = 0
configure:10616: result: GNU/Linux ld.so
configure:10723: checking how to hardcode library paths into programs
configure:10748: result: immediate
configure:11288: checking whether stripping libraries is possible
configure:11293: result: yes
configure:11328: checking if libtool supports shared libraries
configure:11330: result: yes
configure:11333: checking whether to build shared libraries
configure:11354: result: no
configure:11357: checking whether to build static libraries
configure:11361: result: yes
configure:11384: checking how to run the C++ preprocessor
configure:11450: result: mpicxx -E
configure:11470: mpicxx -E -D_GNU_SOURCE conftest.cpp
configure:11470: $? = 0
configure:11484: mpicxx -E -D_GNU_SOURCE conftest.cpp
conftest.cpp:21:10: fatal error: ac_nonexistent.h: No such file or directory
 #include <ac_nonexistent.h>
          ^~~~~~~~~~~~~~~~~~
compilation terminated.
configure:11484: $? = 1
configure: failed program was:
| /* confdefs.h */
| #define PACKAGE_NAME "spatialindex"
| #define PACKAGE_TARNAME "spatialindex-src"
| #define PACKAGE_VERSION "1.8.0"
| #define PACKAGE_STRING "spatialindex 1.8.0"
| #define PACKAGE_BUGREPORT "mhadji@gmail.com"
| #define PACKAGE_URL ""
| #define STDC_HEADERS 1
| #define HAVE_SYS_TYPES_H 1
| #define HAVE_SYS_STAT_H 1
| #define HAVE_STDLIB_H 1
| #define HAVE_STRING_H 1
| #define HAVE_MEMORY_H 1
| #define HAVE_STRINGS_H 1
| #define HAVE_INTTYPES_H 1
| #define HAVE_STDINT_H 1
| #define HAVE_UNISTD_H 1
| #define HAVE_DLFCN_H 1
| #define LT_OBJDIR ".libs/"
| /* end confdefs.h.  */
| #include <ac_nonexistent.h>
configure:11653: checking for ld used by mpicxx
configure:11720: result: /usr/bin/ld -m elf_x86_64
configure:11727: checking if the linker (/usr/bin/ld -m elf_x86_64) is GNU ld
configure:11742: result: yes
configure:11797: checking whether the mpicxx linker (/usr/bin/ld -m elf_x86_64) supports shared libraries
configure:12799: result: yes
configure:12835: mpicxx -c -Wall -Wno-long-long -pedantic -std=c++98  -D_GNU_SOURCE conftest.cpp >&5
configure:12838: $? = 0
configure:13358: checking for mpicxx option to produce PIC
configure:13365: result: -fPIC -DPIC
configure:13373: checking if mpicxx PIC flag -fPIC -DPIC works
configure:13391: mpicxx -c -Wall -Wno-long-long -pedantic -std=c++98  -D_GNU_SOURCE -fPIC -DPIC -DPIC conftest.cpp >&5
configure:13395: $? = 0
configure:13408: result: yes
configure:13431: checking if mpicxx static flag -static works
configure:13459: result: no
configure:13471: checking if mpicxx supports -c -o file.o
configure:13492: mpicxx -c -Wall -Wno-long-long -pedantic -std=c++98  -D_GNU_SOURCE -o out/conftest2.o conftest.cpp >&5
configure:13496: $? = 0
configure:13518: result: yes
configure:13523: checking if mpicxx supports -c -o file.o
configure:13570: result: yes
configure:13600: checking whether the mpicxx linker (/usr/bin/ld -m elf_x86_64) supports shared libraries
configure:13639: result: yes
configure:13780: checking dynamic linker characteristics
configure:14448: result: GNU/Linux ld.so
configure:14501: checking how to hardcode library paths into programs
configure:14526: result: immediate
configure:14589: checking whether build environment is sane
configure:14644: result: yes
configure:14679: WARNING: 'missing' script is too old or missing
configure:14792: checking for a thread-safe mkdir -p
configure:14831: result: /bin/mkdir -p
configure:14855: checking for style of include used by make
configure:14883: result: GNU
configure:14917: checking whether make supports nested variables
configure:14934: result: yes
configure:15019: checking dependency style of mpicc
configure:15130: result: gcc3
configure:15147: checking dependency style of mpicxx
configure:15258: result: gcc3
configure:15316: checking whether to enable maintainer-specific portions of Makefiles
configure:15325: result: no
configure:15342: checking fcntl.h usability
configure:15342: mpicc -c -Wall -Wno-long-long -pedantic  -D_GNU_SOURCE conftest.c >&5
configure:15342: $? = 0
configure:15342: result: yes
configure:15342: checking fcntl.h presence
configure:15342: mpicc -E -D_GNU_SOURCE conftest.c
configure:15342: $? = 0
configure:15342: result: yes
configure:15342: checking for fcntl.h
configure:15342: result: yes
configure:15356: checking for unistd.h
configure:15356: result: yes
configure:15370: checking for sys/types.h
configure:15370: result: yes
configure:15384: checking for sys/stat.h
configure:15384: result: yes
configure:15399: checking pthread.h usability
configure:15399: mpicc -c -Wall -Wno-long-long -pedantic  -D_GNU_SOURCE conftest.c >&5
configure:15399: $? = 0
configure:15399: result: yes
configure:15399: checking pthread.h presence
configure:15399: mpicc -E -D_GNU_SOURCE conftest.c
configure:15399: $? = 0
configure:15399: result: yes
configure:15399: checking for pthread.h
configure:15399: result: yes
configure:15415: checking sys/resource.h usability
configure:15415: mpicc -c -Wall -Wno-long-long -pedantic  -D_GNU_SOURCE conftest.c >&5
configure:15415: $? = 0
configure:15415: result: yes
configure:15415: checking sys/resource.h presence
configure:15415: mpicc -E -D_GNU_SOURCE conftest.c
configure:15415: $? = 0
configure:15415: result: yes
configure:15415: checking for sys/resource.h
configure:15415: result: yes
configure:15429: checking sys/time.h usability
configure:15429: mpicc -c -Wall -Wno-long-long -pedantic  -D_GNU_SOURCE conftest.c >&5
configure:15429: $? = 0
configure:15429: result: yes
configure:15429: checking sys/time.h presence
configure:15429: mpicc -E -D_GNU_SOURCE conftest.c
configure:15429: $? = 0
configure:15429: result: yes
configure:15429: checking for sys/time.h
configure:15429: result: yes
configure:15443: checking for stdint.h
configure:15443: result: yes
configure:15457: checking features.h usability
configure:15457: mpicc -c -Wall -Wno-long-long -pedantic  -D_GNU_SOURCE conftest.c >&5
configure:15457: $? = 0
configure:15457: result: yes
configure:15457: checking features.h presence
configure:15457: mpicc -E -D_GNU_SOURCE conftest.c
configure:15457: $? = 0
configure:15457: result: yes
configure:15457: checking for features.h
configure:15457: result: yes
configure:15486: result: checking wether debug information is enabled... no
configure:15494: checking for gettimeofday
configure:15494: mpicc -o conftest -Wall -Wno-long-long -pedantic  -D_GNU_SOURCE  conftest.c  -lpthread >&5
configure:15494: $? = 0
configure:15494: result: yes
configure:15494: checking for memset
configure:15494: mpicc -o conftest -Wall -Wno-long-long -pedantic  -D_GNU_SOURCE  conftest.c  -lpthread >&5
conftest.c:56:6: warning: conflicting types for built-in function 'memset' [-Wbuiltin-declaration-mismatch]
 char memset ();
      ^~~~~~
configure:15494: $? = 0
configure:15494: result: yes
configure:15494: checking for memcpy
configure:15494: mpicc -o conftest -Wall -Wno-long-long -pedantic  -D_GNU_SOURCE  conftest.c  -lpthread >&5
conftest.c:57:6: warning: conflicting types for built-in function 'memcpy' [-Wbuiltin-declaration-mismatch]
 char memcpy ();
      ^~~~~~
configure:15494: $? = 0
configure:15494: result: yes
configure:15494: checking for bcopy
configure:15494: mpicc -o conftest -Wall -Wno-long-long -pedantic  -D_GNU_SOURCE  conftest.c  -lpthread >&5
conftest.c:58:6: warning: conflicting types for built-in function 'bcopy' [-Wbuiltin-declaration-mismatch]
 char bcopy ();
      ^~~~~
configure:15494: $? = 0
configure:15494: result: yes
configure:15494: checking for srand48
configure:15494: mpicc -o conftest -Wall -Wno-long-long -pedantic  -D_GNU_SOURCE  conftest.c  -lpthread >&5
configure:15494: $? = 0
configure:15494: result: yes
configure:15661: checking that generated files are newer than configure
configure:15667: result: done
configure:15702: creating ./config.status

## ---------------------- ##
## Running config.status. ##
## ---------------------- ##

This file was extended by spatialindex config.status 1.8.0, which was
generated by GNU Autoconf 2.69.  Invocation command line was

  CONFIG_FILES    = 
  CONFIG_HEADERS  = 
  CONFIG_LINKS    = 
  CONFIG_COMMANDS = 
  $ ./config.status 

on ese-akampits-2

config.status:1086: creating Makefile
config.status:1086: creating include/Makefile
config.status:1086: creating src/Makefile
config.status:1086: creating src/libspatialindex.pc
config.status:1086: creating src/capi/Makefile
config.status:1086: creating src/spatialindex/Makefile
config.status:1086: creating src/storagemanager/Makefile
config.status:1086: creating src/rtree/Makefile
config.status:1086: creating src/mvrtree/Makefile
config.status:1086: creating src/tprtree/Makefile
config.status:1086: creating src/tools/Makefile
config.status:1086: creating test/Makefile
config.status:1086: creating test/rtree/Makefile
config.status:1086: creating test/mvrtree/Makefile
config.status:1086: creating test/tprtree/Makefile
config.status:1258: executing libtool commands
config.status:1258: executing depfiles commands

## ---------------- ##
## Cache variables. ##
## ---------------- ##

ac_cv_build=x86_64-unknown-linux-gnu
ac_cv_c_compiler_gnu=yes
ac_cv_cxx_compiler_gnu=yes
ac_cv_env_CCC_set=
ac_cv_env_CCC_value=
ac_cv_env_CC_set=set
ac_cv_env_CC_value=mpicc
ac_cv_env_CFLAGS_set=set
ac_cv_env_CFLAGS_value=
ac_cv_env_CPPFLAGS_set=set
ac_cv_env_CPPFLAGS_value=-D_GNU_SOURCE
ac_cv_env_CPP_set=
ac_cv_env_CPP_value=
ac_cv_env_CXXCPP_set=
ac_cv_env_CXXCPP_value=
ac_cv_env_CXXFLAGS_set=set
ac_cv_env_CXXFLAGS_value=
ac_cv_env_CXX_set=set
ac_cv_env_CXX_value=mpicxx
ac_cv_env_LDFLAGS_set=
ac_cv_env_LDFLAGS_value=
ac_cv_env_LIBS_set=set
ac_cv_env_LIBS_value=
ac_cv_env_build_alias_set=
ac_cv_env_build_alias_value=
ac_cv_env_host_alias_set=
ac_cv_env_host_alias_value=
ac_cv_env_target_alias_set=
ac_cv_env_target_alias_value=
ac_cv_func_bcopy=yes
ac_cv_func_gettimeofday=yes
ac_cv_func_memcpy=yes
ac_cv_func_memset=yes
ac_cv_func_srand48=yes
ac_cv_header_dlfcn_h=yes
ac_cv_header_fcntl_h=yes
ac_cv_header_features_h=yes
ac_cv_header_inttypes_h=yes
ac_cv_header_memory_h=yes
ac_cv_header_pthread_h=yes
ac_cv_header_stdc=yes
ac_cv_header_stdint_h=yes
ac_cv_header_stdlib_h=yes
ac_cv_header_string_h=yes
ac_cv_header_strings_h=yes
ac_cv_header_sys_resource_h=yes
ac_cv_header_sys_stat_h=yes
ac_cv_header_sys_time_h=yes
ac_cv_header_sys_types_h=yes
ac_cv_header_unistd_h=yes
ac_cv_host=x86_64-unknown-linux-gnu
ac_cv_objext=o
ac_cv_path_EGREP='/bin/grep -E'
ac_cv_path_FGREP='/bin/grep -F'
ac_cv_path_GREP=/bin/grep
ac_cv_path_SED=/bin/sed
ac_cv_path_install='/usr/bin/install -c'
ac_cv_path_mkdir=/bin/mkdir
ac_cv_prog_AWK=gawk
ac_cv_prog_CPP='mpicc -E'
ac_cv_prog_CXXCPP='mpicxx -E'
ac_cv_prog_ac_ct_AR=ar
ac_cv_prog_ac_ct_CC=mpicc
ac_cv_prog_ac_ct_MANIFEST_TOOL=mt
ac_cv_prog_ac_ct_OBJDUMP=objdump
ac_cv_prog_ac_ct_RANLIB=ranlib
ac_cv_prog_ac_ct_STRIP=strip
ac_cv_prog_cc_c89=
ac_cv_prog_cc_g=yes
ac_cv_prog_cxx_g=yes
ac_cv_prog_make_make_set=yes
am_cv_CC_dependencies_compiler_type=gcc3
am_cv_CXX_dependencies_compiler_type=gcc3
am_cv_make_support_nested_variables=yes
am_cv_prog_cc_c_o=yes
lt_cv_ar_at_file=@
lt_cv_deplibs_check_method=pass_all
lt_cv_file_magic_cmd='$MAGIC_CMD'
lt_cv_file_magic_test_file=
lt_cv_ld_reload_flag=-r
lt_cv_nm_interface='BSD nm'
lt_cv_objdir=.libs
lt_cv_path_LD=/usr/bin/ld
lt_cv_path_LDCXX='/usr/bin/ld -m elf_x86_64'
lt_cv_path_NM='/usr/bin/nm -B'
lt_cv_path_mainfest_tool=no
lt_cv_prog_compiler_c_o=yes
lt_cv_prog_compiler_c_o_CXX=yes
lt_cv_prog_compiler_pic='-fPIC -DPIC'
lt_cv_prog_compiler_pic_CXX='-fPIC -DPIC'
lt_cv_prog_compiler_pic_works=yes
lt_cv_prog_compiler_pic_works_CXX=yes
lt_cv_prog_compiler_rtti_exceptions=no
lt_cv_prog_compiler_static_works=no
lt_cv_prog_compiler_static_works_CXX=no
lt_cv_prog_gnu_ld=yes
lt_cv_prog_gnu_ldcxx=yes
lt_cv_sharedlib_from_linklib_cmd='printf %s\n'
lt_cv_shlibpath_overrides_runpath=yes
lt_cv_sys_global_symbol_pipe='sed -n -e '\''s/^.*[	 ]\([ABCDGIRSTW][ABCDGIRSTW]*\)[	 ][	 ]*\([_A-Za-z][_A-Za-z0-9]*\)$/\1 \2 \2/p'\'' | sed '\''/ __gnu_lto/d'\'''
lt_cv_sys_global_symbol_to_c_name_address='sed -n -e '\''s/^: \([^ ]*\)[ ]*$/  {\"\1\", (void *) 0},/p'\'' -e '\''s/^[ABCDGIRSTW]* \([^ ]*\) \([^ ]*\)$/  {"\2", (void *) \&\2},/p'\'''
lt_cv_sys_global_symbol_to_c_name_address_lib_prefix='sed -n -e '\''s/^: \([^ ]*\)[ ]*$/  {\"\1\", (void *) 0},/p'\'' -e '\''s/^[ABCDGIRSTW]* \([^ ]*\) \(lib[^ ]*\)$/  {"\2", (void *) \&\2},/p'\'' -e '\''s/^[ABCDGIRSTW]* \([^ ]*\) \([^ ]*\)$/  {"lib\2", (void *) \&\2},/p'\'''
lt_cv_sys_global_symbol_to_cdecl='sed -n -e '\''s/^T .* \(.*\)$/extern int \1();/p'\'' -e '\''s/^[ABCDGIRSTW]* .* \(.*\)$/extern char \1;/p'\'''
lt_cv_sys_max_cmd_len=1572864
lt_cv_to_host_file_cmd=func_convert_file_noop
lt_cv_to_tool_file_cmd=func_convert_file_noop

## ----------------- ##
## Output variables. ##
## ----------------- ##

ACLOCAL='aclocal-1.14'
AMDEPBACKSLASH='\'
AMDEP_FALSE='#'
AMDEP_TRUE=''
AMTAR='$${TAR-tar}'
AM_BACKSLASH='\'
AM_DEFAULT_V='$(AM_DEFAULT_VERBOSITY)'
AM_DEFAULT_VERBOSITY='1'
AM_V='$(V)'
AR='ar'
AUTOCONF='autoconf'
AUTOHEADER='autoheader'
AUTOMAKE='automake-1.14'
AWK='gawk'
CC='mpicc'
CCDEPMODE='depmode=gcc3'
CFLAGS='-Wall -Wno-long-long -pedantic '
CPP='mpicc -E'
CPPFLAGS='-D_GNU_SOURCE'
CXX='mpicxx'
CXXCPP='mpicxx -E'
CXXDEPMODE='depmode=gcc3'
CXXFLAGS='-Wall -Wno-long-long -pedantic -std=c++98  -O2 -DNDEBUG'
CYGPATH_W='echo'
DEFS='-DPACKAGE_NAME=\"spatialindex\" -DPACKAGE_TARNAME=\"spatialindex-src\" -DPACKAGE_VERSION=\"1.8.0\" -DPACKAGE_STRING=\"spatialindex\ 1.8.0\" -DPACKAGE_BUGREPORT=\"mhadji@gmail.com\" -DPACKAGE_URL=\"\" -DSTDC_HEADERS=1 -DHAVE_SYS_TYPES_H=1 -DHAVE_SYS_STAT_H=1 -DHAVE_STDLIB_H=1 -DHAVE_STRING_H=1 -DHAVE_MEMORY_H=1 -DHAVE_STRINGS_H=1 -DHAVE_INTTYPES_H=1 -DHAVE_STDINT_H=1 -DHAVE_UNISTD_H=1 -DHAVE_DLFCN_H=1 -DLT_OBJDIR=\".libs/\" -DPACKAGE=\"spatialindex-src\" -DVERSION=\"1.8.0\" -DHAVE_FCNTL_H=1 -DHAVE_UNISTD_H=1 -DHAVE_SYS_TYPES_H=1 -DHAVE_SYS_STAT_H=1 -DHAVE_PTHREAD_H=1 -DHAVE_SYS_RESOURCE_H=1 -DHAVE_SYS_TIME_H=1 -DHAVE_STDINT_H=1 -DHAVE_FEATURES_H=1 -DHAVE_GETTIMEOFDAY=1 -DHAVE_MEMSET=1 -DHAVE_MEMCPY=1 -DHAVE_BCOPY=1 -DHAVE_SRAND48=1'
DEPDIR='.deps'
DLLTOOL='false'
DSYMUTIL=''
DUMPBIN=''
ECHO_C=''
ECHO_N='-n'
ECHO_T=''
EGREP='/bin/grep -E'
EXEEXT=''
FGREP='/bin/grep -F'
GREP='/bin/grep'
INSTALL_DATA='${INSTALL} -m 644'
INSTALL_PROGRAM='${INSTALL}'
INSTALL_SCRIPT='${INSTALL}'
INSTALL_STRIP_PROGRAM='$(install_sh) -c -s'
LD='/usr/bin/ld -m elf_x86_64'
LDFLAGS=''
LIBOBJS=''
LIBS=' -lpthread'
LIBTOOL='$(SHELL) $(top_builddir)/libtool'
LIPO=''
LN_S='ln -s'
LTLIBOBJS=''
MAINT='#'
MAINTAINER_MODE_FALSE=''
MAINTAINER_MODE_TRUE='#'
MAKEINFO='makeinfo'
MANIFEST_TOOL=':'
MKDIR_P='/bin/mkdir -p'
NM='/usr/bin/nm -B'
NMEDIT=''
OBJDUMP='objdump'
OBJEXT='o'
OTOOL64=''
OTOOL=''
PACKAGE='spatialindex-src'
PACKAGE_BUGREPORT='mhadji@gmail.com'
PACKAGE_NAME='spatialindex'
PACKAGE_STRING='spatialindex 1.8.0'
PACKAGE_TARNAME='spatialindex-src'
PACKAGE_URL=''
PACKAGE_VERSION='1.8.0'
PATH_SEPARATOR=':'
RAND_IS_CONFIG_FALSE=''
RAND_IS_CONFIG_TRUE='#'
RANLIB='ranlib'
SED='/bin/sed'
SET_MAKE=''
SHELL='/bin/bash'
STRIP='strip'
VERSION='1.8.0'
ac_ct_AR='ar'
ac_ct_CC='mpicc'
ac_ct_CXX=''
ac_ct_DUMPBIN=''
am__EXEEXT_FALSE=''
am__EXEEXT_TRUE='#'
am__fastdepCC_FALSE='#'
am__fastdepCC_TRUE=''
am__fastdepCXX_FALSE='#'
am__fastdepCXX_TRUE=''
am__include='include'
am__isrc=''
am__leading_dot='.'
am__nodep='_no'
am__quote=''
am__tar='$${TAR-tar} chof - "$$tardir"'
am__untar='$${TAR-tar} xf -'
bindir='${exec_prefix}/bin'
build='x86_64-unknown-linux-gnu'
build_alias=''
build_cpu='x86_64'
build_os='linux-gnu'
build_vendor='unknown'
datadir='${datarootdir}'
datarootdir='${prefix}/share'
docdir='${datarootdir}/doc/${PACKAGE_TARNAME}'
dvidir='${docdir}'
exec_prefix='${prefix}'
host='x86_64-unknown-linux-gnu'
host_alias=''
host_cpu='x86_64'
host_os='linux-gnu'
host_vendor='unknown'
htmldir='${docdir}'
includedir='${prefix}/include'
infodir='${datarootdir}/info'
install_sh='${SHELL} /home/andreas/Documents/MultiFluids_Dev/spatialindex-1.8.0/install-sh'
libdir='${exec_prefix}/lib'
libexecdir='${exec_prefix}/libexec'
localedir='${datarootdir}/locale'
localstatedir='${prefix}/var'
mandir='${datarootdir}/man'
mkdir_p='$(MKDIR_P)'
oldincludedir='/usr/include'
pdfdir='${docdir}'
prefix='/home/andreas/Documents/MultiFluids_Dev/spatialindex-1.8.0/..'
program_transform_name='s,x,x,'
psdir='${docdir}'
sbindir='${exec_prefix}/sbin'
sharedstatedir='${prefix}/com'
sysconfdir='${prefix}/etc'
target_alias=''

## ----------- ##
## confdefs.h. ##
## ----------- ##

/* confdefs.h */
#define PACKAGE_NAME "spatialindex"
#define PACKAGE_TARNAME "spatialindex-src"
#define PACKAGE_VERSION "1.8.0"
#define PACKAGE_STRING "spatialindex 1.8.0"
#define PACKAGE_BUGREPORT "mhadji@gmail.com"
#define PACKAGE_URL ""
#define STDC_HEADERS 1
#define HAVE_SYS_TYPES_H 1
#define HAVE_SYS_STAT_H 1
#define HAVE_STDLIB_H 1
#define HAVE_STRING_H 1
#define HAVE_MEMORY_H 1
#define HAVE_STRINGS_H 1
#define HAVE_INTTYPES_H 1
#define HAVE_STDINT_H 1
#define HAVE_UNISTD_H 1
#define HAVE_DLFCN_H 1
#define LT_OBJDIR ".libs/"
#define PACKAGE "spatialindex-src"
#define VERSION "1.8.0"
#define HAVE_FCNTL_H 1
#define HAVE_UNISTD_H 1
#define HAVE_SYS_TYPES_H 1
#define HAVE_SYS_STAT_H 1
#define HAVE_PTHREAD_H 1
#define HAVE_SYS_RESOURCE_H 1
#define HAVE_SYS_TIME_H 1
#define HAVE_STDINT_H 1
#define HAVE_FEATURES_H 1
#define HAVE_GETTIMEOFDAY 1
#define HAVE_MEMSET 1
#define HAVE_MEMCPY 1
#define HAVE_BCOPY 1
#define HAVE_SRAND48 1

configure: exit 0
